Performing C SOURCE FILE Test HAVE_GCC_PREFERRED_STACK_BOUNDARY failed with the following output:
Change Dir: /Users/qkdreyer/Dev/heaps-android/heaps-android-app/heapsapp/.externalNativeBuild/cmake/release/x86/CMakeFiles/CMakeTmp

Run Build Command:"/Users/qkdreyer/Library/Android/sdk/cmake/3.10.2.4988404/bin/ninja" "cmTC_84f37"
[1/2] Building C object CMakeFiles/cmTC_84f37.dir/src.c.o
FAILED: CMakeFiles/cmTC_84f37.dir/src.c.o 
/Users/qkdreyer/Library/Android/sdk/ndk/21.3.6528147/toolchains/llvm/prebuilt/darwin-x86_64/bin/clang --target=i686-none-linux-android19 --gcc-toolchain=/Users/qkdreyer/Library/Android/sdk/ndk/21.3.6528147/toolchains/llvm/prebuilt/darwin-x86_64 --sysroot=/Users/qkdreyer/Library/Android/sdk/ndk/21.3.6528147/toolchains/llvm/prebuilt/darwin-x86_64/sysroot   -g -DANDROID -fdata-sections -ffunction-sections -funwind-tables -fstack-protector-strong -no-canonical-prefixes -mstackrealign -D_FORTIFY_SOURCE=2 -Wformat -Werror=format-security  -idirafter /Users/qkdreyer/Dev/heaps-android/sdl2/src/video/khronos -DHAVE_GCC_PREFERRED_STACK_BOUNDARY -mpreferred-stack-boundary=2 -fPIE -o CMakeFiles/cmTC_84f37.dir/src.c.o   -c src.c
clang: error: unknown argument: '-mpreferred-stack-boundary=2'
ninja: build stopped: subcommand failed.

Source file was:
int x = 0; int main(int argc, char **argv) {}
Performing C SOURCE FILE Test HAVE_ALTIVEC_H_HDR failed with the following output:
Change Dir: /Users/qkdreyer/Dev/heaps-android/heaps-android-app/heapsapp/.externalNativeBuild/cmake/release/x86/CMakeFiles/CMakeTmp

Run Build Command:"/Users/qkdreyer/Library/Android/sdk/cmake/3.10.2.4988404/bin/ninja" "cmTC_cb578"
[1/2] Building C object CMakeFiles/cmTC_cb578.dir/src.c.o
FAILED: CMakeFiles/cmTC_cb578.dir/src.c.o 
/Users/qkdreyer/Library/Android/sdk/ndk/21.3.6528147/toolchains/llvm/prebuilt/darwin-x86_64/bin/clang --target=i686-none-linux-android19 --gcc-toolchain=/Users/qkdreyer/Library/Android/sdk/ndk/21.3.6528147/toolchains/llvm/prebuilt/darwin-x86_64 --sysroot=/Users/qkdreyer/Library/Android/sdk/ndk/21.3.6528147/toolchains/llvm/prebuilt/darwin-x86_64/sysroot   -g -DANDROID -fdata-sections -ffunction-sections -funwind-tables -fstack-protector-strong -no-canonical-prefixes -mstackrealign -D_FORTIFY_SOURCE=2 -Wformat -Werror=format-security  -idirafter /Users/qkdreyer/Dev/heaps-android/sdl2/src/video/khronos -DHAVE_ALTIVEC_H_HDR -maltivec -fPIE -o CMakeFiles/cmTC_cb578.dir/src.c.o   -c src.c
clang: warning: argument unused during compilation: '-maltivec' [-Wunused-command-line-argument]
In file included from src.c:2:
/Users/qkdreyer/Library/Android/sdk/ndk/21.3.6528147/toolchains/llvm/prebuilt/darwin-x86_64/lib64/clang/9.0.8/include/altivec.h:13:2: error: "AltiVec support not enabled"
#error "AltiVec support not enabled"
 ^
/Users/qkdreyer/Library/Android/sdk/ndk/21.3.6528147/toolchains/llvm/prebuilt/darwin-x86_64/lib64/clang/9.0.8/include/altivec.h:48:19: error: unknown type name 'vector'
static __inline__ vector signed char __ATTRS_o_ai vec_perm(
                  ^
/Users/qkdreyer/Library/Android/sdk/ndk/21.3.6528147/toolchains/llvm/prebuilt/darwin-x86_64/lib64/clang/9.0.8/include/altivec.h:49:5: error: unknown type name 'vector'
    vector signed char __a, vector signed char __b, vector unsigned char __c);
    ^
/Users/qkdreyer/Library/Android/sdk/ndk/21.3.6528147/toolchains/llvm/prebuilt/darwin-x86_64/lib64/clang/9.0.8/include/altivec.h:49:29: error: unknown type name 'vector'
    vector signed char __a, vector signed char __b, vector unsigned char __c);
                            ^
/Users/qkdreyer/Library/Android/sdk/ndk/21.3.6528147/toolchains/llvm/prebuilt/darwin-x86_64/lib64/clang/9.0.8/include/altivec.h:49:53: error: unknown type name 'vector'
    vector signed char __a, vector signed char __b, vector unsigned char __c);
                                                    ^
/Users/qkdreyer/Library/Android/sdk/ndk/21.3.6528147/toolchains/llvm/prebuilt/darwin-x86_64/lib64/clang/9.0.8/include/altivec.h:51:19: error: unknown type name 'vector'
static __inline__ vector unsigned char __ATTRS_o_ai
                  ^
/Users/qkdreyer/Library/Android/sdk/ndk/21.3.6528147/toolchains/llvm/prebuilt/darwin-x86_64/lib64/clang/9.0.8/include/altivec.h:52:10: error: unknown type name 'vector'
vec_perm(vector unsigned char __a, vector unsigned char __b,
         ^
/Users/qkdreyer/Library/Android/sdk/ndk/21.3.6528147/toolchains/llvm/prebuilt/darwin-x86_64/lib64/clang/9.0.8/include/altivec.h:52:36: error: unknown type name 'vector'
vec_perm(vector unsigned char __a, vector unsigned char __b,
                                   ^
/Users/qkdreyer/Library/Android/sdk/ndk/21.3.6528147/toolchains/llvm/prebuilt/darwin-x86_64/lib64/clang/9.0.8/include/altivec.h:53:10: error: unknown type name 'vector'
         vector unsigned char __c);
         ^
/Users/qkdreyer/Library/Android/sdk/ndk/21.3.6528147/toolchains/llvm/prebuilt/darwin-x86_64/lib64/clang/9.0.8/include/altivec.h:55:19: error: unknown type name 'vector'
static __inline__ vector bool char __ATTRS_o_ai
                  ^
/Users/qkdreyer/Library/Android/sdk/ndk/21.3.6528147/toolchains/llvm/prebuilt/darwin-x86_64/lib64/clang/9.0.8/include/altivec.h:55:8: error: 'inline' can only appear on functions
static __inline__ vector bool char __ATTRS_o_ai
       ^
/Users/qkdreyer/Library/Android/sdk/ndk/21.3.6528147/toolchains/llvm/prebuilt/darwin-x86_64/lib64/clang/9.0.8/include/altivec.h:55:30: error: expected ';' after top level declarator
static __inline__ vector bool char __ATTRS_o_ai
                             ^
/Users/qkdreyer/Library/Android/sdk/ndk/21.3.6528147/toolchains/llvm/prebuilt/darwin-x86_64/lib64/clang/9.0.8/include/altivec.h:56:10: error: unknown type name 'vector'
vec_perm(vector bool char __a, vector bool char __b, vector unsigned char __c);
         ^
/Users/qkdreyer/Library/Android/sdk/ndk/21.3.6528147/toolchains/llvm/prebuilt/darwin-x86_64/lib64/clang/9.0.8/include/altivec.h:56:22: error: expected ')'
vec_perm(vector bool char __a, vector bool char __b, vector unsigned char __c);
                     ^
/Users/qkdreyer/Library/Android/sdk/ndk/21.3.6528147/toolchains/llvm/prebuilt/darwin-x86_64/lib64/clang/9.0.8/include/altivec.h:56:9: note: to match this '('
vec_perm(vector bool char __a, vector bool char __b, vector unsigned char __c);
        ^
/Users/qkdreyer/Library/Android/sdk/ndk/21.3.6528147/toolchains/llvm/prebuilt/darwin-x86_64/lib64/clang/9.0.8/include/altivec.h:58:19: error: unknown type name 'vector'
static __inline__ vector short __ATTRS_o_ai vec_perm(vector signed short __a,
                  ^
/Users/qkdreyer/Library/Android/sdk/ndk/21.3.6528147/toolchains/llvm/prebuilt/darwin-x86_64/lib64/clang/9.0.8/include/altivec.h:58:54: error: unknown type name 'vector'
static __inline__ vector short __ATTRS_o_ai vec_perm(vector signed short __a,
                                                     ^
/Users/qkdreyer/Library/Android/sdk/ndk/21.3.6528147/toolchains/llvm/prebuilt/darwin-x86_64/lib64/clang/9.0.8/include/altivec.h:59:54: error: unknown type name 'vector'
                                                     vector signed short __b,
                                                     ^
/Users/qkdreyer/Library/Android/sdk/ndk/21.3.6528147/toolchains/llvm/prebuilt/darwin-x86_64/lib64/clang/9.0.8/include/altivec.h:60:54: error: unknown type name 'vector'
                                                     vector unsigned char __c);
                                                     ^
/Users/qkdreyer/Library/Android/sdk/ndk/21.3.6528147/toolchains/llvm/prebuilt/darwin-x86_64/lib64/clang/9.0.8/include/altivec.h:62:19: error: unknown type name 'vector'
static __inline__ vector unsigned short __ATTRS_o_ai
                  ^
fatal error: too many errors emitted, stopping now [-ferror-limit=]
20 errors generated.
ninja: build stopped: subcommand failed.

Source file was:

          #include <altivec.h>
          vector unsigned int vzero() {
              return vec_splat_u32(0);
          }
          int main(int argc, char **argv) { }
Performing C SOURCE FILE Test HAVE_ALTIVEC failed with the following output:
Change Dir: /Users/qkdreyer/Dev/heaps-android/heaps-android-app/heapsapp/.externalNativeBuild/cmake/release/x86/CMakeFiles/CMakeTmp

Run Build Command:"/Users/qkdreyer/Library/Android/sdk/cmake/3.10.2.4988404/bin/ninja" "cmTC_c167f"
[1/2] Building C object CMakeFiles/cmTC_c167f.dir/src.c.o
FAILED: CMakeFiles/cmTC_c167f.dir/src.c.o 
/Users/qkdreyer/Library/Android/sdk/ndk/21.3.6528147/toolchains/llvm/prebuilt/darwin-x86_64/bin/clang --target=i686-none-linux-android19 --gcc-toolchain=/Users/qkdreyer/Library/Android/sdk/ndk/21.3.6528147/toolchains/llvm/prebuilt/darwin-x86_64 --sysroot=/Users/qkdreyer/Library/Android/sdk/ndk/21.3.6528147/toolchains/llvm/prebuilt/darwin-x86_64/sysroot   -g -DANDROID -fdata-sections -ffunction-sections -funwind-tables -fstack-protector-strong -no-canonical-prefixes -mstackrealign -D_FORTIFY_SOURCE=2 -Wformat -Werror=format-security  -idirafter /Users/qkdreyer/Dev/heaps-android/sdl2/src/video/khronos -DHAVE_ALTIVEC -maltivec -fPIE -o CMakeFiles/cmTC_c167f.dir/src.c.o   -c src.c
clang: warning: argument unused during compilation: '-maltivec' [-Wunused-command-line-argument]
src.c:2:11: error: unknown type name 'vector'
          vector unsigned int vzero() {
          ^
src.c:3:22: warning: implicit declaration of function 'vec_splat_u32' is invalid in C99 [-Wimplicit-function-declaration]
              return vec_splat_u32(0);
                     ^
1 warning and 1 error generated.
ninja: build stopped: subcommand failed.

Source file was:

          vector unsigned int vzero() {
              return vec_splat_u32(0);
          }
          int main(int argc, char **argv) { }
Determining if the include file libunwind.h exists failed with the following output:
Change Dir: /Users/qkdreyer/Dev/heaps-android/heaps-android-app/heapsapp/.externalNativeBuild/cmake/release/x86/CMakeFiles/CMakeTmp

Run Build Command:"/Users/qkdreyer/Library/Android/sdk/cmake/3.10.2.4988404/bin/ninja" "cmTC_b0c2b"
[1/2] Building C object CMakeFiles/cmTC_b0c2b.dir/CheckIncludeFile.c.o
FAILED: CMakeFiles/cmTC_b0c2b.dir/CheckIncludeFile.c.o 
/Users/qkdreyer/Library/Android/sdk/ndk/21.3.6528147/toolchains/llvm/prebuilt/darwin-x86_64/bin/clang --target=i686-none-linux-android19 --gcc-toolchain=/Users/qkdreyer/Library/Android/sdk/ndk/21.3.6528147/toolchains/llvm/prebuilt/darwin-x86_64 --sysroot=/Users/qkdreyer/Library/Android/sdk/ndk/21.3.6528147/toolchains/llvm/prebuilt/darwin-x86_64/sysroot   -g -DANDROID -fdata-sections -ffunction-sections -funwind-tables -fstack-protector-strong -no-canonical-prefixes -mstackrealign -D_FORTIFY_SOURCE=2 -Wformat -Werror=format-security  -idirafter /Users/qkdreyer/Dev/heaps-android/sdl2/src/video/khronos  -fPIE -o CMakeFiles/cmTC_b0c2b.dir/CheckIncludeFile.c.o   -c CheckIncludeFile.c
CheckIncludeFile.c:1:10: fatal error: 'libunwind.h' file not found
#include <libunwind.h>
         ^~~~~~~~~~~~~
1 error generated.
ninja: build stopped: subcommand failed.


Determining if the function bcopy exists failed with the following output:
Change Dir: /Users/qkdreyer/Dev/heaps-android/heaps-android-app/heapsapp/.externalNativeBuild/cmake/release/x86/CMakeFiles/CMakeTmp

Run Build Command:"/Users/qkdreyer/Library/Android/sdk/cmake/3.10.2.4988404/bin/ninja" "cmTC_33cef"
[1/2] Building C object CMakeFiles/cmTC_33cef.dir/CheckFunctionExists.c.o
[2/2] Linking C executable cmTC_33cef
FAILED: cmTC_33cef 
: && /Users/qkdreyer/Library/Android/sdk/ndk/21.3.6528147/toolchains/llvm/prebuilt/darwin-x86_64/bin/clang --target=i686-none-linux-android19 --gcc-toolchain=/Users/qkdreyer/Library/Android/sdk/ndk/21.3.6528147/toolchains/llvm/prebuilt/darwin-x86_64 --sysroot=/Users/qkdreyer/Library/Android/sdk/ndk/21.3.6528147/toolchains/llvm/prebuilt/darwin-x86_64/sysroot -g -DANDROID -fdata-sections -ffunction-sections -funwind-tables -fstack-protector-strong -no-canonical-prefixes -mstackrealign -D_FORTIFY_SOURCE=2 -Wformat -Werror=format-security  -idirafter /Users/qkdreyer/Dev/heaps-android/sdl2/src/video/khronos -DCHECK_FUNCTION_EXISTS=bcopy  -Wl,--exclude-libs,libgcc.a -Wl,--exclude-libs,libgcc_real.a -Wl,--exclude-libs,libatomic.a -static-libstdc++ -Wl,--build-id -Wl,--fatal-warnings -Wl,--no-undefined -Qunused-arguments -Wl,--gc-sections CMakeFiles/cmTC_33cef.dir/CheckFunctionExists.c.o  -o cmTC_33cef  -latomic -lm && :
/Users/qkdreyer/Library/Android/sdk/cmake/3.10.2.4988404/share/cmake-3.10/Modules/CheckFunctionExists.c:17: error: undefined reference to 'bcopy'
clang: error: linker command failed with exit code 1 (use -v to see invocation)
ninja: build stopped: subcommand failed.


Determining if the function _strrev exists failed with the following output:
Change Dir: /Users/qkdreyer/Dev/heaps-android/heaps-android-app/heapsapp/.externalNativeBuild/cmake/release/x86/CMakeFiles/CMakeTmp

Run Build Command:"/Users/qkdreyer/Library/Android/sdk/cmake/3.10.2.4988404/bin/ninja" "cmTC_951d0"
[1/2] Building C object CMakeFiles/cmTC_951d0.dir/CheckFunctionExists.c.o
[2/2] Linking C executable cmTC_951d0
FAILED: cmTC_951d0 
: && /Users/qkdreyer/Library/Android/sdk/ndk/21.3.6528147/toolchains/llvm/prebuilt/darwin-x86_64/bin/clang --target=i686-none-linux-android19 --gcc-toolchain=/Users/qkdreyer/Library/Android/sdk/ndk/21.3.6528147/toolchains/llvm/prebuilt/darwin-x86_64 --sysroot=/Users/qkdreyer/Library/Android/sdk/ndk/21.3.6528147/toolchains/llvm/prebuilt/darwin-x86_64/sysroot -g -DANDROID -fdata-sections -ffunction-sections -funwind-tables -fstack-protector-strong -no-canonical-prefixes -mstackrealign -D_FORTIFY_SOURCE=2 -Wformat -Werror=format-security  -idirafter /Users/qkdreyer/Dev/heaps-android/sdl2/src/video/khronos -DCHECK_FUNCTION_EXISTS=_strrev  -Wl,--exclude-libs,libgcc.a -Wl,--exclude-libs,libgcc_real.a -Wl,--exclude-libs,libatomic.a -static-libstdc++ -Wl,--build-id -Wl,--fatal-warnings -Wl,--no-undefined -Qunused-arguments -Wl,--gc-sections CMakeFiles/cmTC_951d0.dir/CheckFunctionExists.c.o  -o cmTC_951d0  -latomic -lm && :
/Users/qkdreyer/Library/Android/sdk/cmake/3.10.2.4988404/share/cmake-3.10/Modules/CheckFunctionExists.c:17: error: undefined reference to '_strrev'
clang: error: linker command failed with exit code 1 (use -v to see invocation)
ninja: build stopped: subcommand failed.


Determining if the function _strupr exists failed with the following output:
Change Dir: /Users/qkdreyer/Dev/heaps-android/heaps-android-app/heapsapp/.externalNativeBuild/cmake/release/x86/CMakeFiles/CMakeTmp

Run Build Command:"/Users/qkdreyer/Library/Android/sdk/cmake/3.10.2.4988404/bin/ninja" "cmTC_992bc"
[1/2] Building C object CMakeFiles/cmTC_992bc.dir/CheckFunctionExists.c.o
[2/2] Linking C executable cmTC_992bc
FAILED: cmTC_992bc 
: && /Users/qkdreyer/Library/Android/sdk/ndk/21.3.6528147/toolchains/llvm/prebuilt/darwin-x86_64/bin/clang --target=i686-none-linux-android19 --gcc-toolchain=/Users/qkdreyer/Library/Android/sdk/ndk/21.3.6528147/toolchains/llvm/prebuilt/darwin-x86_64 --sysroot=/Users/qkdreyer/Library/Android/sdk/ndk/21.3.6528147/toolchains/llvm/prebuilt/darwin-x86_64/sysroot -g -DANDROID -fdata-sections -ffunction-sections -funwind-tables -fstack-protector-strong -no-canonical-prefixes -mstackrealign -D_FORTIFY_SOURCE=2 -Wformat -Werror=format-security  -idirafter /Users/qkdreyer/Dev/heaps-android/sdl2/src/video/khronos -DCHECK_FUNCTION_EXISTS=_strupr  -Wl,--exclude-libs,libgcc.a -Wl,--exclude-libs,libgcc_real.a -Wl,--exclude-libs,libatomic.a -static-libstdc++ -Wl,--build-id -Wl,--fatal-warnings -Wl,--no-undefined -Qunused-arguments -Wl,--gc-sections CMakeFiles/cmTC_992bc.dir/CheckFunctionExists.c.o  -o cmTC_992bc  -latomic -lm && :
/Users/qkdreyer/Library/Android/sdk/cmake/3.10.2.4988404/share/cmake-3.10/Modules/CheckFunctionExists.c:17: error: undefined reference to '_strupr'
clang: error: linker command failed with exit code 1 (use -v to see invocation)
ninja: build stopped: subcommand failed.


Determining if the function _strlwr exists failed with the following output:
Change Dir: /Users/qkdreyer/Dev/heaps-android/heaps-android-app/heapsapp/.externalNativeBuild/cmake/release/x86/CMakeFiles/CMakeTmp

Run Build Command:"/Users/qkdreyer/Library/Android/sdk/cmake/3.10.2.4988404/bin/ninja" "cmTC_fe10f"
[1/2] Building C object CMakeFiles/cmTC_fe10f.dir/CheckFunctionExists.c.o
[2/2] Linking C executable cmTC_fe10f
FAILED: cmTC_fe10f 
: && /Users/qkdreyer/Library/Android/sdk/ndk/21.3.6528147/toolchains/llvm/prebuilt/darwin-x86_64/bin/clang --target=i686-none-linux-android19 --gcc-toolchain=/Users/qkdreyer/Library/Android/sdk/ndk/21.3.6528147/toolchains/llvm/prebuilt/darwin-x86_64 --sysroot=/Users/qkdreyer/Library/Android/sdk/ndk/21.3.6528147/toolchains/llvm/prebuilt/darwin-x86_64/sysroot -g -DANDROID -fdata-sections -ffunction-sections -funwind-tables -fstack-protector-strong -no-canonical-prefixes -mstackrealign -D_FORTIFY_SOURCE=2 -Wformat -Werror=format-security  -idirafter /Users/qkdreyer/Dev/heaps-android/sdl2/src/video/khronos -DCHECK_FUNCTION_EXISTS=_strlwr  -Wl,--exclude-libs,libgcc.a -Wl,--exclude-libs,libgcc_real.a -Wl,--exclude-libs,libatomic.a -static-libstdc++ -Wl,--build-id -Wl,--fatal-warnings -Wl,--no-undefined -Qunused-arguments -Wl,--gc-sections CMakeFiles/cmTC_fe10f.dir/CheckFunctionExists.c.o  -o cmTC_fe10f  -latomic -lm && :
/Users/qkdreyer/Library/Android/sdk/cmake/3.10.2.4988404/share/cmake-3.10/Modules/CheckFunctionExists.c:17: error: undefined reference to '_strlwr'
clang: error: linker command failed with exit code 1 (use -v to see invocation)
ninja: build stopped: subcommand failed.


Determining if the function itoa exists failed with the following output:
Change Dir: /Users/qkdreyer/Dev/heaps-android/heaps-android-app/heapsapp/.externalNativeBuild/cmake/release/x86/CMakeFiles/CMakeTmp

Run Build Command:"/Users/qkdreyer/Library/Android/sdk/cmake/3.10.2.4988404/bin/ninja" "cmTC_74721"
[1/2] Building C object CMakeFiles/cmTC_74721.dir/CheckFunctionExists.c.o
[2/2] Linking C executable cmTC_74721
FAILED: cmTC_74721 
: && /Users/qkdreyer/Library/Android/sdk/ndk/21.3.6528147/toolchains/llvm/prebuilt/darwin-x86_64/bin/clang --target=i686-none-linux-android19 --gcc-toolchain=/Users/qkdreyer/Library/Android/sdk/ndk/21.3.6528147/toolchains/llvm/prebuilt/darwin-x86_64 --sysroot=/Users/qkdreyer/Library/Android/sdk/ndk/21.3.6528147/toolchains/llvm/prebuilt/darwin-x86_64/sysroot -g -DANDROID -fdata-sections -ffunction-sections -funwind-tables -fstack-protector-strong -no-canonical-prefixes -mstackrealign -D_FORTIFY_SOURCE=2 -Wformat -Werror=format-security  -idirafter /Users/qkdreyer/Dev/heaps-android/sdl2/src/video/khronos -DCHECK_FUNCTION_EXISTS=itoa  -Wl,--exclude-libs,libgcc.a -Wl,--exclude-libs,libgcc_real.a -Wl,--exclude-libs,libatomic.a -static-libstdc++ -Wl,--build-id -Wl,--fatal-warnings -Wl,--no-undefined -Qunused-arguments -Wl,--gc-sections CMakeFiles/cmTC_74721.dir/CheckFunctionExists.c.o  -o cmTC_74721  -latomic -lm && :
/Users/qkdreyer/Library/Android/sdk/cmake/3.10.2.4988404/share/cmake-3.10/Modules/CheckFunctionExists.c:17: error: undefined reference to 'itoa'
clang: error: linker command failed with exit code 1 (use -v to see invocation)
ninja: build stopped: subcommand failed.


Determining if the function _ltoa exists failed with the following output:
Change Dir: /Users/qkdreyer/Dev/heaps-android/heaps-android-app/heapsapp/.externalNativeBuild/cmake/release/x86/CMakeFiles/CMakeTmp

Run Build Command:"/Users/qkdreyer/Library/Android/sdk/cmake/3.10.2.4988404/bin/ninja" "cmTC_d1b47"
[1/2] Building C object CMakeFiles/cmTC_d1b47.dir/CheckFunctionExists.c.o
[2/2] Linking C executable cmTC_d1b47
FAILED: cmTC_d1b47 
: && /Users/qkdreyer/Library/Android/sdk/ndk/21.3.6528147/toolchains/llvm/prebuilt/darwin-x86_64/bin/clang --target=i686-none-linux-android19 --gcc-toolchain=/Users/qkdreyer/Library/Android/sdk/ndk/21.3.6528147/toolchains/llvm/prebuilt/darwin-x86_64 --sysroot=/Users/qkdreyer/Library/Android/sdk/ndk/21.3.6528147/toolchains/llvm/prebuilt/darwin-x86_64/sysroot -g -DANDROID -fdata-sections -ffunction-sections -funwind-tables -fstack-protector-strong -no-canonical-prefixes -mstackrealign -D_FORTIFY_SOURCE=2 -Wformat -Werror=format-security  -idirafter /Users/qkdreyer/Dev/heaps-android/sdl2/src/video/khronos -DCHECK_FUNCTION_EXISTS=_ltoa  -Wl,--exclude-libs,libgcc.a -Wl,--exclude-libs,libgcc_real.a -Wl,--exclude-libs,libatomic.a -static-libstdc++ -Wl,--build-id -Wl,--fatal-warnings -Wl,--no-undefined -Qunused-arguments -Wl,--gc-sections CMakeFiles/cmTC_d1b47.dir/CheckFunctionExists.c.o  -o cmTC_d1b47  -latomic -lm && :
/Users/qkdreyer/Library/Android/sdk/cmake/3.10.2.4988404/share/cmake-3.10/Modules/CheckFunctionExists.c:17: error: undefined reference to '_ltoa'
clang: error: linker command failed with exit code 1 (use -v to see invocation)
ninja: build stopped: subcommand failed.


Determining if the function _uitoa exists failed with the following output:
Change Dir: /Users/qkdreyer/Dev/heaps-android/heaps-android-app/heapsapp/.externalNativeBuild/cmake/release/x86/CMakeFiles/CMakeTmp

Run Build Command:"/Users/qkdreyer/Library/Android/sdk/cmake/3.10.2.4988404/bin/ninja" "cmTC_440fb"
[1/2] Building C object CMakeFiles/cmTC_440fb.dir/CheckFunctionExists.c.o
[2/2] Linking C executable cmTC_440fb
FAILED: cmTC_440fb 
: && /Users/qkdreyer/Library/Android/sdk/ndk/21.3.6528147/toolchains/llvm/prebuilt/darwin-x86_64/bin/clang --target=i686-none-linux-android19 --gcc-toolchain=/Users/qkdreyer/Library/Android/sdk/ndk/21.3.6528147/toolchains/llvm/prebuilt/darwin-x86_64 --sysroot=/Users/qkdreyer/Library/Android/sdk/ndk/21.3.6528147/toolchains/llvm/prebuilt/darwin-x86_64/sysroot -g -DANDROID -fdata-sections -ffunction-sections -funwind-tables -fstack-protector-strong -no-canonical-prefixes -mstackrealign -D_FORTIFY_SOURCE=2 -Wformat -Werror=format-security  -idirafter /Users/qkdreyer/Dev/heaps-android/sdl2/src/video/khronos -DCHECK_FUNCTION_EXISTS=_uitoa  -Wl,--exclude-libs,libgcc.a -Wl,--exclude-libs,libgcc_real.a -Wl,--exclude-libs,libatomic.a -static-libstdc++ -Wl,--build-id -Wl,--fatal-warnings -Wl,--no-undefined -Qunused-arguments -Wl,--gc-sections CMakeFiles/cmTC_440fb.dir/CheckFunctionExists.c.o  -o cmTC_440fb  -latomic -lm && :
/Users/qkdreyer/Library/Android/sdk/cmake/3.10.2.4988404/share/cmake-3.10/Modules/CheckFunctionExists.c:17: error: undefined reference to '_uitoa'
clang: error: linker command failed with exit code 1 (use -v to see invocation)
ninja: build stopped: subcommand failed.


Determining if the function _ultoa exists failed with the following output:
Change Dir: /Users/qkdreyer/Dev/heaps-android/heaps-android-app/heapsapp/.externalNativeBuild/cmake/release/x86/CMakeFiles/CMakeTmp

Run Build Command:"/Users/qkdreyer/Library/Android/sdk/cmake/3.10.2.4988404/bin/ninja" "cmTC_4778b"
[1/2] Building C object CMakeFiles/cmTC_4778b.dir/CheckFunctionExists.c.o
[2/2] Linking C executable cmTC_4778b
FAILED: cmTC_4778b 
: && /Users/qkdreyer/Library/Android/sdk/ndk/21.3.6528147/toolchains/llvm/prebuilt/darwin-x86_64/bin/clang --target=i686-none-linux-android19 --gcc-toolchain=/Users/qkdreyer/Library/Android/sdk/ndk/21.3.6528147/toolchains/llvm/prebuilt/darwin-x86_64 --sysroot=/Users/qkdreyer/Library/Android/sdk/ndk/21.3.6528147/toolchains/llvm/prebuilt/darwin-x86_64/sysroot -g -DANDROID -fdata-sections -ffunction-sections -funwind-tables -fstack-protector-strong -no-canonical-prefixes -mstackrealign -D_FORTIFY_SOURCE=2 -Wformat -Werror=format-security  -idirafter /Users/qkdreyer/Dev/heaps-android/sdl2/src/video/khronos -DCHECK_FUNCTION_EXISTS=_ultoa  -Wl,--exclude-libs,libgcc.a -Wl,--exclude-libs,libgcc_real.a -Wl,--exclude-libs,libatomic.a -static-libstdc++ -Wl,--build-id -Wl,--fatal-warnings -Wl,--no-undefined -Qunused-arguments -Wl,--gc-sections CMakeFiles/cmTC_4778b.dir/CheckFunctionExists.c.o  -o cmTC_4778b  -latomic -lm && :
/Users/qkdreyer/Library/Android/sdk/cmake/3.10.2.4988404/share/cmake-3.10/Modules/CheckFunctionExists.c:17: error: undefined reference to '_ultoa'
clang: error: linker command failed with exit code 1 (use -v to see invocation)
ninja: build stopped: subcommand failed.


Determining if the function _i64toa exists failed with the following output:
Change Dir: /Users/qkdreyer/Dev/heaps-android/heaps-android-app/heapsapp/.externalNativeBuild/cmake/release/x86/CMakeFiles/CMakeTmp

Run Build Command:"/Users/qkdreyer/Library/Android/sdk/cmake/3.10.2.4988404/bin/ninja" "cmTC_c560c"
[1/2] Building C object CMakeFiles/cmTC_c560c.dir/CheckFunctionExists.c.o
[2/2] Linking C executable cmTC_c560c
FAILED: cmTC_c560c 
: && /Users/qkdreyer/Library/Android/sdk/ndk/21.3.6528147/toolchains/llvm/prebuilt/darwin-x86_64/bin/clang --target=i686-none-linux-android19 --gcc-toolchain=/Users/qkdreyer/Library/Android/sdk/ndk/21.3.6528147/toolchains/llvm/prebuilt/darwin-x86_64 --sysroot=/Users/qkdreyer/Library/Android/sdk/ndk/21.3.6528147/toolchains/llvm/prebuilt/darwin-x86_64/sysroot -g -DANDROID -fdata-sections -ffunction-sections -funwind-tables -fstack-protector-strong -no-canonical-prefixes -mstackrealign -D_FORTIFY_SOURCE=2 -Wformat -Werror=format-security  -idirafter /Users/qkdreyer/Dev/heaps-android/sdl2/src/video/khronos -DCHECK_FUNCTION_EXISTS=_i64toa  -Wl,--exclude-libs,libgcc.a -Wl,--exclude-libs,libgcc_real.a -Wl,--exclude-libs,libatomic.a -static-libstdc++ -Wl,--build-id -Wl,--fatal-warnings -Wl,--no-undefined -Qunused-arguments -Wl,--gc-sections CMakeFiles/cmTC_c560c.dir/CheckFunctionExists.c.o  -o cmTC_c560c  -latomic -lm && :
/Users/qkdreyer/Library/Android/sdk/cmake/3.10.2.4988404/share/cmake-3.10/Modules/CheckFunctionExists.c:17: error: undefined reference to '_i64toa'
clang: error: linker command failed with exit code 1 (use -v to see invocation)
ninja: build stopped: subcommand failed.


Determining if the function _ui64toa exists failed with the following output:
Change Dir: /Users/qkdreyer/Dev/heaps-android/heaps-android-app/heapsapp/.externalNativeBuild/cmake/release/x86/CMakeFiles/CMakeTmp

Run Build Command:"/Users/qkdreyer/Library/Android/sdk/cmake/3.10.2.4988404/bin/ninja" "cmTC_a1d88"
[1/2] Building C object CMakeFiles/cmTC_a1d88.dir/CheckFunctionExists.c.o
[2/2] Linking C executable cmTC_a1d88
FAILED: cmTC_a1d88 
: && /Users/qkdreyer/Library/Android/sdk/ndk/21.3.6528147/toolchains/llvm/prebuilt/darwin-x86_64/bin/clang --target=i686-none-linux-android19 --gcc-toolchain=/Users/qkdreyer/Library/Android/sdk/ndk/21.3.6528147/toolchains/llvm/prebuilt/darwin-x86_64 --sysroot=/Users/qkdreyer/Library/Android/sdk/ndk/21.3.6528147/toolchains/llvm/prebuilt/darwin-x86_64/sysroot -g -DANDROID -fdata-sections -ffunction-sections -funwind-tables -fstack-protector-strong -no-canonical-prefixes -mstackrealign -D_FORTIFY_SOURCE=2 -Wformat -Werror=format-security  -idirafter /Users/qkdreyer/Dev/heaps-android/sdl2/src/video/khronos -DCHECK_FUNCTION_EXISTS=_ui64toa  -Wl,--exclude-libs,libgcc.a -Wl,--exclude-libs,libgcc_real.a -Wl,--exclude-libs,libatomic.a -static-libstdc++ -Wl,--build-id -Wl,--fatal-warnings -Wl,--no-undefined -Qunused-arguments -Wl,--gc-sections CMakeFiles/cmTC_a1d88.dir/CheckFunctionExists.c.o  -o cmTC_a1d88  -latomic -lm && :
/Users/qkdreyer/Library/Android/sdk/cmake/3.10.2.4988404/share/cmake-3.10/Modules/CheckFunctionExists.c:17: error: undefined reference to '_ui64toa'
clang: error: linker command failed with exit code 1 (use -v to see invocation)
ninja: build stopped: subcommand failed.


Determining if the function atof exists failed with the following output:
Change Dir: /Users/qkdreyer/Dev/heaps-android/heaps-android-app/heapsapp/.externalNativeBuild/cmake/release/x86/CMakeFiles/CMakeTmp

Run Build Command:"/Users/qkdreyer/Library/Android/sdk/cmake/3.10.2.4988404/bin/ninja" "cmTC_98485"
[1/2] Building C object CMakeFiles/cmTC_98485.dir/CheckFunctionExists.c.o
[2/2] Linking C executable cmTC_98485
FAILED: cmTC_98485 
: && /Users/qkdreyer/Library/Android/sdk/ndk/21.3.6528147/toolchains/llvm/prebuilt/darwin-x86_64/bin/clang --target=i686-none-linux-android19 --gcc-toolchain=/Users/qkdreyer/Library/Android/sdk/ndk/21.3.6528147/toolchains/llvm/prebuilt/darwin-x86_64 --sysroot=/Users/qkdreyer/Library/Android/sdk/ndk/21.3.6528147/toolchains/llvm/prebuilt/darwin-x86_64/sysroot -g -DANDROID -fdata-sections -ffunction-sections -funwind-tables -fstack-protector-strong -no-canonical-prefixes -mstackrealign -D_FORTIFY_SOURCE=2 -Wformat -Werror=format-security  -idirafter /Users/qkdreyer/Dev/heaps-android/sdl2/src/video/khronos -DCHECK_FUNCTION_EXISTS=atof  -Wl,--exclude-libs,libgcc.a -Wl,--exclude-libs,libgcc_real.a -Wl,--exclude-libs,libatomic.a -static-libstdc++ -Wl,--build-id -Wl,--fatal-warnings -Wl,--no-undefined -Qunused-arguments -Wl,--gc-sections CMakeFiles/cmTC_98485.dir/CheckFunctionExists.c.o  -o cmTC_98485  -latomic -lm && :
/Users/qkdreyer/Library/Android/sdk/cmake/3.10.2.4988404/share/cmake-3.10/Modules/CheckFunctionExists.c:17: error: undefined reference to 'atof'
clang: error: linker command failed with exit code 1 (use -v to see invocation)
ninja: build stopped: subcommand failed.


Determining if the function _stricmp exists failed with the following output:
Change Dir: /Users/qkdreyer/Dev/heaps-android/heaps-android-app/heapsapp/.externalNativeBuild/cmake/release/x86/CMakeFiles/CMakeTmp

Run Build Command:"/Users/qkdreyer/Library/Android/sdk/cmake/3.10.2.4988404/bin/ninja" "cmTC_5e9d0"
[1/2] Building C object CMakeFiles/cmTC_5e9d0.dir/CheckFunctionExists.c.o
[2/2] Linking C executable cmTC_5e9d0
FAILED: cmTC_5e9d0 
: && /Users/qkdreyer/Library/Android/sdk/ndk/21.3.6528147/toolchains/llvm/prebuilt/darwin-x86_64/bin/clang --target=i686-none-linux-android19 --gcc-toolchain=/Users/qkdreyer/Library/Android/sdk/ndk/21.3.6528147/toolchains/llvm/prebuilt/darwin-x86_64 --sysroot=/Users/qkdreyer/Library/Android/sdk/ndk/21.3.6528147/toolchains/llvm/prebuilt/darwin-x86_64/sysroot -g -DANDROID -fdata-sections -ffunction-sections -funwind-tables -fstack-protector-strong -no-canonical-prefixes -mstackrealign -D_FORTIFY_SOURCE=2 -Wformat -Werror=format-security  -idirafter /Users/qkdreyer/Dev/heaps-android/sdl2/src/video/khronos -DCHECK_FUNCTION_EXISTS=_stricmp  -Wl,--exclude-libs,libgcc.a -Wl,--exclude-libs,libgcc_real.a -Wl,--exclude-libs,libatomic.a -static-libstdc++ -Wl,--build-id -Wl,--fatal-warnings -Wl,--no-undefined -Qunused-arguments -Wl,--gc-sections CMakeFiles/cmTC_5e9d0.dir/CheckFunctionExists.c.o  -o cmTC_5e9d0  -latomic -lm && :
/Users/qkdreyer/Library/Android/sdk/cmake/3.10.2.4988404/share/cmake-3.10/Modules/CheckFunctionExists.c:17: error: undefined reference to '_stricmp'
clang: error: linker command failed with exit code 1 (use -v to see invocation)
ninja: build stopped: subcommand failed.


Determining if the function _strnicmp exists failed with the following output:
Change Dir: /Users/qkdreyer/Dev/heaps-android/heaps-android-app/heapsapp/.externalNativeBuild/cmake/release/x86/CMakeFiles/CMakeTmp

Run Build Command:"/Users/qkdreyer/Library/Android/sdk/cmake/3.10.2.4988404/bin/ninja" "cmTC_7ad2a"
[1/2] Building C object CMakeFiles/cmTC_7ad2a.dir/CheckFunctionExists.c.o
[2/2] Linking C executable cmTC_7ad2a
FAILED: cmTC_7ad2a 
: && /Users/qkdreyer/Library/Android/sdk/ndk/21.3.6528147/toolchains/llvm/prebuilt/darwin-x86_64/bin/clang --target=i686-none-linux-android19 --gcc-toolchain=/Users/qkdreyer/Library/Android/sdk/ndk/21.3.6528147/toolchains/llvm/prebuilt/darwin-x86_64 --sysroot=/Users/qkdreyer/Library/Android/sdk/ndk/21.3.6528147/toolchains/llvm/prebuilt/darwin-x86_64/sysroot -g -DANDROID -fdata-sections -ffunction-sections -funwind-tables -fstack-protector-strong -no-canonical-prefixes -mstackrealign -D_FORTIFY_SOURCE=2 -Wformat -Werror=format-security  -idirafter /Users/qkdreyer/Dev/heaps-android/sdl2/src/video/khronos -DCHECK_FUNCTION_EXISTS=_strnicmp  -Wl,--exclude-libs,libgcc.a -Wl,--exclude-libs,libgcc_real.a -Wl,--exclude-libs,libatomic.a -static-libstdc++ -Wl,--build-id -Wl,--fatal-warnings -Wl,--no-undefined -Qunused-arguments -Wl,--gc-sections CMakeFiles/cmTC_7ad2a.dir/CheckFunctionExists.c.o  -o cmTC_7ad2a  -latomic -lm && :
/Users/qkdreyer/Library/Android/sdk/cmake/3.10.2.4988404/share/cmake-3.10/Modules/CheckFunctionExists.c:17: error: undefined reference to '_strnicmp'
clang: error: linker command failed with exit code 1 (use -v to see invocation)
ninja: build stopped: subcommand failed.


Determining if the function fopen64 exists failed with the following output:
Change Dir: /Users/qkdreyer/Dev/heaps-android/heaps-android-app/heapsapp/.externalNativeBuild/cmake/release/x86/CMakeFiles/CMakeTmp

Run Build Command:"/Users/qkdreyer/Library/Android/sdk/cmake/3.10.2.4988404/bin/ninja" "cmTC_fdc41"
[1/2] Building C object CMakeFiles/cmTC_fdc41.dir/CheckFunctionExists.c.o
[2/2] Linking C executable cmTC_fdc41
FAILED: cmTC_fdc41 
: && /Users/qkdreyer/Library/Android/sdk/ndk/21.3.6528147/toolchains/llvm/prebuilt/darwin-x86_64/bin/clang --target=i686-none-linux-android19 --gcc-toolchain=/Users/qkdreyer/Library/Android/sdk/ndk/21.3.6528147/toolchains/llvm/prebuilt/darwin-x86_64 --sysroot=/Users/qkdreyer/Library/Android/sdk/ndk/21.3.6528147/toolchains/llvm/prebuilt/darwin-x86_64/sysroot -g -DANDROID -fdata-sections -ffunction-sections -funwind-tables -fstack-protector-strong -no-canonical-prefixes -mstackrealign -D_FORTIFY_SOURCE=2 -Wformat -Werror=format-security  -idirafter /Users/qkdreyer/Dev/heaps-android/sdl2/src/video/khronos -DCHECK_FUNCTION_EXISTS=fopen64  -Wl,--exclude-libs,libgcc.a -Wl,--exclude-libs,libgcc_real.a -Wl,--exclude-libs,libatomic.a -static-libstdc++ -Wl,--build-id -Wl,--fatal-warnings -Wl,--no-undefined -Qunused-arguments -Wl,--gc-sections CMakeFiles/cmTC_fdc41.dir/CheckFunctionExists.c.o  -o cmTC_fdc41  -latomic -lm && :
/Users/qkdreyer/Library/Android/sdk/cmake/3.10.2.4988404/share/cmake-3.10/Modules/CheckFunctionExists.c:17: error: undefined reference to 'fopen64'
clang: error: linker command failed with exit code 1 (use -v to see invocation)
ninja: build stopped: subcommand failed.


Determining if the function fseeko64 exists failed with the following output:
Change Dir: /Users/qkdreyer/Dev/heaps-android/heaps-android-app/heapsapp/.externalNativeBuild/cmake/release/x86/CMakeFiles/CMakeTmp

Run Build Command:"/Users/qkdreyer/Library/Android/sdk/cmake/3.10.2.4988404/bin/ninja" "cmTC_4b3c2"
[1/2] Building C object CMakeFiles/cmTC_4b3c2.dir/CheckFunctionExists.c.o
[2/2] Linking C executable cmTC_4b3c2
FAILED: cmTC_4b3c2 
: && /Users/qkdreyer/Library/Android/sdk/ndk/21.3.6528147/toolchains/llvm/prebuilt/darwin-x86_64/bin/clang --target=i686-none-linux-android19 --gcc-toolchain=/Users/qkdreyer/Library/Android/sdk/ndk/21.3.6528147/toolchains/llvm/prebuilt/darwin-x86_64 --sysroot=/Users/qkdreyer/Library/Android/sdk/ndk/21.3.6528147/toolchains/llvm/prebuilt/darwin-x86_64/sysroot -g -DANDROID -fdata-sections -ffunction-sections -funwind-tables -fstack-protector-strong -no-canonical-prefixes -mstackrealign -D_FORTIFY_SOURCE=2 -Wformat -Werror=format-security  -idirafter /Users/qkdreyer/Dev/heaps-android/sdl2/src/video/khronos -DCHECK_FUNCTION_EXISTS=fseeko64  -Wl,--exclude-libs,libgcc.a -Wl,--exclude-libs,libgcc_real.a -Wl,--exclude-libs,libatomic.a -static-libstdc++ -Wl,--build-id -Wl,--fatal-warnings -Wl,--no-undefined -Qunused-arguments -Wl,--gc-sections CMakeFiles/cmTC_4b3c2.dir/CheckFunctionExists.c.o  -o cmTC_4b3c2  -latomic -lm && :
/Users/qkdreyer/Library/Android/sdk/cmake/3.10.2.4988404/share/cmake-3.10/Modules/CheckFunctionExists.c:17: error: undefined reference to 'fseeko64'
clang: error: linker command failed with exit code 1 (use -v to see invocation)
ninja: build stopped: subcommand failed.


Determining if the function sysctlbyname exists failed with the following output:
Change Dir: /Users/qkdreyer/Dev/heaps-android/heaps-android-app/heapsapp/.externalNativeBuild/cmake/release/x86/CMakeFiles/CMakeTmp

Run Build Command:"/Users/qkdreyer/Library/Android/sdk/cmake/3.10.2.4988404/bin/ninja" "cmTC_ed5f4"
[1/2] Building C object CMakeFiles/cmTC_ed5f4.dir/CheckFunctionExists.c.o
[2/2] Linking C executable cmTC_ed5f4
FAILED: cmTC_ed5f4 
: && /Users/qkdreyer/Library/Android/sdk/ndk/21.3.6528147/toolchains/llvm/prebuilt/darwin-x86_64/bin/clang --target=i686-none-linux-android19 --gcc-toolchain=/Users/qkdreyer/Library/Android/sdk/ndk/21.3.6528147/toolchains/llvm/prebuilt/darwin-x86_64 --sysroot=/Users/qkdreyer/Library/Android/sdk/ndk/21.3.6528147/toolchains/llvm/prebuilt/darwin-x86_64/sysroot -g -DANDROID -fdata-sections -ffunction-sections -funwind-tables -fstack-protector-strong -no-canonical-prefixes -mstackrealign -D_FORTIFY_SOURCE=2 -Wformat -Werror=format-security  -idirafter /Users/qkdreyer/Dev/heaps-android/sdl2/src/video/khronos -DCHECK_FUNCTION_EXISTS=sysctlbyname  -Wl,--exclude-libs,libgcc.a -Wl,--exclude-libs,libgcc_real.a -Wl,--exclude-libs,libatomic.a -static-libstdc++ -Wl,--build-id -Wl,--fatal-warnings -Wl,--no-undefined -Qunused-arguments -Wl,--gc-sections CMakeFiles/cmTC_ed5f4.dir/CheckFunctionExists.c.o  -o cmTC_ed5f4  -latomic -lm && :
/Users/qkdreyer/Library/Android/sdk/cmake/3.10.2.4988404/share/cmake-3.10/Modules/CheckFunctionExists.c:17: error: undefined reference to 'sysctlbyname'
clang: error: linker command failed with exit code 1 (use -v to see invocation)
ninja: build stopped: subcommand failed.


Determining if the function iconv_open exists in the iconv failed with the following output:
Change Dir: /Users/qkdreyer/Dev/heaps-android/heaps-android-app/heapsapp/.externalNativeBuild/cmake/release/x86/CMakeFiles/CMakeTmp

Run Build Command:"/Users/qkdreyer/Library/Android/sdk/cmake/3.10.2.4988404/bin/ninja" "cmTC_4e14a"
[1/2] Building C object CMakeFiles/cmTC_4e14a.dir/CheckFunctionExists.c.o
[2/2] Linking C executable cmTC_4e14a
FAILED: cmTC_4e14a 
: && /Users/qkdreyer/Library/Android/sdk/ndk/21.3.6528147/toolchains/llvm/prebuilt/darwin-x86_64/bin/clang --target=i686-none-linux-android19 --gcc-toolchain=/Users/qkdreyer/Library/Android/sdk/ndk/21.3.6528147/toolchains/llvm/prebuilt/darwin-x86_64 --sysroot=/Users/qkdreyer/Library/Android/sdk/ndk/21.3.6528147/toolchains/llvm/prebuilt/darwin-x86_64/sysroot -g -DANDROID -fdata-sections -ffunction-sections -funwind-tables -fstack-protector-strong -no-canonical-prefixes -mstackrealign -D_FORTIFY_SOURCE=2 -Wformat -Werror=format-security  -idirafter /Users/qkdreyer/Dev/heaps-android/sdl2/src/video/khronos -DCHECK_FUNCTION_EXISTS=iconv_open  -Wl,--exclude-libs,libgcc.a -Wl,--exclude-libs,libgcc_real.a -Wl,--exclude-libs,libatomic.a -static-libstdc++ -Wl,--build-id -Wl,--fatal-warnings -Wl,--no-undefined -Qunused-arguments -Wl,--gc-sections CMakeFiles/cmTC_4e14a.dir/CheckFunctionExists.c.o  -o cmTC_4e14a  -liconv -latomic -lm && :
/Users/qkdreyer/Library/Android/sdk/ndk/21.3.6528147/toolchains/llvm/prebuilt/darwin-x86_64/lib/gcc/i686-linux-android/4.9.x/../../../../i686-linux-android/bin/ld: error: cannot find -liconv
/Users/qkdreyer/Library/Android/sdk/cmake/3.10.2.4988404/share/cmake-3.10/Modules/CheckFunctionExists.c:17: error: undefined reference to 'iconv_open'
clang: error: linker command failed with exit code 1 (use -v to see invocation)
ninja: build stopped: subcommand failed.


Determining if the function alloca exists failed with the following output:
Change Dir: /Users/qkdreyer/Dev/heaps-android/heaps-android-app/heapsapp/.externalNativeBuild/cmake/release/x86/CMakeFiles/CMakeTmp

Run Build Command:"/Users/qkdreyer/Library/Android/sdk/cmake/3.10.2.4988404/bin/ninja" "cmTC_7b41b"
[1/2] Building C object CMakeFiles/cmTC_7b41b.dir/CheckFunctionExists.c.o
/Users/qkdreyer/Library/Android/sdk/cmake/3.10.2.4988404/share/cmake-3.10/Modules/CheckFunctionExists.c:7:3: warning: incompatible redeclaration of library function 'alloca' [-Wincompatible-library-redeclaration]
  CHECK_FUNCTION_EXISTS(void);
  ^
<command line>:3:31: note: expanded from here
#define CHECK_FUNCTION_EXISTS alloca
                              ^
/Users/qkdreyer/Library/Android/sdk/cmake/3.10.2.4988404/share/cmake-3.10/Modules/CheckFunctionExists.c:7:3: note: 'alloca' is a builtin with type 'void *(unsigned int)'
<command line>:3:31: note: expanded from here
#define CHECK_FUNCTION_EXISTS alloca
                              ^
1 warning generated.
[2/2] Linking C executable cmTC_7b41b
FAILED: cmTC_7b41b 
: && /Users/qkdreyer/Library/Android/sdk/ndk/21.3.6528147/toolchains/llvm/prebuilt/darwin-x86_64/bin/clang --target=i686-none-linux-android19 --gcc-toolchain=/Users/qkdreyer/Library/Android/sdk/ndk/21.3.6528147/toolchains/llvm/prebuilt/darwin-x86_64 --sysroot=/Users/qkdreyer/Library/Android/sdk/ndk/21.3.6528147/toolchains/llvm/prebuilt/darwin-x86_64/sysroot -g -DANDROID -fdata-sections -ffunction-sections -funwind-tables -fstack-protector-strong -no-canonical-prefixes -mstackrealign -D_FORTIFY_SOURCE=2 -Wformat -Werror=format-security  -idirafter /Users/qkdreyer/Dev/heaps-android/sdl2/src/video/khronos -DCHECK_FUNCTION_EXISTS=alloca  -Wl,--exclude-libs,libgcc.a -Wl,--exclude-libs,libgcc_real.a -Wl,--exclude-libs,libatomic.a -static-libstdc++ -Wl,--build-id -Wl,--fatal-warnings -Wl,--no-undefined -Qunused-arguments -Wl,--gc-sections CMakeFiles/cmTC_7b41b.dir/CheckFunctionExists.c.o  -o cmTC_7b41b  -latomic -lm && :
/Users/qkdreyer/Library/Android/sdk/cmake/3.10.2.4988404/share/cmake-3.10/Modules/CheckFunctionExists.c:17: error: undefined reference to 'alloca'
clang: error: linker command failed with exit code 1 (use -v to see invocation)
ninja: build stopped: subcommand failed.


Performing C SOURCE FILE Test HAVE_PTHREAD_NP_H failed with the following output:
Change Dir: /Users/qkdreyer/Dev/heaps-android/heaps-android-app/heapsapp/.externalNativeBuild/cmake/release/x86/CMakeFiles/CMakeTmp

Run Build Command:"/Users/qkdreyer/Library/Android/sdk/cmake/3.10.2.4988404/bin/ninja" "cmTC_10a4e"
[1/2] Building C object CMakeFiles/cmTC_10a4e.dir/src.c.o
FAILED: CMakeFiles/cmTC_10a4e.dir/src.c.o 
/Users/qkdreyer/Library/Android/sdk/ndk/21.3.6528147/toolchains/llvm/prebuilt/darwin-x86_64/bin/clang --target=i686-none-linux-android19 --gcc-toolchain=/Users/qkdreyer/Library/Android/sdk/ndk/21.3.6528147/toolchains/llvm/prebuilt/darwin-x86_64 --sysroot=/Users/qkdreyer/Library/Android/sdk/ndk/21.3.6528147/toolchains/llvm/prebuilt/darwin-x86_64/sysroot   -g -DANDROID -fdata-sections -ffunction-sections -funwind-tables -fstack-protector-strong -no-canonical-prefixes -mstackrealign -D_FORTIFY_SOURCE=2 -Wformat -Werror=format-security  -idirafter /Users/qkdreyer/Dev/heaps-android/sdl2/src/video/khronos -DHAVE_PTHREAD_NP_H -fPIE -o CMakeFiles/cmTC_10a4e.dir/src.c.o   -c src.c
src.c:3:20: fatal error: 'pthread_np.h' file not found
          #include <pthread_np.h>
                   ^~~~~~~~~~~~~~
1 error generated.
ninja: build stopped: subcommand failed.

Source file was:

          #include <pthread.h>
          #include <pthread_np.h>
          int main(int argc, char** argv) { return 0; }
Determining if the function pthread_set_name_np exists failed with the following output:
Change Dir: /Users/qkdreyer/Dev/heaps-android/heaps-android-app/heapsapp/.externalNativeBuild/cmake/release/x86/CMakeFiles/CMakeTmp

Run Build Command:"/Users/qkdreyer/Library/Android/sdk/cmake/3.10.2.4988404/bin/ninja" "cmTC_df7be"
[1/2] Building C object CMakeFiles/cmTC_df7be.dir/CheckFunctionExists.c.o
[2/2] Linking C executable cmTC_df7be
FAILED: cmTC_df7be 
: && /Users/qkdreyer/Library/Android/sdk/ndk/21.3.6528147/toolchains/llvm/prebuilt/darwin-x86_64/bin/clang --target=i686-none-linux-android19 --gcc-toolchain=/Users/qkdreyer/Library/Android/sdk/ndk/21.3.6528147/toolchains/llvm/prebuilt/darwin-x86_64 --sysroot=/Users/qkdreyer/Library/Android/sdk/ndk/21.3.6528147/toolchains/llvm/prebuilt/darwin-x86_64/sysroot -g -DANDROID -fdata-sections -ffunction-sections -funwind-tables -fstack-protector-strong -no-canonical-prefixes -mstackrealign -D_FORTIFY_SOURCE=2 -Wformat -Werror=format-security  -idirafter /Users/qkdreyer/Dev/heaps-android/sdl2/src/video/khronos -DCHECK_FUNCTION_EXISTS=pthread_set_name_np  -Wl,--exclude-libs,libgcc.a -Wl,--exclude-libs,libgcc_real.a -Wl,--exclude-libs,libatomic.a -static-libstdc++ -Wl,--build-id -Wl,--fatal-warnings -Wl,--no-undefined -Qunused-arguments -Wl,--gc-sections CMakeFiles/cmTC_df7be.dir/CheckFunctionExists.c.o  -o cmTC_df7be  -latomic -lm && :
/Users/qkdreyer/Library/Android/sdk/cmake/3.10.2.4988404/share/cmake-3.10/Modules/CheckFunctionExists.c:17: error: undefined reference to 'pthread_set_name_np'
clang: error: linker command failed with exit code 1 (use -v to see invocation)
ninja: build stopped: subcommand failed.


Determining if the include file intrin.h exists failed with the following output:
Change Dir: /Users/qkdreyer/Dev/heaps-android/heaps-android-app/heapsapp/.externalNativeBuild/cmake/release/x86/CMakeFiles/CMakeTmp

Run Build Command:"/Users/qkdreyer/Library/Android/sdk/cmake/3.10.2.4988404/bin/ninja" "cmTC_ab034"
[1/2] Building C object CMakeFiles/cmTC_ab034.dir/CheckIncludeFile.c.o
FAILED: CMakeFiles/cmTC_ab034.dir/CheckIncludeFile.c.o 
/Users/qkdreyer/Library/Android/sdk/ndk/21.3.6528147/toolchains/llvm/prebuilt/darwin-x86_64/bin/clang --target=i686-none-linux-android19 --gcc-toolchain=/Users/qkdreyer/Library/Android/sdk/ndk/21.3.6528147/toolchains/llvm/prebuilt/darwin-x86_64 --sysroot=/Users/qkdreyer/Library/Android/sdk/ndk/21.3.6528147/toolchains/llvm/prebuilt/darwin-x86_64/sysroot   -std=c11 -g -DANDROID -fdata-sections -ffunction-sections -funwind-tables -fstack-protector-strong -no-canonical-prefixes -mstackrealign -D_FORTIFY_SOURCE=2 -Wformat -Werror=format-security   -D_FILE_OFFSET_BITS=64 -D_LARGEFILE_SOURCE -D_LARGE_FILES -fPIE -o CMakeFiles/cmTC_ab034.dir/CheckIncludeFile.c.o   -c CheckIncludeFile.c
In file included from CheckIncludeFile.c:1:
/Users/qkdreyer/Library/Android/sdk/ndk/21.3.6528147/toolchains/llvm/prebuilt/darwin-x86_64/lib64/clang/9.0.8/include/intrin.h:12:15: fatal error: 'intrin.h' file not found
#include_next <intrin.h>
              ^~~~~~~~~~
1 error generated.
ninja: build stopped: subcommand failed.


Determining if the include file ieeefp.h exists failed with the following output:
Change Dir: /Users/qkdreyer/Dev/heaps-android/heaps-android-app/heapsapp/.externalNativeBuild/cmake/release/x86/CMakeFiles/CMakeTmp

Run Build Command:"/Users/qkdreyer/Library/Android/sdk/cmake/3.10.2.4988404/bin/ninja" "cmTC_7b05e"
[1/2] Building C object CMakeFiles/cmTC_7b05e.dir/CheckIncludeFile.c.o
FAILED: CMakeFiles/cmTC_7b05e.dir/CheckIncludeFile.c.o 
/Users/qkdreyer/Library/Android/sdk/ndk/21.3.6528147/toolchains/llvm/prebuilt/darwin-x86_64/bin/clang --target=i686-none-linux-android19 --gcc-toolchain=/Users/qkdreyer/Library/Android/sdk/ndk/21.3.6528147/toolchains/llvm/prebuilt/darwin-x86_64 --sysroot=/Users/qkdreyer/Library/Android/sdk/ndk/21.3.6528147/toolchains/llvm/prebuilt/darwin-x86_64/sysroot   -std=c11 -g -DANDROID -fdata-sections -ffunction-sections -funwind-tables -fstack-protector-strong -no-canonical-prefixes -mstackrealign -D_FORTIFY_SOURCE=2 -Wformat -Werror=format-security   -D_FILE_OFFSET_BITS=64 -D_LARGEFILE_SOURCE -D_LARGE_FILES -fPIE -o CMakeFiles/cmTC_7b05e.dir/CheckIncludeFile.c.o   -c CheckIncludeFile.c
CheckIncludeFile.c:1:10: fatal error: 'ieeefp.h' file not found
#include <ieeefp.h>
         ^~~~~~~~~~
1 error generated.
ninja: build stopped: subcommand failed.


Determining if the include file guiddef.h exists failed with the following output:
Change Dir: /Users/qkdreyer/Dev/heaps-android/heaps-android-app/heapsapp/.externalNativeBuild/cmake/release/x86/CMakeFiles/CMakeTmp

Run Build Command:"/Users/qkdreyer/Library/Android/sdk/cmake/3.10.2.4988404/bin/ninja" "cmTC_54313"
[1/2] Building C object CMakeFiles/cmTC_54313.dir/CheckIncludeFile.c.o
FAILED: CMakeFiles/cmTC_54313.dir/CheckIncludeFile.c.o 
/Users/qkdreyer/Library/Android/sdk/ndk/21.3.6528147/toolchains/llvm/prebuilt/darwin-x86_64/bin/clang --target=i686-none-linux-android19 --gcc-toolchain=/Users/qkdreyer/Library/Android/sdk/ndk/21.3.6528147/toolchains/llvm/prebuilt/darwin-x86_64 --sysroot=/Users/qkdreyer/Library/Android/sdk/ndk/21.3.6528147/toolchains/llvm/prebuilt/darwin-x86_64/sysroot   -std=c11 -g -DANDROID -fdata-sections -ffunction-sections -funwind-tables -fstack-protector-strong -no-canonical-prefixes -mstackrealign -D_FORTIFY_SOURCE=2 -Wformat -Werror=format-security   -D_FILE_OFFSET_BITS=64 -D_LARGEFILE_SOURCE -D_LARGE_FILES -fPIE -o CMakeFiles/cmTC_54313.dir/CheckIncludeFile.c.o   -c CheckIncludeFile.c
CheckIncludeFile.c:1:10: fatal error: 'guiddef.h' file not found
#include <guiddef.h>
         ^~~~~~~~~~~
1 error generated.
ninja: build stopped: subcommand failed.


Determining if the include file initguid.h exists failed with the following output:
Change Dir: /Users/qkdreyer/Dev/heaps-android/heaps-android-app/heapsapp/.externalNativeBuild/cmake/release/x86/CMakeFiles/CMakeTmp

Run Build Command:"/Users/qkdreyer/Library/Android/sdk/cmake/3.10.2.4988404/bin/ninja" "cmTC_bd2a9"
[1/2] Building C object CMakeFiles/cmTC_bd2a9.dir/CheckIncludeFile.c.o
FAILED: CMakeFiles/cmTC_bd2a9.dir/CheckIncludeFile.c.o 
/Users/qkdreyer/Library/Android/sdk/ndk/21.3.6528147/toolchains/llvm/prebuilt/darwin-x86_64/bin/clang --target=i686-none-linux-android19 --gcc-toolchain=/Users/qkdreyer/Library/Android/sdk/ndk/21.3.6528147/toolchains/llvm/prebuilt/darwin-x86_64 --sysroot=/Users/qkdreyer/Library/Android/sdk/ndk/21.3.6528147/toolchains/llvm/prebuilt/darwin-x86_64/sysroot   -std=c11 -g -DANDROID -fdata-sections -ffunction-sections -funwind-tables -fstack-protector-strong -no-canonical-prefixes -mstackrealign -D_FORTIFY_SOURCE=2 -Wformat -Werror=format-security   -D_FILE_OFFSET_BITS=64 -D_LARGEFILE_SOURCE -D_LARGE_FILES -fPIE -o CMakeFiles/cmTC_bd2a9.dir/CheckIncludeFile.c.o   -c CheckIncludeFile.c
CheckIncludeFile.c:1:10: fatal error: 'initguid.h' file not found
#include <initguid.h>
         ^~~~~~~~~~~~
1 error generated.
ninja: build stopped: subcommand failed.


Determining if the aligned_alloc exist failed with the following output:
Change Dir: /Users/qkdreyer/Dev/heaps-android/heaps-android-app/heapsapp/.externalNativeBuild/cmake/release/x86/CMakeFiles/CMakeTmp

Run Build Command:"/Users/qkdreyer/Library/Android/sdk/cmake/3.10.2.4988404/bin/ninja" "cmTC_435a3"
[1/2] Building C object CMakeFiles/cmTC_435a3.dir/CheckSymbolExists.c.o
FAILED: CMakeFiles/cmTC_435a3.dir/CheckSymbolExists.c.o 
/Users/qkdreyer/Library/Android/sdk/ndk/21.3.6528147/toolchains/llvm/prebuilt/darwin-x86_64/bin/clang --target=i686-none-linux-android19 --gcc-toolchain=/Users/qkdreyer/Library/Android/sdk/ndk/21.3.6528147/toolchains/llvm/prebuilt/darwin-x86_64 --sysroot=/Users/qkdreyer/Library/Android/sdk/ndk/21.3.6528147/toolchains/llvm/prebuilt/darwin-x86_64/sysroot   -std=c11 -g -DANDROID -fdata-sections -ffunction-sections -funwind-tables -fstack-protector-strong -no-canonical-prefixes -mstackrealign -D_FORTIFY_SOURCE=2 -Wformat -Werror=format-security   -D_FILE_OFFSET_BITS=64 -D_LARGEFILE_SOURCE -D_LARGE_FILES -fPIE -o CMakeFiles/cmTC_435a3.dir/CheckSymbolExists.c.o   -c CheckSymbolExists.c
CheckSymbolExists.c:8:19: error: use of undeclared identifier 'aligned_alloc'
  return ((int*)(&aligned_alloc))[argc];
                  ^
1 error generated.
ninja: build stopped: subcommand failed.

File /Users/qkdreyer/Dev/heaps-android/heaps-android-app/heapsapp/.externalNativeBuild/cmake/release/x86/CMakeFiles/CMakeTmp/CheckSymbolExists.c:
/* */
#include <stdlib.h>

int main(int argc, char** argv)
{
  (void)argv;
#ifndef aligned_alloc
  return ((int*)(&aligned_alloc))[argc];
#else
  (void)argc;
  return 0;
#endif
}

Determining if the _aligned_malloc exist failed with the following output:
Change Dir: /Users/qkdreyer/Dev/heaps-android/heaps-android-app/heapsapp/.externalNativeBuild/cmake/release/x86/CMakeFiles/CMakeTmp

Run Build Command:"/Users/qkdreyer/Library/Android/sdk/cmake/3.10.2.4988404/bin/ninja" "cmTC_e9f08"
[1/2] Building C object CMakeFiles/cmTC_e9f08.dir/CheckSymbolExists.c.o
FAILED: CMakeFiles/cmTC_e9f08.dir/CheckSymbolExists.c.o 
/Users/qkdreyer/Library/Android/sdk/ndk/21.3.6528147/toolchains/llvm/prebuilt/darwin-x86_64/bin/clang --target=i686-none-linux-android19 --gcc-toolchain=/Users/qkdreyer/Library/Android/sdk/ndk/21.3.6528147/toolchains/llvm/prebuilt/darwin-x86_64 --sysroot=/Users/qkdreyer/Library/Android/sdk/ndk/21.3.6528147/toolchains/llvm/prebuilt/darwin-x86_64/sysroot   -std=c11 -g -DANDROID -fdata-sections -ffunction-sections -funwind-tables -fstack-protector-strong -no-canonical-prefixes -mstackrealign -D_FORTIFY_SOURCE=2 -Wformat -Werror=format-security   -D_FILE_OFFSET_BITS=64 -D_LARGEFILE_SOURCE -D_LARGE_FILES -fPIE -o CMakeFiles/cmTC_e9f08.dir/CheckSymbolExists.c.o   -c CheckSymbolExists.c
CheckSymbolExists.c:8:19: error: use of undeclared identifier '_aligned_malloc'
  return ((int*)(&_aligned_malloc))[argc];
                  ^
1 error generated.
ninja: build stopped: subcommand failed.

File /Users/qkdreyer/Dev/heaps-android/heaps-android-app/heapsapp/.externalNativeBuild/cmake/release/x86/CMakeFiles/CMakeTmp/CheckSymbolExists.c:
/* */
#include <malloc.h>

int main(int argc, char** argv)
{
  (void)argv;
#ifndef _aligned_malloc
  return ((int*)(&_aligned_malloc))[argc];
#else
  (void)argc;
  return 0;
#endif
}

Determining if the proc_pidpath exist failed with the following output:
Change Dir: /Users/qkdreyer/Dev/heaps-android/heaps-android-app/heapsapp/.externalNativeBuild/cmake/release/x86/CMakeFiles/CMakeTmp

Run Build Command:"/Users/qkdreyer/Library/Android/sdk/cmake/3.10.2.4988404/bin/ninja" "cmTC_baf8f"
[1/2] Building C object CMakeFiles/cmTC_baf8f.dir/CheckSymbolExists.c.o
FAILED: CMakeFiles/cmTC_baf8f.dir/CheckSymbolExists.c.o 
/Users/qkdreyer/Library/Android/sdk/ndk/21.3.6528147/toolchains/llvm/prebuilt/darwin-x86_64/bin/clang --target=i686-none-linux-android19 --gcc-toolchain=/Users/qkdreyer/Library/Android/sdk/ndk/21.3.6528147/toolchains/llvm/prebuilt/darwin-x86_64 --sysroot=/Users/qkdreyer/Library/Android/sdk/ndk/21.3.6528147/toolchains/llvm/prebuilt/darwin-x86_64/sysroot   -std=c11 -g -DANDROID -fdata-sections -ffunction-sections -funwind-tables -fstack-protector-strong -no-canonical-prefixes -mstackrealign -D_FORTIFY_SOURCE=2 -Wformat -Werror=format-security   -D_FILE_OFFSET_BITS=64 -D_LARGEFILE_SOURCE -D_LARGE_FILES -fPIE -o CMakeFiles/cmTC_baf8f.dir/CheckSymbolExists.c.o   -c CheckSymbolExists.c
CheckSymbolExists.c:2:10: fatal error: 'libproc.h' file not found
#include <libproc.h>
         ^~~~~~~~~~~
1 error generated.
ninja: build stopped: subcommand failed.

File /Users/qkdreyer/Dev/heaps-android/heaps-android-app/heapsapp/.externalNativeBuild/cmake/release/x86/CMakeFiles/CMakeTmp/CheckSymbolExists.c:
/* */
#include <libproc.h>

int main(int argc, char** argv)
{
  (void)argv;
#ifndef proc_pidpath
  return ((int*)(&proc_pidpath))[argc];
#else
  (void)argc;
  return 0;
#endif
}

Determining if the _controlfp exist failed with the following output:
Change Dir: /Users/qkdreyer/Dev/heaps-android/heaps-android-app/heapsapp/.externalNativeBuild/cmake/release/x86/CMakeFiles/CMakeTmp

Run Build Command:"/Users/qkdreyer/Library/Android/sdk/cmake/3.10.2.4988404/bin/ninja" "cmTC_bfd20"
[1/2] Building C object CMakeFiles/cmTC_bfd20.dir/CheckSymbolExists.c.o
FAILED: CMakeFiles/cmTC_bfd20.dir/CheckSymbolExists.c.o 
/Users/qkdreyer/Library/Android/sdk/ndk/21.3.6528147/toolchains/llvm/prebuilt/darwin-x86_64/bin/clang --target=i686-none-linux-android19 --gcc-toolchain=/Users/qkdreyer/Library/Android/sdk/ndk/21.3.6528147/toolchains/llvm/prebuilt/darwin-x86_64 --sysroot=/Users/qkdreyer/Library/Android/sdk/ndk/21.3.6528147/toolchains/llvm/prebuilt/darwin-x86_64/sysroot   -std=c11 -g -DANDROID -fdata-sections -ffunction-sections -funwind-tables -fstack-protector-strong -no-canonical-prefixes -mstackrealign -D_FORTIFY_SOURCE=2 -Wformat -Werror=format-security   -D_FILE_OFFSET_BITS=64 -D_LARGEFILE_SOURCE -D_LARGE_FILES -fPIE -o CMakeFiles/cmTC_bfd20.dir/CheckSymbolExists.c.o   -c CheckSymbolExists.c
CheckSymbolExists.c:8:19: error: use of undeclared identifier '_controlfp'
  return ((int*)(&_controlfp))[argc];
                  ^
1 error generated.
ninja: build stopped: subcommand failed.

File /Users/qkdreyer/Dev/heaps-android/heaps-android-app/heapsapp/.externalNativeBuild/cmake/release/x86/CMakeFiles/CMakeTmp/CheckSymbolExists.c:
/* */
#include <float.h>

int main(int argc, char** argv)
{
  (void)argv;
#ifndef _controlfp
  return ((int*)(&_controlfp))[argc];
#else
  (void)argc;
  return 0;
#endif
}

Determining if the __control87_2 exist failed with the following output:
Change Dir: /Users/qkdreyer/Dev/heaps-android/heaps-android-app/heapsapp/.externalNativeBuild/cmake/release/x86/CMakeFiles/CMakeTmp

Run Build Command:"/Users/qkdreyer/Library/Android/sdk/cmake/3.10.2.4988404/bin/ninja" "cmTC_f7ac9"
[1/2] Building C object CMakeFiles/cmTC_f7ac9.dir/CheckSymbolExists.c.o
FAILED: CMakeFiles/cmTC_f7ac9.dir/CheckSymbolExists.c.o 
/Users/qkdreyer/Library/Android/sdk/ndk/21.3.6528147/toolchains/llvm/prebuilt/darwin-x86_64/bin/clang --target=i686-none-linux-android19 --gcc-toolchain=/Users/qkdreyer/Library/Android/sdk/ndk/21.3.6528147/toolchains/llvm/prebuilt/darwin-x86_64 --sysroot=/Users/qkdreyer/Library/Android/sdk/ndk/21.3.6528147/toolchains/llvm/prebuilt/darwin-x86_64/sysroot   -std=c11 -g -DANDROID -fdata-sections -ffunction-sections -funwind-tables -fstack-protector-strong -no-canonical-prefixes -mstackrealign -D_FORTIFY_SOURCE=2 -Wformat -Werror=format-security   -D_FILE_OFFSET_BITS=64 -D_LARGEFILE_SOURCE -D_LARGE_FILES -fPIE -o CMakeFiles/cmTC_f7ac9.dir/CheckSymbolExists.c.o   -c CheckSymbolExists.c
CheckSymbolExists.c:8:19: error: use of undeclared identifier '__control87_2'
  return ((int*)(&__control87_2))[argc];
                  ^
1 error generated.
ninja: build stopped: subcommand failed.

File /Users/qkdreyer/Dev/heaps-android/heaps-android-app/heapsapp/.externalNativeBuild/cmake/release/x86/CMakeFiles/CMakeTmp/CheckSymbolExists.c:
/* */
#include <float.h>

int main(int argc, char** argv)
{
  (void)argv;
#ifndef __control87_2
  return ((int*)(&__control87_2))[argc];
#else
  (void)argc;
  return 0;
#endif
}

Determining if the function strtof exists failed with the following output:
Change Dir: /Users/qkdreyer/Dev/heaps-android/heaps-android-app/heapsapp/.externalNativeBuild/cmake/release/x86/CMakeFiles/CMakeTmp

Run Build Command:"/Users/qkdreyer/Library/Android/sdk/cmake/3.10.2.4988404/bin/ninja" "cmTC_c5488"
[1/2] Building C object CMakeFiles/cmTC_c5488.dir/CheckFunctionExists.c.o
/Users/qkdreyer/Library/Android/sdk/cmake/3.10.2.4988404/share/cmake-3.10/Modules/CheckFunctionExists.c:7:3: warning: incompatible redeclaration of library function 'strtof' [-Wincompatible-library-redeclaration]
  CHECK_FUNCTION_EXISTS(void);
  ^
<command line>:3:31: note: expanded from here
#define CHECK_FUNCTION_EXISTS strtof
                              ^
/Users/qkdreyer/Library/Android/sdk/cmake/3.10.2.4988404/share/cmake-3.10/Modules/CheckFunctionExists.c:7:3: note: 'strtof' is a builtin with type 'float (const char *, char **)'
<command line>:3:31: note: expanded from here
#define CHECK_FUNCTION_EXISTS strtof
                              ^
1 warning generated.
[2/2] Linking C executable cmTC_c5488
FAILED: cmTC_c5488 
: && /Users/qkdreyer/Library/Android/sdk/ndk/21.3.6528147/toolchains/llvm/prebuilt/darwin-x86_64/bin/clang --target=i686-none-linux-android19 --gcc-toolchain=/Users/qkdreyer/Library/Android/sdk/ndk/21.3.6528147/toolchains/llvm/prebuilt/darwin-x86_64 --sysroot=/Users/qkdreyer/Library/Android/sdk/ndk/21.3.6528147/toolchains/llvm/prebuilt/darwin-x86_64/sysroot -std=c11 -g -DANDROID -fdata-sections -ffunction-sections -funwind-tables -fstack-protector-strong -no-canonical-prefixes -mstackrealign -D_FORTIFY_SOURCE=2 -Wformat -Werror=format-security  -DCHECK_FUNCTION_EXISTS=strtof  -D_FILE_OFFSET_BITS=64 -D_LARGEFILE_SOURCE -D_LARGE_FILES  -Wl,--exclude-libs,libgcc.a -Wl,--exclude-libs,libgcc_real.a -Wl,--exclude-libs,libatomic.a -static-libstdc++ -Wl,--build-id -Wl,--fatal-warnings -Wl,--no-undefined -Qunused-arguments -Wl,--gc-sections CMakeFiles/cmTC_c5488.dir/CheckFunctionExists.c.o  -o cmTC_c5488  -latomic -llog -lm -ldl -latomic -lm && :
/Users/qkdreyer/Library/Android/sdk/cmake/3.10.2.4988404/share/cmake-3.10/Modules/CheckFunctionExists.c:17: error: undefined reference to 'strtof'
clang: error: linker command failed with exit code 1 (use -v to see invocation)
ninja: build stopped: subcommand failed.


Determining if the include file windows.h exists failed with the following output:
Change Dir: /Users/qkdreyer/Dev/heaps-android/heaps-android-app/heapsapp/.externalNativeBuild/cmake/release/x86/CMakeFiles/CMakeTmp

Run Build Command:"/Users/qkdreyer/Library/Android/sdk/cmake/3.10.2.4988404/bin/ninja" "cmTC_e0ac4"
[1/2] Building C object CMakeFiles/cmTC_e0ac4.dir/CheckIncludeFile.c.o
FAILED: CMakeFiles/cmTC_e0ac4.dir/CheckIncludeFile.c.o 
/Users/qkdreyer/Library/Android/sdk/ndk/21.3.6528147/toolchains/llvm/prebuilt/darwin-x86_64/bin/clang --target=i686-none-linux-android19 --gcc-toolchain=/Users/qkdreyer/Library/Android/sdk/ndk/21.3.6528147/toolchains/llvm/prebuilt/darwin-x86_64 --sysroot=/Users/qkdreyer/Library/Android/sdk/ndk/21.3.6528147/toolchains/llvm/prebuilt/darwin-x86_64/sysroot -D_WIN32_WINNT=0x0502  -std=c11 -g -DANDROID -fdata-sections -ffunction-sections -funwind-tables -fstack-protector-strong -no-canonical-prefixes -mstackrealign -D_FORTIFY_SOURCE=2 -Wformat -Werror=format-security   -D_FILE_OFFSET_BITS=64 -D_LARGEFILE_SOURCE -D_LARGE_FILES -fPIE -o CMakeFiles/cmTC_e0ac4.dir/CheckIncludeFile.c.o   -c CheckIncludeFile.c
CheckIncludeFile.c:1:10: fatal error: 'windows.h' file not found
#include <windows.h>
         ^~~~~~~~~~~
1 error generated.
ninja: build stopped: subcommand failed.


Determining if the function pthread_create exists in the pthread failed with the following output:
Change Dir: /Users/qkdreyer/Dev/heaps-android/heaps-android-app/heapsapp/.externalNativeBuild/cmake/release/x86/CMakeFiles/CMakeTmp

Run Build Command:"/Users/qkdreyer/Library/Android/sdk/cmake/3.10.2.4988404/bin/ninja" "cmTC_6e753"
[1/2] Building C object CMakeFiles/cmTC_6e753.dir/CheckFunctionExists.c.o
[2/2] Linking C executable cmTC_6e753
FAILED: cmTC_6e753 
: && /Users/qkdreyer/Library/Android/sdk/ndk/21.3.6528147/toolchains/llvm/prebuilt/darwin-x86_64/bin/clang --target=i686-none-linux-android19 --gcc-toolchain=/Users/qkdreyer/Library/Android/sdk/ndk/21.3.6528147/toolchains/llvm/prebuilt/darwin-x86_64 --sysroot=/Users/qkdreyer/Library/Android/sdk/ndk/21.3.6528147/toolchains/llvm/prebuilt/darwin-x86_64/sysroot -std=c11 -g -DANDROID -fdata-sections -ffunction-sections -funwind-tables -fstack-protector-strong -no-canonical-prefixes -mstackrealign -D_FORTIFY_SOURCE=2 -Wformat -Werror=format-security  -DCHECK_FUNCTION_EXISTS=pthread_create  -D_FILE_OFFSET_BITS=64 -D_LARGEFILE_SOURCE -D_LARGE_FILES -pthread  -Wl,--exclude-libs,libgcc.a -Wl,--exclude-libs,libgcc_real.a -Wl,--exclude-libs,libatomic.a -static-libstdc++ -Wl,--build-id -Wl,--fatal-warnings -Wl,--no-undefined -Qunused-arguments -Wl,--gc-sections CMakeFiles/cmTC_6e753.dir/CheckFunctionExists.c.o  -o cmTC_6e753  -lpthread -latomic -llog -lm -ldl -latomic -lm && :
/Users/qkdreyer/Library/Android/sdk/ndk/21.3.6528147/toolchains/llvm/prebuilt/darwin-x86_64/lib/gcc/i686-linux-android/4.9.x/../../../../i686-linux-android/bin/ld: error: cannot find -lpthread
clang: error: linker command failed with exit code 1 (use -v to see invocation)
ninja: build stopped: subcommand failed.


Performing C SOURCE FILE Test PTHREAD_SETNAME_NP_ONE_PARAM failed with the following output:
Change Dir: /Users/qkdreyer/Dev/heaps-android/heaps-android-app/heapsapp/.externalNativeBuild/cmake/release/x86/CMakeFiles/CMakeTmp

Run Build Command:"/Users/qkdreyer/Library/Android/sdk/cmake/3.10.2.4988404/bin/ninja" "cmTC_e68c4"
[1/2] Building C object CMakeFiles/cmTC_e68c4.dir/src.c.o
FAILED: CMakeFiles/cmTC_e68c4.dir/src.c.o 
/Users/qkdreyer/Library/Android/sdk/ndk/21.3.6528147/toolchains/llvm/prebuilt/darwin-x86_64/bin/clang --target=i686-none-linux-android19 --gcc-toolchain=/Users/qkdreyer/Library/Android/sdk/ndk/21.3.6528147/toolchains/llvm/prebuilt/darwin-x86_64 --sysroot=/Users/qkdreyer/Library/Android/sdk/ndk/21.3.6528147/toolchains/llvm/prebuilt/darwin-x86_64/sysroot   -std=c11 -g -DANDROID -fdata-sections -ffunction-sections -funwind-tables -fstack-protector-strong -no-canonical-prefixes -mstackrealign -D_FORTIFY_SOURCE=2 -Wformat -Werror=format-security  -DPTHREAD_SETNAME_NP_ONE_PARAM  -D_FILE_OFFSET_BITS=64 -D_LARGEFILE_SOURCE -D_LARGE_FILES -pthread -fPIE -o CMakeFiles/cmTC_e68c4.dir/src.c.o   -c src.c
src.c:5:34: error: too few arguments to function call, expected 2, have 1
    pthread_setname_np("testname");
    ~~~~~~~~~~~~~~~~~~           ^
/Users/qkdreyer/Library/Android/sdk/ndk/21.3.6528147/toolchains/llvm/prebuilt/darwin-x86_64/sysroot/usr/include/pthread.h:352:1: note: 'pthread_setname_np' declared here
int pthread_setname_np(pthread_t __pthread, const char* __name);
^
1 error generated.
ninja: build stopped: subcommand failed.

Source file was:

#include <pthread.h>
int main()
{
    pthread_setname_np("testname");
    return 0;
}
Performing C SOURCE FILE Test PTHREAD_SETNAME_NP_THREE_PARAMS failed with the following output:
Change Dir: /Users/qkdreyer/Dev/heaps-android/heaps-android-app/heapsapp/.externalNativeBuild/cmake/release/x86/CMakeFiles/CMakeTmp

Run Build Command:"/Users/qkdreyer/Library/Android/sdk/cmake/3.10.2.4988404/bin/ninja" "cmTC_0c184"
[1/2] Building C object CMakeFiles/cmTC_0c184.dir/src.c.o
FAILED: CMakeFiles/cmTC_0c184.dir/src.c.o 
/Users/qkdreyer/Library/Android/sdk/ndk/21.3.6528147/toolchains/llvm/prebuilt/darwin-x86_64/bin/clang --target=i686-none-linux-android19 --gcc-toolchain=/Users/qkdreyer/Library/Android/sdk/ndk/21.3.6528147/toolchains/llvm/prebuilt/darwin-x86_64 --sysroot=/Users/qkdreyer/Library/Android/sdk/ndk/21.3.6528147/toolchains/llvm/prebuilt/darwin-x86_64/sysroot   -std=c11 -g -DANDROID -fdata-sections -ffunction-sections -funwind-tables -fstack-protector-strong -no-canonical-prefixes -mstackrealign -D_FORTIFY_SOURCE=2 -Wformat -Werror=format-security  -DPTHREAD_SETNAME_NP_THREE_PARAMS  -D_FILE_OFFSET_BITS=64 -D_LARGEFILE_SOURCE -D_LARGE_FILES -pthread -fPIE -o CMakeFiles/cmTC_0c184.dir/src.c.o   -c src.c
src.c:5:46: error: too many arguments to function call, expected 2, have 3
    pthread_setname_np(pthread_self(), "%s", "testname");
    ~~~~~~~~~~~~~~~~~~                       ^~~~~~~~~~
/Users/qkdreyer/Library/Android/sdk/ndk/21.3.6528147/toolchains/llvm/prebuilt/darwin-x86_64/sysroot/usr/include/pthread.h:352:1: note: 'pthread_setname_np' declared here
int pthread_setname_np(pthread_t __pthread, const char* __name);
^
1 error generated.
ninja: build stopped: subcommand failed.

Source file was:

#include <pthread.h>
int main()
{
    pthread_setname_np(pthread_self(), "%s", "testname");
    return 0;
}
Determining if the pthread_mutexattr_setkind_np exist failed with the following output:
Change Dir: /Users/qkdreyer/Dev/heaps-android/heaps-android-app/heapsapp/.externalNativeBuild/cmake/release/x86/CMakeFiles/CMakeTmp

Run Build Command:"/Users/qkdreyer/Library/Android/sdk/cmake/3.10.2.4988404/bin/ninja" "cmTC_66dfb"
[1/2] Building C object CMakeFiles/cmTC_66dfb.dir/CheckSymbolExists.c.o
FAILED: CMakeFiles/cmTC_66dfb.dir/CheckSymbolExists.c.o 
/Users/qkdreyer/Library/Android/sdk/ndk/21.3.6528147/toolchains/llvm/prebuilt/darwin-x86_64/bin/clang --target=i686-none-linux-android19 --gcc-toolchain=/Users/qkdreyer/Library/Android/sdk/ndk/21.3.6528147/toolchains/llvm/prebuilt/darwin-x86_64 --sysroot=/Users/qkdreyer/Library/Android/sdk/ndk/21.3.6528147/toolchains/llvm/prebuilt/darwin-x86_64/sysroot   -std=c11 -g -DANDROID -fdata-sections -ffunction-sections -funwind-tables -fstack-protector-strong -no-canonical-prefixes -mstackrealign -D_FORTIFY_SOURCE=2 -Wformat -Werror=format-security   -D_FILE_OFFSET_BITS=64 -D_LARGEFILE_SOURCE -D_LARGE_FILES -pthread -fPIE -o CMakeFiles/cmTC_66dfb.dir/CheckSymbolExists.c.o   -c CheckSymbolExists.c
CheckSymbolExists.c:8:19: error: use of undeclared identifier 'pthread_mutexattr_setkind_np'
  return ((int*)(&pthread_mutexattr_setkind_np))[argc];
                  ^
1 error generated.
ninja: build stopped: subcommand failed.

File /Users/qkdreyer/Dev/heaps-android/heaps-android-app/heapsapp/.externalNativeBuild/cmake/release/x86/CMakeFiles/CMakeTmp/CheckSymbolExists.c:
/* */
#include <pthread.h>

int main(int argc, char** argv)
{
  (void)argv;
#ifndef pthread_mutexattr_setkind_np
  return ((int*)(&pthread_mutexattr_setkind_np))[argc];
#else
  (void)argc;
  return 0;
#endif
}

Determining if the pthread_mutex_timedlock exist failed with the following output:
Change Dir: /Users/qkdreyer/Dev/heaps-android/heaps-android-app/heapsapp/.externalNativeBuild/cmake/release/x86/CMakeFiles/CMakeTmp

Run Build Command:"/Users/qkdreyer/Library/Android/sdk/cmake/3.10.2.4988404/bin/ninja" "cmTC_3d710"
[1/2] Building C object CMakeFiles/cmTC_3d710.dir/CheckSymbolExists.c.o
FAILED: CMakeFiles/cmTC_3d710.dir/CheckSymbolExists.c.o 
/Users/qkdreyer/Library/Android/sdk/ndk/21.3.6528147/toolchains/llvm/prebuilt/darwin-x86_64/bin/clang --target=i686-none-linux-android19 --gcc-toolchain=/Users/qkdreyer/Library/Android/sdk/ndk/21.3.6528147/toolchains/llvm/prebuilt/darwin-x86_64 --sysroot=/Users/qkdreyer/Library/Android/sdk/ndk/21.3.6528147/toolchains/llvm/prebuilt/darwin-x86_64/sysroot   -std=c11 -g -DANDROID -fdata-sections -ffunction-sections -funwind-tables -fstack-protector-strong -no-canonical-prefixes -mstackrealign -D_FORTIFY_SOURCE=2 -Wformat -Werror=format-security   -D_FILE_OFFSET_BITS=64 -D_LARGEFILE_SOURCE -D_LARGE_FILES -pthread -fPIE -o CMakeFiles/cmTC_3d710.dir/CheckSymbolExists.c.o   -c CheckSymbolExists.c
CheckSymbolExists.c:8:19: error: use of undeclared identifier 'pthread_mutex_timedlock'; did you mean 'pthread_mutex_trylock'?
  return ((int*)(&pthread_mutex_timedlock))[argc];
                  ^~~~~~~~~~~~~~~~~~~~~~~
                  pthread_mutex_trylock
/Users/qkdreyer/Library/Android/sdk/ndk/21.3.6528147/toolchains/llvm/prebuilt/darwin-x86_64/sysroot/usr/include/pthread.h:255:5: note: 'pthread_mutex_trylock' declared here
int pthread_mutex_trylock(pthread_mutex_t* __mutex);
    ^
1 error generated.
ninja: build stopped: subcommand failed.

File /Users/qkdreyer/Dev/heaps-android/heaps-android-app/heapsapp/.externalNativeBuild/cmake/release/x86/CMakeFiles/CMakeTmp/CheckSymbolExists.c:
/* */
#include <pthread.h>

int main(int argc, char** argv)
{
  (void)argv;
#ifndef pthread_mutex_timedlock
  return ((int*)(&pthread_mutex_timedlock))[argc];
#else
  (void)argc;
  return 0;
#endif
}

Determining if the function clock_gettime exists in the rt failed with the following output:
Change Dir: /Users/qkdreyer/Dev/heaps-android/heaps-android-app/heapsapp/.externalNativeBuild/cmake/release/x86/CMakeFiles/CMakeTmp

Run Build Command:"/Users/qkdreyer/Library/Android/sdk/cmake/3.10.2.4988404/bin/ninja" "cmTC_0a993"
[1/2] Building C object CMakeFiles/cmTC_0a993.dir/CheckFunctionExists.c.o
[2/2] Linking C executable cmTC_0a993
FAILED: cmTC_0a993 
: && /Users/qkdreyer/Library/Android/sdk/ndk/21.3.6528147/toolchains/llvm/prebuilt/darwin-x86_64/bin/clang --target=i686-none-linux-android19 --gcc-toolchain=/Users/qkdreyer/Library/Android/sdk/ndk/21.3.6528147/toolchains/llvm/prebuilt/darwin-x86_64 --sysroot=/Users/qkdreyer/Library/Android/sdk/ndk/21.3.6528147/toolchains/llvm/prebuilt/darwin-x86_64/sysroot -std=c11 -g -DANDROID -fdata-sections -ffunction-sections -funwind-tables -fstack-protector-strong -no-canonical-prefixes -mstackrealign -D_FORTIFY_SOURCE=2 -Wformat -Werror=format-security  -DCHECK_FUNCTION_EXISTS=clock_gettime  -D_FILE_OFFSET_BITS=64 -D_LARGEFILE_SOURCE -D_LARGE_FILES -pthread  -Wl,--exclude-libs,libgcc.a -Wl,--exclude-libs,libgcc_real.a -Wl,--exclude-libs,libatomic.a -static-libstdc++ -Wl,--build-id -Wl,--fatal-warnings -Wl,--no-undefined -Qunused-arguments -Wl,--gc-sections CMakeFiles/cmTC_0a993.dir/CheckFunctionExists.c.o  -o cmTC_0a993  -lrt -latomic -llog -lm -ldl -latomic -lm && :
/Users/qkdreyer/Library/Android/sdk/ndk/21.3.6528147/toolchains/llvm/prebuilt/darwin-x86_64/lib/gcc/i686-linux-android/4.9.x/../../../../i686-linux-android/bin/ld: error: cannot find -lrt
clang: error: linker command failed with exit code 1 (use -v to see invocation)
ninja: build stopped: subcommand failed.


Determining if the include file arm_neon.h exists failed with the following output:
Change Dir: /Users/qkdreyer/Dev/heaps-android/heaps-android-app/heapsapp/.externalNativeBuild/cmake/release/x86/CMakeFiles/CMakeTmp

Run Build Command:"/Users/qkdreyer/Library/Android/sdk/cmake/3.10.2.4988404/bin/ninja" "cmTC_27205"
[1/2] Building C object CMakeFiles/cmTC_27205.dir/CheckIncludeFile.c.o
FAILED: CMakeFiles/cmTC_27205.dir/CheckIncludeFile.c.o 
/Users/qkdreyer/Library/Android/sdk/ndk/21.3.6528147/toolchains/llvm/prebuilt/darwin-x86_64/bin/clang --target=i686-none-linux-android19 --gcc-toolchain=/Users/qkdreyer/Library/Android/sdk/ndk/21.3.6528147/toolchains/llvm/prebuilt/darwin-x86_64 --sysroot=/Users/qkdreyer/Library/Android/sdk/ndk/21.3.6528147/toolchains/llvm/prebuilt/darwin-x86_64/sysroot   -std=c11 -g -DANDROID -fdata-sections -ffunction-sections -funwind-tables -fstack-protector-strong -no-canonical-prefixes -mstackrealign -D_FORTIFY_SOURCE=2 -Wformat -Werror=format-security  -mfpu=neon  -D_FILE_OFFSET_BITS=64 -D_LARGEFILE_SOURCE -D_LARGE_FILES -pthread -fPIE -o CMakeFiles/cmTC_27205.dir/CheckIncludeFile.c.o   -c CheckIncludeFile.c
clang: warning: argument unused during compilation: '-mfpu=neon' [-Wunused-command-line-argument]
In file included from CheckIncludeFile.c:1:
/Users/qkdreyer/Library/Android/sdk/ndk/21.3.6528147/toolchains/llvm/prebuilt/darwin-x86_64/lib64/clang/9.0.8/include/arm_neon.h:28:2: error: "NEON support not enabled"
#error "NEON support not enabled"
 ^
/Users/qkdreyer/Library/Android/sdk/ndk/21.3.6528147/toolchains/llvm/prebuilt/darwin-x86_64/lib64/clang/9.0.8/include/arm_neon.h:48:24: error: 'neon_vector_type' attribute is not supported for this target
typedef __attribute__((neon_vector_type(8))) int8_t int8x8_t;
                       ^
/Users/qkdreyer/Library/Android/sdk/ndk/21.3.6528147/toolchains/llvm/prebuilt/darwin-x86_64/lib64/clang/9.0.8/include/arm_neon.h:49:24: error: 'neon_vector_type' attribute is not supported for this target
typedef __attribute__((neon_vector_type(16))) int8_t int8x16_t;
                       ^
/Users/qkdreyer/Library/Android/sdk/ndk/21.3.6528147/toolchains/llvm/prebuilt/darwin-x86_64/lib64/clang/9.0.8/include/arm_neon.h:50:24: error: 'neon_vector_type' attribute is not supported for this target
typedef __attribute__((neon_vector_type(4))) int16_t int16x4_t;
                       ^
/Users/qkdreyer/Library/Android/sdk/ndk/21.3.6528147/toolchains/llvm/prebuilt/darwin-x86_64/lib64/clang/9.0.8/include/arm_neon.h:51:24: error: 'neon_vector_type' attribute is not supported for this target
typedef __attribute__((neon_vector_type(8))) int16_t int16x8_t;
                       ^
/Users/qkdreyer/Library/Android/sdk/ndk/21.3.6528147/toolchains/llvm/prebuilt/darwin-x86_64/lib64/clang/9.0.8/include/arm_neon.h:52:24: error: 'neon_vector_type' attribute is not supported for this target
typedef __attribute__((neon_vector_type(2))) int32_t int32x2_t;
                       ^
/Users/qkdreyer/Library/Android/sdk/ndk/21.3.6528147/toolchains/llvm/prebuilt/darwin-x86_64/lib64/clang/9.0.8/include/arm_neon.h:53:24: error: 'neon_vector_type' attribute is not supported for this target
typedef __attribute__((neon_vector_type(4))) int32_t int32x4_t;
                       ^
/Users/qkdreyer/Library/Android/sdk/ndk/21.3.6528147/toolchains/llvm/prebuilt/darwin-x86_64/lib64/clang/9.0.8/include/arm_neon.h:54:24: error: 'neon_vector_type' attribute is not supported for this target
typedef __attribute__((neon_vector_type(1))) int64_t int64x1_t;
                       ^
/Users/qkdreyer/Library/Android/sdk/ndk/21.3.6528147/toolchains/llvm/prebuilt/darwin-x86_64/lib64/clang/9.0.8/include/arm_neon.h:55:24: error: 'neon_vector_type' attribute is not supported for this target
typedef __attribute__((neon_vector_type(2))) int64_t int64x2_t;
                       ^
/Users/qkdreyer/Library/Android/sdk/ndk/21.3.6528147/toolchains/llvm/prebuilt/darwin-x86_64/lib64/clang/9.0.8/include/arm_neon.h:56:24: error: 'neon_vector_type' attribute is not supported for this target
typedef __attribute__((neon_vector_type(8))) uint8_t uint8x8_t;
                       ^
/Users/qkdreyer/Library/Android/sdk/ndk/21.3.6528147/toolchains/llvm/prebuilt/darwin-x86_64/lib64/clang/9.0.8/include/arm_neon.h:57:24: error: 'neon_vector_type' attribute is not supported for this target
typedef __attribute__((neon_vector_type(16))) uint8_t uint8x16_t;
                       ^
/Users/qkdreyer/Library/Android/sdk/ndk/21.3.6528147/toolchains/llvm/prebuilt/darwin-x86_64/lib64/clang/9.0.8/include/arm_neon.h:58:24: error: 'neon_vector_type' attribute is not supported for this target
typedef __attribute__((neon_vector_type(4))) uint16_t uint16x4_t;
                       ^
/Users/qkdreyer/Library/Android/sdk/ndk/21.3.6528147/toolchains/llvm/prebuilt/darwin-x86_64/lib64/clang/9.0.8/include/arm_neon.h:59:24: error: 'neon_vector_type' attribute is not supported for this target
typedef __attribute__((neon_vector_type(8))) uint16_t uint16x8_t;
                       ^
/Users/qkdreyer/Library/Android/sdk/ndk/21.3.6528147/toolchains/llvm/prebuilt/darwin-x86_64/lib64/clang/9.0.8/include/arm_neon.h:60:24: error: 'neon_vector_type' attribute is not supported for this target
typedef __attribute__((neon_vector_type(2))) uint32_t uint32x2_t;
                       ^
/Users/qkdreyer/Library/Android/sdk/ndk/21.3.6528147/toolchains/llvm/prebuilt/darwin-x86_64/lib64/clang/9.0.8/include/arm_neon.h:61:24: error: 'neon_vector_type' attribute is not supported for this target
typedef __attribute__((neon_vector_type(4))) uint32_t uint32x4_t;
                       ^
/Users/qkdreyer/Library/Android/sdk/ndk/21.3.6528147/toolchains/llvm/prebuilt/darwin-x86_64/lib64/clang/9.0.8/include/arm_neon.h:62:24: error: 'neon_vector_type' attribute is not supported for this target
typedef __attribute__((neon_vector_type(1))) uint64_t uint64x1_t;
                       ^
/Users/qkdreyer/Library/Android/sdk/ndk/21.3.6528147/toolchains/llvm/prebuilt/darwin-x86_64/lib64/clang/9.0.8/include/arm_neon.h:63:24: error: 'neon_vector_type' attribute is not supported for this target
typedef __attribute__((neon_vector_type(2))) uint64_t uint64x2_t;
                       ^
/Users/qkdreyer/Library/Android/sdk/ndk/21.3.6528147/toolchains/llvm/prebuilt/darwin-x86_64/lib64/clang/9.0.8/include/arm_neon.h:64:24: error: 'neon_vector_type' attribute is not supported for this target
typedef __attribute__((neon_vector_type(4))) float16_t float16x4_t;
                       ^
/Users/qkdreyer/Library/Android/sdk/ndk/21.3.6528147/toolchains/llvm/prebuilt/darwin-x86_64/lib64/clang/9.0.8/include/arm_neon.h:65:24: error: 'neon_vector_type' attribute is not supported for this target
typedef __attribute__((neon_vector_type(8))) float16_t float16x8_t;
                       ^
fatal error: too many errors emitted, stopping now [-ferror-limit=]
20 errors generated.
ninja: build stopped: subcommand failed.


