Performing C SOURCE FILE Test HAVE_GCC_PREFERRED_STACK_BOUNDARY failed with the following output:
Change Dir: /Users/qkdreyer/Dev/heaps-android/heaps-android-app/heapsapp/.externalNativeBuild/cmake/debug/x86_64/CMakeFiles/CMakeTmp

Run Build Command:"/Users/qkdreyer/Library/Android/sdk/cmake/3.10.2.4988404/bin/ninja" "cmTC_cdb25"
[1/2] Building C object CMakeFiles/cmTC_cdb25.dir/src.c.o
FAILED: CMakeFiles/cmTC_cdb25.dir/src.c.o 
/Users/qkdreyer/Library/Android/sdk/ndk/21.3.6528147/toolchains/llvm/prebuilt/darwin-x86_64/bin/clang --target=x86_64-none-linux-android21 --gcc-toolchain=/Users/qkdreyer/Library/Android/sdk/ndk/21.3.6528147/toolchains/llvm/prebuilt/darwin-x86_64 --sysroot=/Users/qkdreyer/Library/Android/sdk/ndk/21.3.6528147/toolchains/llvm/prebuilt/darwin-x86_64/sysroot   -g -DANDROID -fdata-sections -ffunction-sections -funwind-tables -fstack-protector-strong -no-canonical-prefixes -D_FORTIFY_SOURCE=2 -Wformat -Werror=format-security  -idirafter /Users/qkdreyer/Dev/heaps-android/sdl2/src/video/khronos -DHAVE_GCC_PREFERRED_STACK_BOUNDARY -mpreferred-stack-boundary=2 -fPIE -o CMakeFiles/cmTC_cdb25.dir/src.c.o   -c src.c
clang: error: unknown argument: '-mpreferred-stack-boundary=2'
ninja: build stopped: subcommand failed.

Source file was:
int x = 0; int main(int argc, char **argv) {}
Performing C SOURCE FILE Test HAVE_ALTIVEC_H_HDR failed with the following output:
Change Dir: /Users/qkdreyer/Dev/heaps-android/heaps-android-app/heapsapp/.externalNativeBuild/cmake/debug/x86_64/CMakeFiles/CMakeTmp

Run Build Command:"/Users/qkdreyer/Library/Android/sdk/cmake/3.10.2.4988404/bin/ninja" "cmTC_33413"
[1/2] Building C object CMakeFiles/cmTC_33413.dir/src.c.o
FAILED: CMakeFiles/cmTC_33413.dir/src.c.o 
/Users/qkdreyer/Library/Android/sdk/ndk/21.3.6528147/toolchains/llvm/prebuilt/darwin-x86_64/bin/clang --target=x86_64-none-linux-android21 --gcc-toolchain=/Users/qkdreyer/Library/Android/sdk/ndk/21.3.6528147/toolchains/llvm/prebuilt/darwin-x86_64 --sysroot=/Users/qkdreyer/Library/Android/sdk/ndk/21.3.6528147/toolchains/llvm/prebuilt/darwin-x86_64/sysroot   -g -DANDROID -fdata-sections -ffunction-sections -funwind-tables -fstack-protector-strong -no-canonical-prefixes -D_FORTIFY_SOURCE=2 -Wformat -Werror=format-security  -idirafter /Users/qkdreyer/Dev/heaps-android/sdl2/src/video/khronos -DHAVE_ALTIVEC_H_HDR -maltivec -fPIE -o CMakeFiles/cmTC_33413.dir/src.c.o   -c src.c
clang: warning: argument unused during compilation: '-maltivec' [-Wunused-command-line-argument]
In file included from src.c:2:
/Users/qkdreyer/Library/Android/sdk/ndk/21.3.6528147/toolchains/llvm/prebuilt/darwin-x86_64/lib64/clang/9.0.8/include/altivec.h:13:2: error: "AltiVec support not enabled"
#error "AltiVec support not enabled"
 ^
/Users/qkdreyer/Library/Android/sdk/ndk/21.3.6528147/toolchains/llvm/prebuilt/darwin-x86_64/lib64/clang/9.0.8/include/altivec.h:48:19: error: unknown type name 'vector'
static __inline__ vector signed char __ATTRS_o_ai vec_perm(
                  ^
/Users/qkdreyer/Library/Android/sdk/ndk/21.3.6528147/toolchains/llvm/prebuilt/darwin-x86_64/lib64/clang/9.0.8/include/altivec.h:49:5: error: unknown type name 'vector'
    vector signed char __a, vector signed char __b, vector unsigned char __c);
    ^
/Users/qkdreyer/Library/Android/sdk/ndk/21.3.6528147/toolchains/llvm/prebuilt/darwin-x86_64/lib64/clang/9.0.8/include/altivec.h:49:29: error: unknown type name 'vector'
    vector signed char __a, vector signed char __b, vector unsigned char __c);
                            ^
/Users/qkdreyer/Library/Android/sdk/ndk/21.3.6528147/toolchains/llvm/prebuilt/darwin-x86_64/lib64/clang/9.0.8/include/altivec.h:49:53: error: unknown type name 'vector'
    vector signed char __a, vector signed char __b, vector unsigned char __c);
                                                    ^
/Users/qkdreyer/Library/Android/sdk/ndk/21.3.6528147/toolchains/llvm/prebuilt/darwin-x86_64/lib64/clang/9.0.8/include/altivec.h:51:19: error: unknown type name 'vector'
static __inline__ vector unsigned char __ATTRS_o_ai
                  ^
/Users/qkdreyer/Library/Android/sdk/ndk/21.3.6528147/toolchains/llvm/prebuilt/darwin-x86_64/lib64/clang/9.0.8/include/altivec.h:52:10: error: unknown type name 'vector'
vec_perm(vector unsigned char __a, vector unsigned char __b,
         ^
/Users/qkdreyer/Library/Android/sdk/ndk/21.3.6528147/toolchains/llvm/prebuilt/darwin-x86_64/lib64/clang/9.0.8/include/altivec.h:52:36: error: unknown type name 'vector'
vec_perm(vector unsigned char __a, vector unsigned char __b,
                                   ^
/Users/qkdreyer/Library/Android/sdk/ndk/21.3.6528147/toolchains/llvm/prebuilt/darwin-x86_64/lib64/clang/9.0.8/include/altivec.h:53:10: error: unknown type name 'vector'
         vector unsigned char __c);
         ^
/Users/qkdreyer/Library/Android/sdk/ndk/21.3.6528147/toolchains/llvm/prebuilt/darwin-x86_64/lib64/clang/9.0.8/include/altivec.h:55:19: error: unknown type name 'vector'
static __inline__ vector bool char __ATTRS_o_ai
                  ^
/Users/qkdreyer/Library/Android/sdk/ndk/21.3.6528147/toolchains/llvm/prebuilt/darwin-x86_64/lib64/clang/9.0.8/include/altivec.h:55:8: error: 'inline' can only appear on functions
static __inline__ vector bool char __ATTRS_o_ai
       ^
/Users/qkdreyer/Library/Android/sdk/ndk/21.3.6528147/toolchains/llvm/prebuilt/darwin-x86_64/lib64/clang/9.0.8/include/altivec.h:55:30: error: expected ';' after top level declarator
static __inline__ vector bool char __ATTRS_o_ai
                             ^
/Users/qkdreyer/Library/Android/sdk/ndk/21.3.6528147/toolchains/llvm/prebuilt/darwin-x86_64/lib64/clang/9.0.8/include/altivec.h:56:10: error: unknown type name 'vector'
vec_perm(vector bool char __a, vector bool char __b, vector unsigned char __c);
         ^
/Users/qkdreyer/Library/Android/sdk/ndk/21.3.6528147/toolchains/llvm/prebuilt/darwin-x86_64/lib64/clang/9.0.8/include/altivec.h:56:22: error: expected ')'
vec_perm(vector bool char __a, vector bool char __b, vector unsigned char __c);
                     ^
/Users/qkdreyer/Library/Android/sdk/ndk/21.3.6528147/toolchains/llvm/prebuilt/darwin-x86_64/lib64/clang/9.0.8/include/altivec.h:56:9: note: to match this '('
vec_perm(vector bool char __a, vector bool char __b, vector unsigned char __c);
        ^
/Users/qkdreyer/Library/Android/sdk/ndk/21.3.6528147/toolchains/llvm/prebuilt/darwin-x86_64/lib64/clang/9.0.8/include/altivec.h:58:19: error: unknown type name 'vector'
static __inline__ vector short __ATTRS_o_ai vec_perm(vector signed short __a,
                  ^
/Users/qkdreyer/Library/Android/sdk/ndk/21.3.6528147/toolchains/llvm/prebuilt/darwin-x86_64/lib64/clang/9.0.8/include/altivec.h:58:54: error: unknown type name 'vector'
static __inline__ vector short __ATTRS_o_ai vec_perm(vector signed short __a,
                                                     ^
/Users/qkdreyer/Library/Android/sdk/ndk/21.3.6528147/toolchains/llvm/prebuilt/darwin-x86_64/lib64/clang/9.0.8/include/altivec.h:59:54: error: unknown type name 'vector'
                                                     vector signed short __b,
                                                     ^
/Users/qkdreyer/Library/Android/sdk/ndk/21.3.6528147/toolchains/llvm/prebuilt/darwin-x86_64/lib64/clang/9.0.8/include/altivec.h:60:54: error: unknown type name 'vector'
                                                     vector unsigned char __c);
                                                     ^
/Users/qkdreyer/Library/Android/sdk/ndk/21.3.6528147/toolchains/llvm/prebuilt/darwin-x86_64/lib64/clang/9.0.8/include/altivec.h:62:19: error: unknown type name 'vector'
static __inline__ vector unsigned short __ATTRS_o_ai
                  ^
fatal error: too many errors emitted, stopping now [-ferror-limit=]
20 errors generated.
ninja: build stopped: subcommand failed.

Source file was:

          #include <altivec.h>
          vector unsigned int vzero() {
              return vec_splat_u32(0);
          }
          int main(int argc, char **argv) { }
Performing C SOURCE FILE Test HAVE_ALTIVEC failed with the following output:
Change Dir: /Users/qkdreyer/Dev/heaps-android/heaps-android-app/heapsapp/.externalNativeBuild/cmake/debug/x86_64/CMakeFiles/CMakeTmp

Run Build Command:"/Users/qkdreyer/Library/Android/sdk/cmake/3.10.2.4988404/bin/ninja" "cmTC_ffd6b"
[1/2] Building C object CMakeFiles/cmTC_ffd6b.dir/src.c.o
FAILED: CMakeFiles/cmTC_ffd6b.dir/src.c.o 
/Users/qkdreyer/Library/Android/sdk/ndk/21.3.6528147/toolchains/llvm/prebuilt/darwin-x86_64/bin/clang --target=x86_64-none-linux-android21 --gcc-toolchain=/Users/qkdreyer/Library/Android/sdk/ndk/21.3.6528147/toolchains/llvm/prebuilt/darwin-x86_64 --sysroot=/Users/qkdreyer/Library/Android/sdk/ndk/21.3.6528147/toolchains/llvm/prebuilt/darwin-x86_64/sysroot   -g -DANDROID -fdata-sections -ffunction-sections -funwind-tables -fstack-protector-strong -no-canonical-prefixes -D_FORTIFY_SOURCE=2 -Wformat -Werror=format-security  -idirafter /Users/qkdreyer/Dev/heaps-android/sdl2/src/video/khronos -DHAVE_ALTIVEC -maltivec -fPIE -o CMakeFiles/cmTC_ffd6b.dir/src.c.o   -c src.c
clang: warning: argument unused during compilation: '-maltivec' [-Wunused-command-line-argument]
src.c:2:11: error: unknown type name 'vector'
          vector unsigned int vzero() {
          ^
src.c:3:22: warning: implicit declaration of function 'vec_splat_u32' is invalid in C99 [-Wimplicit-function-declaration]
              return vec_splat_u32(0);
                     ^
1 warning and 1 error generated.
ninja: build stopped: subcommand failed.

Source file was:

          vector unsigned int vzero() {
              return vec_splat_u32(0);
          }
          int main(int argc, char **argv) { }
Determining if the include file libunwind.h exists failed with the following output:
Change Dir: /Users/qkdreyer/Dev/heaps-android/heaps-android-app/heapsapp/.externalNativeBuild/cmake/debug/x86_64/CMakeFiles/CMakeTmp

Run Build Command:"/Users/qkdreyer/Library/Android/sdk/cmake/3.10.2.4988404/bin/ninja" "cmTC_31022"
[1/2] Building C object CMakeFiles/cmTC_31022.dir/CheckIncludeFile.c.o
FAILED: CMakeFiles/cmTC_31022.dir/CheckIncludeFile.c.o 
/Users/qkdreyer/Library/Android/sdk/ndk/21.3.6528147/toolchains/llvm/prebuilt/darwin-x86_64/bin/clang --target=x86_64-none-linux-android21 --gcc-toolchain=/Users/qkdreyer/Library/Android/sdk/ndk/21.3.6528147/toolchains/llvm/prebuilt/darwin-x86_64 --sysroot=/Users/qkdreyer/Library/Android/sdk/ndk/21.3.6528147/toolchains/llvm/prebuilt/darwin-x86_64/sysroot   -g -DANDROID -fdata-sections -ffunction-sections -funwind-tables -fstack-protector-strong -no-canonical-prefixes -D_FORTIFY_SOURCE=2 -Wformat -Werror=format-security  -idirafter /Users/qkdreyer/Dev/heaps-android/sdl2/src/video/khronos  -fPIE -o CMakeFiles/cmTC_31022.dir/CheckIncludeFile.c.o   -c CheckIncludeFile.c
CheckIncludeFile.c:1:10: fatal error: 'libunwind.h' file not found
#include <libunwind.h>
         ^~~~~~~~~~~~~
1 error generated.
ninja: build stopped: subcommand failed.


Determining if the function bcopy exists failed with the following output:
Change Dir: /Users/qkdreyer/Dev/heaps-android/heaps-android-app/heapsapp/.externalNativeBuild/cmake/debug/x86_64/CMakeFiles/CMakeTmp

Run Build Command:"/Users/qkdreyer/Library/Android/sdk/cmake/3.10.2.4988404/bin/ninja" "cmTC_15768"
[1/2] Building C object CMakeFiles/cmTC_15768.dir/CheckFunctionExists.c.o
[2/2] Linking C executable cmTC_15768
FAILED: cmTC_15768 
: && /Users/qkdreyer/Library/Android/sdk/ndk/21.3.6528147/toolchains/llvm/prebuilt/darwin-x86_64/bin/clang --target=x86_64-none-linux-android21 --gcc-toolchain=/Users/qkdreyer/Library/Android/sdk/ndk/21.3.6528147/toolchains/llvm/prebuilt/darwin-x86_64 --sysroot=/Users/qkdreyer/Library/Android/sdk/ndk/21.3.6528147/toolchains/llvm/prebuilt/darwin-x86_64/sysroot -g -DANDROID -fdata-sections -ffunction-sections -funwind-tables -fstack-protector-strong -no-canonical-prefixes -D_FORTIFY_SOURCE=2 -Wformat -Werror=format-security  -idirafter /Users/qkdreyer/Dev/heaps-android/sdl2/src/video/khronos -DCHECK_FUNCTION_EXISTS=bcopy  -Wl,--exclude-libs,libgcc.a -Wl,--exclude-libs,libgcc_real.a -Wl,--exclude-libs,libatomic.a -static-libstdc++ -Wl,--build-id -Wl,--fatal-warnings -Wl,--no-undefined -Qunused-arguments -Wl,--gc-sections CMakeFiles/cmTC_15768.dir/CheckFunctionExists.c.o  -o cmTC_15768  -latomic -lm && :
/Users/qkdreyer/Library/Android/sdk/cmake/3.10.2.4988404/share/cmake-3.10/Modules/CheckFunctionExists.c:17: error: undefined reference to 'bcopy'
clang: error: linker command failed with exit code 1 (use -v to see invocation)
ninja: build stopped: subcommand failed.


Determining if the function _strrev exists failed with the following output:
Change Dir: /Users/qkdreyer/Dev/heaps-android/heaps-android-app/heapsapp/.externalNativeBuild/cmake/debug/x86_64/CMakeFiles/CMakeTmp

Run Build Command:"/Users/qkdreyer/Library/Android/sdk/cmake/3.10.2.4988404/bin/ninja" "cmTC_bbd04"
[1/2] Building C object CMakeFiles/cmTC_bbd04.dir/CheckFunctionExists.c.o
[2/2] Linking C executable cmTC_bbd04
FAILED: cmTC_bbd04 
: && /Users/qkdreyer/Library/Android/sdk/ndk/21.3.6528147/toolchains/llvm/prebuilt/darwin-x86_64/bin/clang --target=x86_64-none-linux-android21 --gcc-toolchain=/Users/qkdreyer/Library/Android/sdk/ndk/21.3.6528147/toolchains/llvm/prebuilt/darwin-x86_64 --sysroot=/Users/qkdreyer/Library/Android/sdk/ndk/21.3.6528147/toolchains/llvm/prebuilt/darwin-x86_64/sysroot -g -DANDROID -fdata-sections -ffunction-sections -funwind-tables -fstack-protector-strong -no-canonical-prefixes -D_FORTIFY_SOURCE=2 -Wformat -Werror=format-security  -idirafter /Users/qkdreyer/Dev/heaps-android/sdl2/src/video/khronos -DCHECK_FUNCTION_EXISTS=_strrev  -Wl,--exclude-libs,libgcc.a -Wl,--exclude-libs,libgcc_real.a -Wl,--exclude-libs,libatomic.a -static-libstdc++ -Wl,--build-id -Wl,--fatal-warnings -Wl,--no-undefined -Qunused-arguments -Wl,--gc-sections CMakeFiles/cmTC_bbd04.dir/CheckFunctionExists.c.o  -o cmTC_bbd04  -latomic -lm && :
/Users/qkdreyer/Library/Android/sdk/cmake/3.10.2.4988404/share/cmake-3.10/Modules/CheckFunctionExists.c:17: error: undefined reference to '_strrev'
clang: error: linker command failed with exit code 1 (use -v to see invocation)
ninja: build stopped: subcommand failed.


Determining if the function _strupr exists failed with the following output:
Change Dir: /Users/qkdreyer/Dev/heaps-android/heaps-android-app/heapsapp/.externalNativeBuild/cmake/debug/x86_64/CMakeFiles/CMakeTmp

Run Build Command:"/Users/qkdreyer/Library/Android/sdk/cmake/3.10.2.4988404/bin/ninja" "cmTC_6a895"
[1/2] Building C object CMakeFiles/cmTC_6a895.dir/CheckFunctionExists.c.o
[2/2] Linking C executable cmTC_6a895
FAILED: cmTC_6a895 
: && /Users/qkdreyer/Library/Android/sdk/ndk/21.3.6528147/toolchains/llvm/prebuilt/darwin-x86_64/bin/clang --target=x86_64-none-linux-android21 --gcc-toolchain=/Users/qkdreyer/Library/Android/sdk/ndk/21.3.6528147/toolchains/llvm/prebuilt/darwin-x86_64 --sysroot=/Users/qkdreyer/Library/Android/sdk/ndk/21.3.6528147/toolchains/llvm/prebuilt/darwin-x86_64/sysroot -g -DANDROID -fdata-sections -ffunction-sections -funwind-tables -fstack-protector-strong -no-canonical-prefixes -D_FORTIFY_SOURCE=2 -Wformat -Werror=format-security  -idirafter /Users/qkdreyer/Dev/heaps-android/sdl2/src/video/khronos -DCHECK_FUNCTION_EXISTS=_strupr  -Wl,--exclude-libs,libgcc.a -Wl,--exclude-libs,libgcc_real.a -Wl,--exclude-libs,libatomic.a -static-libstdc++ -Wl,--build-id -Wl,--fatal-warnings -Wl,--no-undefined -Qunused-arguments -Wl,--gc-sections CMakeFiles/cmTC_6a895.dir/CheckFunctionExists.c.o  -o cmTC_6a895  -latomic -lm && :
/Users/qkdreyer/Library/Android/sdk/cmake/3.10.2.4988404/share/cmake-3.10/Modules/CheckFunctionExists.c:17: error: undefined reference to '_strupr'
clang: error: linker command failed with exit code 1 (use -v to see invocation)
ninja: build stopped: subcommand failed.


Determining if the function _strlwr exists failed with the following output:
Change Dir: /Users/qkdreyer/Dev/heaps-android/heaps-android-app/heapsapp/.externalNativeBuild/cmake/debug/x86_64/CMakeFiles/CMakeTmp

Run Build Command:"/Users/qkdreyer/Library/Android/sdk/cmake/3.10.2.4988404/bin/ninja" "cmTC_1ca90"
[1/2] Building C object CMakeFiles/cmTC_1ca90.dir/CheckFunctionExists.c.o
[2/2] Linking C executable cmTC_1ca90
FAILED: cmTC_1ca90 
: && /Users/qkdreyer/Library/Android/sdk/ndk/21.3.6528147/toolchains/llvm/prebuilt/darwin-x86_64/bin/clang --target=x86_64-none-linux-android21 --gcc-toolchain=/Users/qkdreyer/Library/Android/sdk/ndk/21.3.6528147/toolchains/llvm/prebuilt/darwin-x86_64 --sysroot=/Users/qkdreyer/Library/Android/sdk/ndk/21.3.6528147/toolchains/llvm/prebuilt/darwin-x86_64/sysroot -g -DANDROID -fdata-sections -ffunction-sections -funwind-tables -fstack-protector-strong -no-canonical-prefixes -D_FORTIFY_SOURCE=2 -Wformat -Werror=format-security  -idirafter /Users/qkdreyer/Dev/heaps-android/sdl2/src/video/khronos -DCHECK_FUNCTION_EXISTS=_strlwr  -Wl,--exclude-libs,libgcc.a -Wl,--exclude-libs,libgcc_real.a -Wl,--exclude-libs,libatomic.a -static-libstdc++ -Wl,--build-id -Wl,--fatal-warnings -Wl,--no-undefined -Qunused-arguments -Wl,--gc-sections CMakeFiles/cmTC_1ca90.dir/CheckFunctionExists.c.o  -o cmTC_1ca90  -latomic -lm && :
/Users/qkdreyer/Library/Android/sdk/cmake/3.10.2.4988404/share/cmake-3.10/Modules/CheckFunctionExists.c:17: error: undefined reference to '_strlwr'
clang: error: linker command failed with exit code 1 (use -v to see invocation)
ninja: build stopped: subcommand failed.


Determining if the function itoa exists failed with the following output:
Change Dir: /Users/qkdreyer/Dev/heaps-android/heaps-android-app/heapsapp/.externalNativeBuild/cmake/debug/x86_64/CMakeFiles/CMakeTmp

Run Build Command:"/Users/qkdreyer/Library/Android/sdk/cmake/3.10.2.4988404/bin/ninja" "cmTC_dddef"
[1/2] Building C object CMakeFiles/cmTC_dddef.dir/CheckFunctionExists.c.o
[2/2] Linking C executable cmTC_dddef
FAILED: cmTC_dddef 
: && /Users/qkdreyer/Library/Android/sdk/ndk/21.3.6528147/toolchains/llvm/prebuilt/darwin-x86_64/bin/clang --target=x86_64-none-linux-android21 --gcc-toolchain=/Users/qkdreyer/Library/Android/sdk/ndk/21.3.6528147/toolchains/llvm/prebuilt/darwin-x86_64 --sysroot=/Users/qkdreyer/Library/Android/sdk/ndk/21.3.6528147/toolchains/llvm/prebuilt/darwin-x86_64/sysroot -g -DANDROID -fdata-sections -ffunction-sections -funwind-tables -fstack-protector-strong -no-canonical-prefixes -D_FORTIFY_SOURCE=2 -Wformat -Werror=format-security  -idirafter /Users/qkdreyer/Dev/heaps-android/sdl2/src/video/khronos -DCHECK_FUNCTION_EXISTS=itoa  -Wl,--exclude-libs,libgcc.a -Wl,--exclude-libs,libgcc_real.a -Wl,--exclude-libs,libatomic.a -static-libstdc++ -Wl,--build-id -Wl,--fatal-warnings -Wl,--no-undefined -Qunused-arguments -Wl,--gc-sections CMakeFiles/cmTC_dddef.dir/CheckFunctionExists.c.o  -o cmTC_dddef  -latomic -lm && :
/Users/qkdreyer/Library/Android/sdk/cmake/3.10.2.4988404/share/cmake-3.10/Modules/CheckFunctionExists.c:17: error: undefined reference to 'itoa'
clang: error: linker command failed with exit code 1 (use -v to see invocation)
ninja: build stopped: subcommand failed.


Determining if the function _ltoa exists failed with the following output:
Change Dir: /Users/qkdreyer/Dev/heaps-android/heaps-android-app/heapsapp/.externalNativeBuild/cmake/debug/x86_64/CMakeFiles/CMakeTmp

Run Build Command:"/Users/qkdreyer/Library/Android/sdk/cmake/3.10.2.4988404/bin/ninja" "cmTC_6fde0"
[1/2] Building C object CMakeFiles/cmTC_6fde0.dir/CheckFunctionExists.c.o
[2/2] Linking C executable cmTC_6fde0
FAILED: cmTC_6fde0 
: && /Users/qkdreyer/Library/Android/sdk/ndk/21.3.6528147/toolchains/llvm/prebuilt/darwin-x86_64/bin/clang --target=x86_64-none-linux-android21 --gcc-toolchain=/Users/qkdreyer/Library/Android/sdk/ndk/21.3.6528147/toolchains/llvm/prebuilt/darwin-x86_64 --sysroot=/Users/qkdreyer/Library/Android/sdk/ndk/21.3.6528147/toolchains/llvm/prebuilt/darwin-x86_64/sysroot -g -DANDROID -fdata-sections -ffunction-sections -funwind-tables -fstack-protector-strong -no-canonical-prefixes -D_FORTIFY_SOURCE=2 -Wformat -Werror=format-security  -idirafter /Users/qkdreyer/Dev/heaps-android/sdl2/src/video/khronos -DCHECK_FUNCTION_EXISTS=_ltoa  -Wl,--exclude-libs,libgcc.a -Wl,--exclude-libs,libgcc_real.a -Wl,--exclude-libs,libatomic.a -static-libstdc++ -Wl,--build-id -Wl,--fatal-warnings -Wl,--no-undefined -Qunused-arguments -Wl,--gc-sections CMakeFiles/cmTC_6fde0.dir/CheckFunctionExists.c.o  -o cmTC_6fde0  -latomic -lm && :
/Users/qkdreyer/Library/Android/sdk/cmake/3.10.2.4988404/share/cmake-3.10/Modules/CheckFunctionExists.c:17: error: undefined reference to '_ltoa'
clang: error: linker command failed with exit code 1 (use -v to see invocation)
ninja: build stopped: subcommand failed.


Determining if the function _uitoa exists failed with the following output:
Change Dir: /Users/qkdreyer/Dev/heaps-android/heaps-android-app/heapsapp/.externalNativeBuild/cmake/debug/x86_64/CMakeFiles/CMakeTmp

Run Build Command:"/Users/qkdreyer/Library/Android/sdk/cmake/3.10.2.4988404/bin/ninja" "cmTC_98c0e"
[1/2] Building C object CMakeFiles/cmTC_98c0e.dir/CheckFunctionExists.c.o
[2/2] Linking C executable cmTC_98c0e
FAILED: cmTC_98c0e 
: && /Users/qkdreyer/Library/Android/sdk/ndk/21.3.6528147/toolchains/llvm/prebuilt/darwin-x86_64/bin/clang --target=x86_64-none-linux-android21 --gcc-toolchain=/Users/qkdreyer/Library/Android/sdk/ndk/21.3.6528147/toolchains/llvm/prebuilt/darwin-x86_64 --sysroot=/Users/qkdreyer/Library/Android/sdk/ndk/21.3.6528147/toolchains/llvm/prebuilt/darwin-x86_64/sysroot -g -DANDROID -fdata-sections -ffunction-sections -funwind-tables -fstack-protector-strong -no-canonical-prefixes -D_FORTIFY_SOURCE=2 -Wformat -Werror=format-security  -idirafter /Users/qkdreyer/Dev/heaps-android/sdl2/src/video/khronos -DCHECK_FUNCTION_EXISTS=_uitoa  -Wl,--exclude-libs,libgcc.a -Wl,--exclude-libs,libgcc_real.a -Wl,--exclude-libs,libatomic.a -static-libstdc++ -Wl,--build-id -Wl,--fatal-warnings -Wl,--no-undefined -Qunused-arguments -Wl,--gc-sections CMakeFiles/cmTC_98c0e.dir/CheckFunctionExists.c.o  -o cmTC_98c0e  -latomic -lm && :
/Users/qkdreyer/Library/Android/sdk/cmake/3.10.2.4988404/share/cmake-3.10/Modules/CheckFunctionExists.c:17: error: undefined reference to '_uitoa'
clang: error: linker command failed with exit code 1 (use -v to see invocation)
ninja: build stopped: subcommand failed.


Determining if the function _ultoa exists failed with the following output:
Change Dir: /Users/qkdreyer/Dev/heaps-android/heaps-android-app/heapsapp/.externalNativeBuild/cmake/debug/x86_64/CMakeFiles/CMakeTmp

Run Build Command:"/Users/qkdreyer/Library/Android/sdk/cmake/3.10.2.4988404/bin/ninja" "cmTC_9c43a"
[1/2] Building C object CMakeFiles/cmTC_9c43a.dir/CheckFunctionExists.c.o
[2/2] Linking C executable cmTC_9c43a
FAILED: cmTC_9c43a 
: && /Users/qkdreyer/Library/Android/sdk/ndk/21.3.6528147/toolchains/llvm/prebuilt/darwin-x86_64/bin/clang --target=x86_64-none-linux-android21 --gcc-toolchain=/Users/qkdreyer/Library/Android/sdk/ndk/21.3.6528147/toolchains/llvm/prebuilt/darwin-x86_64 --sysroot=/Users/qkdreyer/Library/Android/sdk/ndk/21.3.6528147/toolchains/llvm/prebuilt/darwin-x86_64/sysroot -g -DANDROID -fdata-sections -ffunction-sections -funwind-tables -fstack-protector-strong -no-canonical-prefixes -D_FORTIFY_SOURCE=2 -Wformat -Werror=format-security  -idirafter /Users/qkdreyer/Dev/heaps-android/sdl2/src/video/khronos -DCHECK_FUNCTION_EXISTS=_ultoa  -Wl,--exclude-libs,libgcc.a -Wl,--exclude-libs,libgcc_real.a -Wl,--exclude-libs,libatomic.a -static-libstdc++ -Wl,--build-id -Wl,--fatal-warnings -Wl,--no-undefined -Qunused-arguments -Wl,--gc-sections CMakeFiles/cmTC_9c43a.dir/CheckFunctionExists.c.o  -o cmTC_9c43a  -latomic -lm && :
/Users/qkdreyer/Library/Android/sdk/cmake/3.10.2.4988404/share/cmake-3.10/Modules/CheckFunctionExists.c:17: error: undefined reference to '_ultoa'
clang: error: linker command failed with exit code 1 (use -v to see invocation)
ninja: build stopped: subcommand failed.


Determining if the function _i64toa exists failed with the following output:
Change Dir: /Users/qkdreyer/Dev/heaps-android/heaps-android-app/heapsapp/.externalNativeBuild/cmake/debug/x86_64/CMakeFiles/CMakeTmp

Run Build Command:"/Users/qkdreyer/Library/Android/sdk/cmake/3.10.2.4988404/bin/ninja" "cmTC_69c82"
[1/2] Building C object CMakeFiles/cmTC_69c82.dir/CheckFunctionExists.c.o
[2/2] Linking C executable cmTC_69c82
FAILED: cmTC_69c82 
: && /Users/qkdreyer/Library/Android/sdk/ndk/21.3.6528147/toolchains/llvm/prebuilt/darwin-x86_64/bin/clang --target=x86_64-none-linux-android21 --gcc-toolchain=/Users/qkdreyer/Library/Android/sdk/ndk/21.3.6528147/toolchains/llvm/prebuilt/darwin-x86_64 --sysroot=/Users/qkdreyer/Library/Android/sdk/ndk/21.3.6528147/toolchains/llvm/prebuilt/darwin-x86_64/sysroot -g -DANDROID -fdata-sections -ffunction-sections -funwind-tables -fstack-protector-strong -no-canonical-prefixes -D_FORTIFY_SOURCE=2 -Wformat -Werror=format-security  -idirafter /Users/qkdreyer/Dev/heaps-android/sdl2/src/video/khronos -DCHECK_FUNCTION_EXISTS=_i64toa  -Wl,--exclude-libs,libgcc.a -Wl,--exclude-libs,libgcc_real.a -Wl,--exclude-libs,libatomic.a -static-libstdc++ -Wl,--build-id -Wl,--fatal-warnings -Wl,--no-undefined -Qunused-arguments -Wl,--gc-sections CMakeFiles/cmTC_69c82.dir/CheckFunctionExists.c.o  -o cmTC_69c82  -latomic -lm && :
/Users/qkdreyer/Library/Android/sdk/cmake/3.10.2.4988404/share/cmake-3.10/Modules/CheckFunctionExists.c:17: error: undefined reference to '_i64toa'
clang: error: linker command failed with exit code 1 (use -v to see invocation)
ninja: build stopped: subcommand failed.


Determining if the function _ui64toa exists failed with the following output:
Change Dir: /Users/qkdreyer/Dev/heaps-android/heaps-android-app/heapsapp/.externalNativeBuild/cmake/debug/x86_64/CMakeFiles/CMakeTmp

Run Build Command:"/Users/qkdreyer/Library/Android/sdk/cmake/3.10.2.4988404/bin/ninja" "cmTC_c4474"
[1/2] Building C object CMakeFiles/cmTC_c4474.dir/CheckFunctionExists.c.o
[2/2] Linking C executable cmTC_c4474
FAILED: cmTC_c4474 
: && /Users/qkdreyer/Library/Android/sdk/ndk/21.3.6528147/toolchains/llvm/prebuilt/darwin-x86_64/bin/clang --target=x86_64-none-linux-android21 --gcc-toolchain=/Users/qkdreyer/Library/Android/sdk/ndk/21.3.6528147/toolchains/llvm/prebuilt/darwin-x86_64 --sysroot=/Users/qkdreyer/Library/Android/sdk/ndk/21.3.6528147/toolchains/llvm/prebuilt/darwin-x86_64/sysroot -g -DANDROID -fdata-sections -ffunction-sections -funwind-tables -fstack-protector-strong -no-canonical-prefixes -D_FORTIFY_SOURCE=2 -Wformat -Werror=format-security  -idirafter /Users/qkdreyer/Dev/heaps-android/sdl2/src/video/khronos -DCHECK_FUNCTION_EXISTS=_ui64toa  -Wl,--exclude-libs,libgcc.a -Wl,--exclude-libs,libgcc_real.a -Wl,--exclude-libs,libatomic.a -static-libstdc++ -Wl,--build-id -Wl,--fatal-warnings -Wl,--no-undefined -Qunused-arguments -Wl,--gc-sections CMakeFiles/cmTC_c4474.dir/CheckFunctionExists.c.o  -o cmTC_c4474  -latomic -lm && :
/Users/qkdreyer/Library/Android/sdk/cmake/3.10.2.4988404/share/cmake-3.10/Modules/CheckFunctionExists.c:17: error: undefined reference to '_ui64toa'
clang: error: linker command failed with exit code 1 (use -v to see invocation)
ninja: build stopped: subcommand failed.


Determining if the function _stricmp exists failed with the following output:
Change Dir: /Users/qkdreyer/Dev/heaps-android/heaps-android-app/heapsapp/.externalNativeBuild/cmake/debug/x86_64/CMakeFiles/CMakeTmp

Run Build Command:"/Users/qkdreyer/Library/Android/sdk/cmake/3.10.2.4988404/bin/ninja" "cmTC_eee2e"
[1/2] Building C object CMakeFiles/cmTC_eee2e.dir/CheckFunctionExists.c.o
[2/2] Linking C executable cmTC_eee2e
FAILED: cmTC_eee2e 
: && /Users/qkdreyer/Library/Android/sdk/ndk/21.3.6528147/toolchains/llvm/prebuilt/darwin-x86_64/bin/clang --target=x86_64-none-linux-android21 --gcc-toolchain=/Users/qkdreyer/Library/Android/sdk/ndk/21.3.6528147/toolchains/llvm/prebuilt/darwin-x86_64 --sysroot=/Users/qkdreyer/Library/Android/sdk/ndk/21.3.6528147/toolchains/llvm/prebuilt/darwin-x86_64/sysroot -g -DANDROID -fdata-sections -ffunction-sections -funwind-tables -fstack-protector-strong -no-canonical-prefixes -D_FORTIFY_SOURCE=2 -Wformat -Werror=format-security  -idirafter /Users/qkdreyer/Dev/heaps-android/sdl2/src/video/khronos -DCHECK_FUNCTION_EXISTS=_stricmp  -Wl,--exclude-libs,libgcc.a -Wl,--exclude-libs,libgcc_real.a -Wl,--exclude-libs,libatomic.a -static-libstdc++ -Wl,--build-id -Wl,--fatal-warnings -Wl,--no-undefined -Qunused-arguments -Wl,--gc-sections CMakeFiles/cmTC_eee2e.dir/CheckFunctionExists.c.o  -o cmTC_eee2e  -latomic -lm && :
/Users/qkdreyer/Library/Android/sdk/cmake/3.10.2.4988404/share/cmake-3.10/Modules/CheckFunctionExists.c:17: error: undefined reference to '_stricmp'
clang: error: linker command failed with exit code 1 (use -v to see invocation)
ninja: build stopped: subcommand failed.


Determining if the function _strnicmp exists failed with the following output:
Change Dir: /Users/qkdreyer/Dev/heaps-android/heaps-android-app/heapsapp/.externalNativeBuild/cmake/debug/x86_64/CMakeFiles/CMakeTmp

Run Build Command:"/Users/qkdreyer/Library/Android/sdk/cmake/3.10.2.4988404/bin/ninja" "cmTC_840b7"
[1/2] Building C object CMakeFiles/cmTC_840b7.dir/CheckFunctionExists.c.o
[2/2] Linking C executable cmTC_840b7
FAILED: cmTC_840b7 
: && /Users/qkdreyer/Library/Android/sdk/ndk/21.3.6528147/toolchains/llvm/prebuilt/darwin-x86_64/bin/clang --target=x86_64-none-linux-android21 --gcc-toolchain=/Users/qkdreyer/Library/Android/sdk/ndk/21.3.6528147/toolchains/llvm/prebuilt/darwin-x86_64 --sysroot=/Users/qkdreyer/Library/Android/sdk/ndk/21.3.6528147/toolchains/llvm/prebuilt/darwin-x86_64/sysroot -g -DANDROID -fdata-sections -ffunction-sections -funwind-tables -fstack-protector-strong -no-canonical-prefixes -D_FORTIFY_SOURCE=2 -Wformat -Werror=format-security  -idirafter /Users/qkdreyer/Dev/heaps-android/sdl2/src/video/khronos -DCHECK_FUNCTION_EXISTS=_strnicmp  -Wl,--exclude-libs,libgcc.a -Wl,--exclude-libs,libgcc_real.a -Wl,--exclude-libs,libatomic.a -static-libstdc++ -Wl,--build-id -Wl,--fatal-warnings -Wl,--no-undefined -Qunused-arguments -Wl,--gc-sections CMakeFiles/cmTC_840b7.dir/CheckFunctionExists.c.o  -o cmTC_840b7  -latomic -lm && :
/Users/qkdreyer/Library/Android/sdk/cmake/3.10.2.4988404/share/cmake-3.10/Modules/CheckFunctionExists.c:17: error: undefined reference to '_strnicmp'
clang: error: linker command failed with exit code 1 (use -v to see invocation)
ninja: build stopped: subcommand failed.


Determining if the function fopen64 exists failed with the following output:
Change Dir: /Users/qkdreyer/Dev/heaps-android/heaps-android-app/heapsapp/.externalNativeBuild/cmake/debug/x86_64/CMakeFiles/CMakeTmp

Run Build Command:"/Users/qkdreyer/Library/Android/sdk/cmake/3.10.2.4988404/bin/ninja" "cmTC_0c225"
[1/2] Building C object CMakeFiles/cmTC_0c225.dir/CheckFunctionExists.c.o
[2/2] Linking C executable cmTC_0c225
FAILED: cmTC_0c225 
: && /Users/qkdreyer/Library/Android/sdk/ndk/21.3.6528147/toolchains/llvm/prebuilt/darwin-x86_64/bin/clang --target=x86_64-none-linux-android21 --gcc-toolchain=/Users/qkdreyer/Library/Android/sdk/ndk/21.3.6528147/toolchains/llvm/prebuilt/darwin-x86_64 --sysroot=/Users/qkdreyer/Library/Android/sdk/ndk/21.3.6528147/toolchains/llvm/prebuilt/darwin-x86_64/sysroot -g -DANDROID -fdata-sections -ffunction-sections -funwind-tables -fstack-protector-strong -no-canonical-prefixes -D_FORTIFY_SOURCE=2 -Wformat -Werror=format-security  -idirafter /Users/qkdreyer/Dev/heaps-android/sdl2/src/video/khronos -DCHECK_FUNCTION_EXISTS=fopen64  -Wl,--exclude-libs,libgcc.a -Wl,--exclude-libs,libgcc_real.a -Wl,--exclude-libs,libatomic.a -static-libstdc++ -Wl,--build-id -Wl,--fatal-warnings -Wl,--no-undefined -Qunused-arguments -Wl,--gc-sections CMakeFiles/cmTC_0c225.dir/CheckFunctionExists.c.o  -o cmTC_0c225  -latomic -lm && :
/Users/qkdreyer/Library/Android/sdk/cmake/3.10.2.4988404/share/cmake-3.10/Modules/CheckFunctionExists.c:17: error: undefined reference to 'fopen64'
clang: error: linker command failed with exit code 1 (use -v to see invocation)
ninja: build stopped: subcommand failed.


Determining if the function fseeko64 exists failed with the following output:
Change Dir: /Users/qkdreyer/Dev/heaps-android/heaps-android-app/heapsapp/.externalNativeBuild/cmake/debug/x86_64/CMakeFiles/CMakeTmp

Run Build Command:"/Users/qkdreyer/Library/Android/sdk/cmake/3.10.2.4988404/bin/ninja" "cmTC_90f84"
[1/2] Building C object CMakeFiles/cmTC_90f84.dir/CheckFunctionExists.c.o
[2/2] Linking C executable cmTC_90f84
FAILED: cmTC_90f84 
: && /Users/qkdreyer/Library/Android/sdk/ndk/21.3.6528147/toolchains/llvm/prebuilt/darwin-x86_64/bin/clang --target=x86_64-none-linux-android21 --gcc-toolchain=/Users/qkdreyer/Library/Android/sdk/ndk/21.3.6528147/toolchains/llvm/prebuilt/darwin-x86_64 --sysroot=/Users/qkdreyer/Library/Android/sdk/ndk/21.3.6528147/toolchains/llvm/prebuilt/darwin-x86_64/sysroot -g -DANDROID -fdata-sections -ffunction-sections -funwind-tables -fstack-protector-strong -no-canonical-prefixes -D_FORTIFY_SOURCE=2 -Wformat -Werror=format-security  -idirafter /Users/qkdreyer/Dev/heaps-android/sdl2/src/video/khronos -DCHECK_FUNCTION_EXISTS=fseeko64  -Wl,--exclude-libs,libgcc.a -Wl,--exclude-libs,libgcc_real.a -Wl,--exclude-libs,libatomic.a -static-libstdc++ -Wl,--build-id -Wl,--fatal-warnings -Wl,--no-undefined -Qunused-arguments -Wl,--gc-sections CMakeFiles/cmTC_90f84.dir/CheckFunctionExists.c.o  -o cmTC_90f84  -latomic -lm && :
/Users/qkdreyer/Library/Android/sdk/cmake/3.10.2.4988404/share/cmake-3.10/Modules/CheckFunctionExists.c:17: error: undefined reference to 'fseeko64'
clang: error: linker command failed with exit code 1 (use -v to see invocation)
ninja: build stopped: subcommand failed.


Determining if the function sysctlbyname exists failed with the following output:
Change Dir: /Users/qkdreyer/Dev/heaps-android/heaps-android-app/heapsapp/.externalNativeBuild/cmake/debug/x86_64/CMakeFiles/CMakeTmp

Run Build Command:"/Users/qkdreyer/Library/Android/sdk/cmake/3.10.2.4988404/bin/ninja" "cmTC_cc500"
[1/2] Building C object CMakeFiles/cmTC_cc500.dir/CheckFunctionExists.c.o
[2/2] Linking C executable cmTC_cc500
FAILED: cmTC_cc500 
: && /Users/qkdreyer/Library/Android/sdk/ndk/21.3.6528147/toolchains/llvm/prebuilt/darwin-x86_64/bin/clang --target=x86_64-none-linux-android21 --gcc-toolchain=/Users/qkdreyer/Library/Android/sdk/ndk/21.3.6528147/toolchains/llvm/prebuilt/darwin-x86_64 --sysroot=/Users/qkdreyer/Library/Android/sdk/ndk/21.3.6528147/toolchains/llvm/prebuilt/darwin-x86_64/sysroot -g -DANDROID -fdata-sections -ffunction-sections -funwind-tables -fstack-protector-strong -no-canonical-prefixes -D_FORTIFY_SOURCE=2 -Wformat -Werror=format-security  -idirafter /Users/qkdreyer/Dev/heaps-android/sdl2/src/video/khronos -DCHECK_FUNCTION_EXISTS=sysctlbyname  -Wl,--exclude-libs,libgcc.a -Wl,--exclude-libs,libgcc_real.a -Wl,--exclude-libs,libatomic.a -static-libstdc++ -Wl,--build-id -Wl,--fatal-warnings -Wl,--no-undefined -Qunused-arguments -Wl,--gc-sections CMakeFiles/cmTC_cc500.dir/CheckFunctionExists.c.o  -o cmTC_cc500  -latomic -lm && :
/Users/qkdreyer/Library/Android/sdk/cmake/3.10.2.4988404/share/cmake-3.10/Modules/CheckFunctionExists.c:17: error: undefined reference to 'sysctlbyname'
clang: error: linker command failed with exit code 1 (use -v to see invocation)
ninja: build stopped: subcommand failed.


Determining if the function iconv_open exists in the iconv failed with the following output:
Change Dir: /Users/qkdreyer/Dev/heaps-android/heaps-android-app/heapsapp/.externalNativeBuild/cmake/debug/x86_64/CMakeFiles/CMakeTmp

Run Build Command:"/Users/qkdreyer/Library/Android/sdk/cmake/3.10.2.4988404/bin/ninja" "cmTC_3d82d"
[1/2] Building C object CMakeFiles/cmTC_3d82d.dir/CheckFunctionExists.c.o
[2/2] Linking C executable cmTC_3d82d
FAILED: cmTC_3d82d 
: && /Users/qkdreyer/Library/Android/sdk/ndk/21.3.6528147/toolchains/llvm/prebuilt/darwin-x86_64/bin/clang --target=x86_64-none-linux-android21 --gcc-toolchain=/Users/qkdreyer/Library/Android/sdk/ndk/21.3.6528147/toolchains/llvm/prebuilt/darwin-x86_64 --sysroot=/Users/qkdreyer/Library/Android/sdk/ndk/21.3.6528147/toolchains/llvm/prebuilt/darwin-x86_64/sysroot -g -DANDROID -fdata-sections -ffunction-sections -funwind-tables -fstack-protector-strong -no-canonical-prefixes -D_FORTIFY_SOURCE=2 -Wformat -Werror=format-security  -idirafter /Users/qkdreyer/Dev/heaps-android/sdl2/src/video/khronos -DCHECK_FUNCTION_EXISTS=iconv_open  -Wl,--exclude-libs,libgcc.a -Wl,--exclude-libs,libgcc_real.a -Wl,--exclude-libs,libatomic.a -static-libstdc++ -Wl,--build-id -Wl,--fatal-warnings -Wl,--no-undefined -Qunused-arguments -Wl,--gc-sections CMakeFiles/cmTC_3d82d.dir/CheckFunctionExists.c.o  -o cmTC_3d82d  -liconv -latomic -lm && :
/Users/qkdreyer/Library/Android/sdk/ndk/21.3.6528147/toolchains/llvm/prebuilt/darwin-x86_64/lib/gcc/x86_64-linux-android/4.9.x/../../../../x86_64-linux-android/bin/ld: error: cannot find -liconv
/Users/qkdreyer/Library/Android/sdk/cmake/3.10.2.4988404/share/cmake-3.10/Modules/CheckFunctionExists.c:17: error: undefined reference to 'iconv_open'
clang: error: linker command failed with exit code 1 (use -v to see invocation)
ninja: build stopped: subcommand failed.


Determining if the function alloca exists failed with the following output:
Change Dir: /Users/qkdreyer/Dev/heaps-android/heaps-android-app/heapsapp/.externalNativeBuild/cmake/debug/x86_64/CMakeFiles/CMakeTmp

Run Build Command:"/Users/qkdreyer/Library/Android/sdk/cmake/3.10.2.4988404/bin/ninja" "cmTC_fb809"
[1/2] Building C object CMakeFiles/cmTC_fb809.dir/CheckFunctionExists.c.o
/Users/qkdreyer/Library/Android/sdk/cmake/3.10.2.4988404/share/cmake-3.10/Modules/CheckFunctionExists.c:7:3: warning: incompatible redeclaration of library function 'alloca' [-Wincompatible-library-redeclaration]
  CHECK_FUNCTION_EXISTS(void);
  ^
<command line>:3:31: note: expanded from here
#define CHECK_FUNCTION_EXISTS alloca
                              ^
/Users/qkdreyer/Library/Android/sdk/cmake/3.10.2.4988404/share/cmake-3.10/Modules/CheckFunctionExists.c:7:3: note: 'alloca' is a builtin with type 'void *(unsigned long)'
<command line>:3:31: note: expanded from here
#define CHECK_FUNCTION_EXISTS alloca
                              ^
1 warning generated.
[2/2] Linking C executable cmTC_fb809
FAILED: cmTC_fb809 
: && /Users/qkdreyer/Library/Android/sdk/ndk/21.3.6528147/toolchains/llvm/prebuilt/darwin-x86_64/bin/clang --target=x86_64-none-linux-android21 --gcc-toolchain=/Users/qkdreyer/Library/Android/sdk/ndk/21.3.6528147/toolchains/llvm/prebuilt/darwin-x86_64 --sysroot=/Users/qkdreyer/Library/Android/sdk/ndk/21.3.6528147/toolchains/llvm/prebuilt/darwin-x86_64/sysroot -g -DANDROID -fdata-sections -ffunction-sections -funwind-tables -fstack-protector-strong -no-canonical-prefixes -D_FORTIFY_SOURCE=2 -Wformat -Werror=format-security  -idirafter /Users/qkdreyer/Dev/heaps-android/sdl2/src/video/khronos -DCHECK_FUNCTION_EXISTS=alloca  -Wl,--exclude-libs,libgcc.a -Wl,--exclude-libs,libgcc_real.a -Wl,--exclude-libs,libatomic.a -static-libstdc++ -Wl,--build-id -Wl,--fatal-warnings -Wl,--no-undefined -Qunused-arguments -Wl,--gc-sections CMakeFiles/cmTC_fb809.dir/CheckFunctionExists.c.o  -o cmTC_fb809  -latomic -lm && :
/Users/qkdreyer/Library/Android/sdk/cmake/3.10.2.4988404/share/cmake-3.10/Modules/CheckFunctionExists.c:17: error: undefined reference to 'alloca'
clang: error: linker command failed with exit code 1 (use -v to see invocation)
ninja: build stopped: subcommand failed.


Performing C SOURCE FILE Test HAVE_PTHREAD_NP_H failed with the following output:
Change Dir: /Users/qkdreyer/Dev/heaps-android/heaps-android-app/heapsapp/.externalNativeBuild/cmake/debug/x86_64/CMakeFiles/CMakeTmp

Run Build Command:"/Users/qkdreyer/Library/Android/sdk/cmake/3.10.2.4988404/bin/ninja" "cmTC_c384f"
[1/2] Building C object CMakeFiles/cmTC_c384f.dir/src.c.o
FAILED: CMakeFiles/cmTC_c384f.dir/src.c.o 
/Users/qkdreyer/Library/Android/sdk/ndk/21.3.6528147/toolchains/llvm/prebuilt/darwin-x86_64/bin/clang --target=x86_64-none-linux-android21 --gcc-toolchain=/Users/qkdreyer/Library/Android/sdk/ndk/21.3.6528147/toolchains/llvm/prebuilt/darwin-x86_64 --sysroot=/Users/qkdreyer/Library/Android/sdk/ndk/21.3.6528147/toolchains/llvm/prebuilt/darwin-x86_64/sysroot   -g -DANDROID -fdata-sections -ffunction-sections -funwind-tables -fstack-protector-strong -no-canonical-prefixes -D_FORTIFY_SOURCE=2 -Wformat -Werror=format-security  -idirafter /Users/qkdreyer/Dev/heaps-android/sdl2/src/video/khronos -DHAVE_PTHREAD_NP_H -fPIE -o CMakeFiles/cmTC_c384f.dir/src.c.o   -c src.c
src.c:3:20: fatal error: 'pthread_np.h' file not found
          #include <pthread_np.h>
                   ^~~~~~~~~~~~~~
1 error generated.
ninja: build stopped: subcommand failed.

Source file was:

          #include <pthread.h>
          #include <pthread_np.h>
          int main(int argc, char** argv) { return 0; }
Determining if the function pthread_set_name_np exists failed with the following output:
Change Dir: /Users/qkdreyer/Dev/heaps-android/heaps-android-app/heapsapp/.externalNativeBuild/cmake/debug/x86_64/CMakeFiles/CMakeTmp

Run Build Command:"/Users/qkdreyer/Library/Android/sdk/cmake/3.10.2.4988404/bin/ninja" "cmTC_70846"
[1/2] Building C object CMakeFiles/cmTC_70846.dir/CheckFunctionExists.c.o
[2/2] Linking C executable cmTC_70846
FAILED: cmTC_70846 
: && /Users/qkdreyer/Library/Android/sdk/ndk/21.3.6528147/toolchains/llvm/prebuilt/darwin-x86_64/bin/clang --target=x86_64-none-linux-android21 --gcc-toolchain=/Users/qkdreyer/Library/Android/sdk/ndk/21.3.6528147/toolchains/llvm/prebuilt/darwin-x86_64 --sysroot=/Users/qkdreyer/Library/Android/sdk/ndk/21.3.6528147/toolchains/llvm/prebuilt/darwin-x86_64/sysroot -g -DANDROID -fdata-sections -ffunction-sections -funwind-tables -fstack-protector-strong -no-canonical-prefixes -D_FORTIFY_SOURCE=2 -Wformat -Werror=format-security  -idirafter /Users/qkdreyer/Dev/heaps-android/sdl2/src/video/khronos -DCHECK_FUNCTION_EXISTS=pthread_set_name_np  -Wl,--exclude-libs,libgcc.a -Wl,--exclude-libs,libgcc_real.a -Wl,--exclude-libs,libatomic.a -static-libstdc++ -Wl,--build-id -Wl,--fatal-warnings -Wl,--no-undefined -Qunused-arguments -Wl,--gc-sections CMakeFiles/cmTC_70846.dir/CheckFunctionExists.c.o  -o cmTC_70846  -latomic -lm && :
/Users/qkdreyer/Library/Android/sdk/cmake/3.10.2.4988404/share/cmake-3.10/Modules/CheckFunctionExists.c:17: error: undefined reference to 'pthread_set_name_np'
clang: error: linker command failed with exit code 1 (use -v to see invocation)
ninja: build stopped: subcommand failed.


Determining if the include file intrin.h exists failed with the following output:
Change Dir: /Users/qkdreyer/Dev/heaps-android/heaps-android-app/heapsapp/.externalNativeBuild/cmake/debug/x86_64/CMakeFiles/CMakeTmp

Run Build Command:"/Users/qkdreyer/Library/Android/sdk/cmake/3.10.2.4988404/bin/ninja" "cmTC_45cfe"
[1/2] Building C object CMakeFiles/cmTC_45cfe.dir/CheckIncludeFile.c.o
FAILED: CMakeFiles/cmTC_45cfe.dir/CheckIncludeFile.c.o 
/Users/qkdreyer/Library/Android/sdk/ndk/21.3.6528147/toolchains/llvm/prebuilt/darwin-x86_64/bin/clang --target=x86_64-none-linux-android21 --gcc-toolchain=/Users/qkdreyer/Library/Android/sdk/ndk/21.3.6528147/toolchains/llvm/prebuilt/darwin-x86_64 --sysroot=/Users/qkdreyer/Library/Android/sdk/ndk/21.3.6528147/toolchains/llvm/prebuilt/darwin-x86_64/sysroot   -std=c11 -g -DANDROID -fdata-sections -ffunction-sections -funwind-tables -fstack-protector-strong -no-canonical-prefixes -D_FORTIFY_SOURCE=2 -Wformat -Werror=format-security   -D_LARGEFILE_SOURCE -D_LARGE_FILES -fPIE -o CMakeFiles/cmTC_45cfe.dir/CheckIncludeFile.c.o   -c CheckIncludeFile.c
In file included from CheckIncludeFile.c:1:
/Users/qkdreyer/Library/Android/sdk/ndk/21.3.6528147/toolchains/llvm/prebuilt/darwin-x86_64/lib64/clang/9.0.8/include/intrin.h:12:15: fatal error: 'intrin.h' file not found
#include_next <intrin.h>
              ^~~~~~~~~~
1 error generated.
ninja: build stopped: subcommand failed.


Determining if the include file ieeefp.h exists failed with the following output:
Change Dir: /Users/qkdreyer/Dev/heaps-android/heaps-android-app/heapsapp/.externalNativeBuild/cmake/debug/x86_64/CMakeFiles/CMakeTmp

Run Build Command:"/Users/qkdreyer/Library/Android/sdk/cmake/3.10.2.4988404/bin/ninja" "cmTC_dbdd3"
[1/2] Building C object CMakeFiles/cmTC_dbdd3.dir/CheckIncludeFile.c.o
FAILED: CMakeFiles/cmTC_dbdd3.dir/CheckIncludeFile.c.o 
/Users/qkdreyer/Library/Android/sdk/ndk/21.3.6528147/toolchains/llvm/prebuilt/darwin-x86_64/bin/clang --target=x86_64-none-linux-android21 --gcc-toolchain=/Users/qkdreyer/Library/Android/sdk/ndk/21.3.6528147/toolchains/llvm/prebuilt/darwin-x86_64 --sysroot=/Users/qkdreyer/Library/Android/sdk/ndk/21.3.6528147/toolchains/llvm/prebuilt/darwin-x86_64/sysroot   -std=c11 -g -DANDROID -fdata-sections -ffunction-sections -funwind-tables -fstack-protector-strong -no-canonical-prefixes -D_FORTIFY_SOURCE=2 -Wformat -Werror=format-security   -D_LARGEFILE_SOURCE -D_LARGE_FILES -fPIE -o CMakeFiles/cmTC_dbdd3.dir/CheckIncludeFile.c.o   -c CheckIncludeFile.c
CheckIncludeFile.c:1:10: fatal error: 'ieeefp.h' file not found
#include <ieeefp.h>
         ^~~~~~~~~~
1 error generated.
ninja: build stopped: subcommand failed.


Determining if the include file guiddef.h exists failed with the following output:
Change Dir: /Users/qkdreyer/Dev/heaps-android/heaps-android-app/heapsapp/.externalNativeBuild/cmake/debug/x86_64/CMakeFiles/CMakeTmp

Run Build Command:"/Users/qkdreyer/Library/Android/sdk/cmake/3.10.2.4988404/bin/ninja" "cmTC_5a478"
[1/2] Building C object CMakeFiles/cmTC_5a478.dir/CheckIncludeFile.c.o
FAILED: CMakeFiles/cmTC_5a478.dir/CheckIncludeFile.c.o 
/Users/qkdreyer/Library/Android/sdk/ndk/21.3.6528147/toolchains/llvm/prebuilt/darwin-x86_64/bin/clang --target=x86_64-none-linux-android21 --gcc-toolchain=/Users/qkdreyer/Library/Android/sdk/ndk/21.3.6528147/toolchains/llvm/prebuilt/darwin-x86_64 --sysroot=/Users/qkdreyer/Library/Android/sdk/ndk/21.3.6528147/toolchains/llvm/prebuilt/darwin-x86_64/sysroot   -std=c11 -g -DANDROID -fdata-sections -ffunction-sections -funwind-tables -fstack-protector-strong -no-canonical-prefixes -D_FORTIFY_SOURCE=2 -Wformat -Werror=format-security   -D_LARGEFILE_SOURCE -D_LARGE_FILES -fPIE -o CMakeFiles/cmTC_5a478.dir/CheckIncludeFile.c.o   -c CheckIncludeFile.c
CheckIncludeFile.c:1:10: fatal error: 'guiddef.h' file not found
#include <guiddef.h>
         ^~~~~~~~~~~
1 error generated.
ninja: build stopped: subcommand failed.


Determining if the include file initguid.h exists failed with the following output:
Change Dir: /Users/qkdreyer/Dev/heaps-android/heaps-android-app/heapsapp/.externalNativeBuild/cmake/debug/x86_64/CMakeFiles/CMakeTmp

Run Build Command:"/Users/qkdreyer/Library/Android/sdk/cmake/3.10.2.4988404/bin/ninja" "cmTC_21a5d"
[1/2] Building C object CMakeFiles/cmTC_21a5d.dir/CheckIncludeFile.c.o
FAILED: CMakeFiles/cmTC_21a5d.dir/CheckIncludeFile.c.o 
/Users/qkdreyer/Library/Android/sdk/ndk/21.3.6528147/toolchains/llvm/prebuilt/darwin-x86_64/bin/clang --target=x86_64-none-linux-android21 --gcc-toolchain=/Users/qkdreyer/Library/Android/sdk/ndk/21.3.6528147/toolchains/llvm/prebuilt/darwin-x86_64 --sysroot=/Users/qkdreyer/Library/Android/sdk/ndk/21.3.6528147/toolchains/llvm/prebuilt/darwin-x86_64/sysroot   -std=c11 -g -DANDROID -fdata-sections -ffunction-sections -funwind-tables -fstack-protector-strong -no-canonical-prefixes -D_FORTIFY_SOURCE=2 -Wformat -Werror=format-security   -D_LARGEFILE_SOURCE -D_LARGE_FILES -fPIE -o CMakeFiles/cmTC_21a5d.dir/CheckIncludeFile.c.o   -c CheckIncludeFile.c
CheckIncludeFile.c:1:10: fatal error: 'initguid.h' file not found
#include <initguid.h>
         ^~~~~~~~~~~~
1 error generated.
ninja: build stopped: subcommand failed.


Determining if the aligned_alloc exist failed with the following output:
Change Dir: /Users/qkdreyer/Dev/heaps-android/heaps-android-app/heapsapp/.externalNativeBuild/cmake/debug/x86_64/CMakeFiles/CMakeTmp

Run Build Command:"/Users/qkdreyer/Library/Android/sdk/cmake/3.10.2.4988404/bin/ninja" "cmTC_b1b95"
[1/2] Building C object CMakeFiles/cmTC_b1b95.dir/CheckSymbolExists.c.o
FAILED: CMakeFiles/cmTC_b1b95.dir/CheckSymbolExists.c.o 
/Users/qkdreyer/Library/Android/sdk/ndk/21.3.6528147/toolchains/llvm/prebuilt/darwin-x86_64/bin/clang --target=x86_64-none-linux-android21 --gcc-toolchain=/Users/qkdreyer/Library/Android/sdk/ndk/21.3.6528147/toolchains/llvm/prebuilt/darwin-x86_64 --sysroot=/Users/qkdreyer/Library/Android/sdk/ndk/21.3.6528147/toolchains/llvm/prebuilt/darwin-x86_64/sysroot   -std=c11 -g -DANDROID -fdata-sections -ffunction-sections -funwind-tables -fstack-protector-strong -no-canonical-prefixes -D_FORTIFY_SOURCE=2 -Wformat -Werror=format-security   -D_LARGEFILE_SOURCE -D_LARGE_FILES -fPIE -o CMakeFiles/cmTC_b1b95.dir/CheckSymbolExists.c.o   -c CheckSymbolExists.c
CheckSymbolExists.c:8:19: error: use of undeclared identifier 'aligned_alloc'
  return ((int*)(&aligned_alloc))[argc];
                  ^
1 error generated.
ninja: build stopped: subcommand failed.

File /Users/qkdreyer/Dev/heaps-android/heaps-android-app/heapsapp/.externalNativeBuild/cmake/debug/x86_64/CMakeFiles/CMakeTmp/CheckSymbolExists.c:
/* */
#include <stdlib.h>

int main(int argc, char** argv)
{
  (void)argv;
#ifndef aligned_alloc
  return ((int*)(&aligned_alloc))[argc];
#else
  (void)argc;
  return 0;
#endif
}

Determining if the _aligned_malloc exist failed with the following output:
Change Dir: /Users/qkdreyer/Dev/heaps-android/heaps-android-app/heapsapp/.externalNativeBuild/cmake/debug/x86_64/CMakeFiles/CMakeTmp

Run Build Command:"/Users/qkdreyer/Library/Android/sdk/cmake/3.10.2.4988404/bin/ninja" "cmTC_e47ed"
[1/2] Building C object CMakeFiles/cmTC_e47ed.dir/CheckSymbolExists.c.o
FAILED: CMakeFiles/cmTC_e47ed.dir/CheckSymbolExists.c.o 
/Users/qkdreyer/Library/Android/sdk/ndk/21.3.6528147/toolchains/llvm/prebuilt/darwin-x86_64/bin/clang --target=x86_64-none-linux-android21 --gcc-toolchain=/Users/qkdreyer/Library/Android/sdk/ndk/21.3.6528147/toolchains/llvm/prebuilt/darwin-x86_64 --sysroot=/Users/qkdreyer/Library/Android/sdk/ndk/21.3.6528147/toolchains/llvm/prebuilt/darwin-x86_64/sysroot   -std=c11 -g -DANDROID -fdata-sections -ffunction-sections -funwind-tables -fstack-protector-strong -no-canonical-prefixes -D_FORTIFY_SOURCE=2 -Wformat -Werror=format-security   -D_LARGEFILE_SOURCE -D_LARGE_FILES -fPIE -o CMakeFiles/cmTC_e47ed.dir/CheckSymbolExists.c.o   -c CheckSymbolExists.c
CheckSymbolExists.c:8:19: error: use of undeclared identifier '_aligned_malloc'
  return ((int*)(&_aligned_malloc))[argc];
                  ^
1 error generated.
ninja: build stopped: subcommand failed.

File /Users/qkdreyer/Dev/heaps-android/heaps-android-app/heapsapp/.externalNativeBuild/cmake/debug/x86_64/CMakeFiles/CMakeTmp/CheckSymbolExists.c:
/* */
#include <malloc.h>

int main(int argc, char** argv)
{
  (void)argv;
#ifndef _aligned_malloc
  return ((int*)(&_aligned_malloc))[argc];
#else
  (void)argc;
  return 0;
#endif
}

Determining if the proc_pidpath exist failed with the following output:
Change Dir: /Users/qkdreyer/Dev/heaps-android/heaps-android-app/heapsapp/.externalNativeBuild/cmake/debug/x86_64/CMakeFiles/CMakeTmp

Run Build Command:"/Users/qkdreyer/Library/Android/sdk/cmake/3.10.2.4988404/bin/ninja" "cmTC_a9115"
[1/2] Building C object CMakeFiles/cmTC_a9115.dir/CheckSymbolExists.c.o
FAILED: CMakeFiles/cmTC_a9115.dir/CheckSymbolExists.c.o 
/Users/qkdreyer/Library/Android/sdk/ndk/21.3.6528147/toolchains/llvm/prebuilt/darwin-x86_64/bin/clang --target=x86_64-none-linux-android21 --gcc-toolchain=/Users/qkdreyer/Library/Android/sdk/ndk/21.3.6528147/toolchains/llvm/prebuilt/darwin-x86_64 --sysroot=/Users/qkdreyer/Library/Android/sdk/ndk/21.3.6528147/toolchains/llvm/prebuilt/darwin-x86_64/sysroot   -std=c11 -g -DANDROID -fdata-sections -ffunction-sections -funwind-tables -fstack-protector-strong -no-canonical-prefixes -D_FORTIFY_SOURCE=2 -Wformat -Werror=format-security   -D_LARGEFILE_SOURCE -D_LARGE_FILES -fPIE -o CMakeFiles/cmTC_a9115.dir/CheckSymbolExists.c.o   -c CheckSymbolExists.c
CheckSymbolExists.c:2:10: fatal error: 'libproc.h' file not found
#include <libproc.h>
         ^~~~~~~~~~~
1 error generated.
ninja: build stopped: subcommand failed.

File /Users/qkdreyer/Dev/heaps-android/heaps-android-app/heapsapp/.externalNativeBuild/cmake/debug/x86_64/CMakeFiles/CMakeTmp/CheckSymbolExists.c:
/* */
#include <libproc.h>

int main(int argc, char** argv)
{
  (void)argv;
#ifndef proc_pidpath
  return ((int*)(&proc_pidpath))[argc];
#else
  (void)argc;
  return 0;
#endif
}

Determining if the _controlfp exist failed with the following output:
Change Dir: /Users/qkdreyer/Dev/heaps-android/heaps-android-app/heapsapp/.externalNativeBuild/cmake/debug/x86_64/CMakeFiles/CMakeTmp

Run Build Command:"/Users/qkdreyer/Library/Android/sdk/cmake/3.10.2.4988404/bin/ninja" "cmTC_5eaa8"
[1/2] Building C object CMakeFiles/cmTC_5eaa8.dir/CheckSymbolExists.c.o
FAILED: CMakeFiles/cmTC_5eaa8.dir/CheckSymbolExists.c.o 
/Users/qkdreyer/Library/Android/sdk/ndk/21.3.6528147/toolchains/llvm/prebuilt/darwin-x86_64/bin/clang --target=x86_64-none-linux-android21 --gcc-toolchain=/Users/qkdreyer/Library/Android/sdk/ndk/21.3.6528147/toolchains/llvm/prebuilt/darwin-x86_64 --sysroot=/Users/qkdreyer/Library/Android/sdk/ndk/21.3.6528147/toolchains/llvm/prebuilt/darwin-x86_64/sysroot   -std=c11 -g -DANDROID -fdata-sections -ffunction-sections -funwind-tables -fstack-protector-strong -no-canonical-prefixes -D_FORTIFY_SOURCE=2 -Wformat -Werror=format-security   -D_LARGEFILE_SOURCE -D_LARGE_FILES -fPIE -o CMakeFiles/cmTC_5eaa8.dir/CheckSymbolExists.c.o   -c CheckSymbolExists.c
CheckSymbolExists.c:8:19: error: use of undeclared identifier '_controlfp'
  return ((int*)(&_controlfp))[argc];
                  ^
1 error generated.
ninja: build stopped: subcommand failed.

File /Users/qkdreyer/Dev/heaps-android/heaps-android-app/heapsapp/.externalNativeBuild/cmake/debug/x86_64/CMakeFiles/CMakeTmp/CheckSymbolExists.c:
/* */
#include <float.h>

int main(int argc, char** argv)
{
  (void)argv;
#ifndef _controlfp
  return ((int*)(&_controlfp))[argc];
#else
  (void)argc;
  return 0;
#endif
}

Determining if the __control87_2 exist failed with the following output:
Change Dir: /Users/qkdreyer/Dev/heaps-android/heaps-android-app/heapsapp/.externalNativeBuild/cmake/debug/x86_64/CMakeFiles/CMakeTmp

Run Build Command:"/Users/qkdreyer/Library/Android/sdk/cmake/3.10.2.4988404/bin/ninja" "cmTC_bbcb8"
[1/2] Building C object CMakeFiles/cmTC_bbcb8.dir/CheckSymbolExists.c.o
FAILED: CMakeFiles/cmTC_bbcb8.dir/CheckSymbolExists.c.o 
/Users/qkdreyer/Library/Android/sdk/ndk/21.3.6528147/toolchains/llvm/prebuilt/darwin-x86_64/bin/clang --target=x86_64-none-linux-android21 --gcc-toolchain=/Users/qkdreyer/Library/Android/sdk/ndk/21.3.6528147/toolchains/llvm/prebuilt/darwin-x86_64 --sysroot=/Users/qkdreyer/Library/Android/sdk/ndk/21.3.6528147/toolchains/llvm/prebuilt/darwin-x86_64/sysroot   -std=c11 -g -DANDROID -fdata-sections -ffunction-sections -funwind-tables -fstack-protector-strong -no-canonical-prefixes -D_FORTIFY_SOURCE=2 -Wformat -Werror=format-security   -D_LARGEFILE_SOURCE -D_LARGE_FILES -fPIE -o CMakeFiles/cmTC_bbcb8.dir/CheckSymbolExists.c.o   -c CheckSymbolExists.c
CheckSymbolExists.c:8:19: error: use of undeclared identifier '__control87_2'
  return ((int*)(&__control87_2))[argc];
                  ^
1 error generated.
ninja: build stopped: subcommand failed.

File /Users/qkdreyer/Dev/heaps-android/heaps-android-app/heapsapp/.externalNativeBuild/cmake/debug/x86_64/CMakeFiles/CMakeTmp/CheckSymbolExists.c:
/* */
#include <float.h>

int main(int argc, char** argv)
{
  (void)argv;
#ifndef __control87_2
  return ((int*)(&__control87_2))[argc];
#else
  (void)argc;
  return 0;
#endif
}

Determining if the include file windows.h exists failed with the following output:
Change Dir: /Users/qkdreyer/Dev/heaps-android/heaps-android-app/heapsapp/.externalNativeBuild/cmake/debug/x86_64/CMakeFiles/CMakeTmp

Run Build Command:"/Users/qkdreyer/Library/Android/sdk/cmake/3.10.2.4988404/bin/ninja" "cmTC_a514d"
[1/2] Building C object CMakeFiles/cmTC_a514d.dir/CheckIncludeFile.c.o
FAILED: CMakeFiles/cmTC_a514d.dir/CheckIncludeFile.c.o 
/Users/qkdreyer/Library/Android/sdk/ndk/21.3.6528147/toolchains/llvm/prebuilt/darwin-x86_64/bin/clang --target=x86_64-none-linux-android21 --gcc-toolchain=/Users/qkdreyer/Library/Android/sdk/ndk/21.3.6528147/toolchains/llvm/prebuilt/darwin-x86_64 --sysroot=/Users/qkdreyer/Library/Android/sdk/ndk/21.3.6528147/toolchains/llvm/prebuilt/darwin-x86_64/sysroot -D_WIN32_WINNT=0x0502  -std=c11 -g -DANDROID -fdata-sections -ffunction-sections -funwind-tables -fstack-protector-strong -no-canonical-prefixes -D_FORTIFY_SOURCE=2 -Wformat -Werror=format-security   -D_LARGEFILE_SOURCE -D_LARGE_FILES -fPIE -o CMakeFiles/cmTC_a514d.dir/CheckIncludeFile.c.o   -c CheckIncludeFile.c
CheckIncludeFile.c:1:10: fatal error: 'windows.h' file not found
#include <windows.h>
         ^~~~~~~~~~~
1 error generated.
ninja: build stopped: subcommand failed.


Determining if the function pthread_create exists in the pthread failed with the following output:
Change Dir: /Users/qkdreyer/Dev/heaps-android/heaps-android-app/heapsapp/.externalNativeBuild/cmake/debug/x86_64/CMakeFiles/CMakeTmp

Run Build Command:"/Users/qkdreyer/Library/Android/sdk/cmake/3.10.2.4988404/bin/ninja" "cmTC_bf9fe"
[1/2] Building C object CMakeFiles/cmTC_bf9fe.dir/CheckFunctionExists.c.o
[2/2] Linking C executable cmTC_bf9fe
FAILED: cmTC_bf9fe 
: && /Users/qkdreyer/Library/Android/sdk/ndk/21.3.6528147/toolchains/llvm/prebuilt/darwin-x86_64/bin/clang --target=x86_64-none-linux-android21 --gcc-toolchain=/Users/qkdreyer/Library/Android/sdk/ndk/21.3.6528147/toolchains/llvm/prebuilt/darwin-x86_64 --sysroot=/Users/qkdreyer/Library/Android/sdk/ndk/21.3.6528147/toolchains/llvm/prebuilt/darwin-x86_64/sysroot -std=c11 -g -DANDROID -fdata-sections -ffunction-sections -funwind-tables -fstack-protector-strong -no-canonical-prefixes -D_FORTIFY_SOURCE=2 -Wformat -Werror=format-security  -DCHECK_FUNCTION_EXISTS=pthread_create  -D_LARGEFILE_SOURCE -D_LARGE_FILES -pthread  -Wl,--exclude-libs,libgcc.a -Wl,--exclude-libs,libgcc_real.a -Wl,--exclude-libs,libatomic.a -static-libstdc++ -Wl,--build-id -Wl,--fatal-warnings -Wl,--no-undefined -Qunused-arguments -Wl,--gc-sections CMakeFiles/cmTC_bf9fe.dir/CheckFunctionExists.c.o  -o cmTC_bf9fe  -lpthread -latomic -llog -lm -ldl -latomic -lm && :
/Users/qkdreyer/Library/Android/sdk/ndk/21.3.6528147/toolchains/llvm/prebuilt/darwin-x86_64/lib/gcc/x86_64-linux-android/4.9.x/../../../../x86_64-linux-android/bin/ld: error: cannot find -lpthread
clang: error: linker command failed with exit code 1 (use -v to see invocation)
ninja: build stopped: subcommand failed.


Performing C SOURCE FILE Test PTHREAD_SETNAME_NP_ONE_PARAM failed with the following output:
Change Dir: /Users/qkdreyer/Dev/heaps-android/heaps-android-app/heapsapp/.externalNativeBuild/cmake/debug/x86_64/CMakeFiles/CMakeTmp

Run Build Command:"/Users/qkdreyer/Library/Android/sdk/cmake/3.10.2.4988404/bin/ninja" "cmTC_985c8"
[1/2] Building C object CMakeFiles/cmTC_985c8.dir/src.c.o
FAILED: CMakeFiles/cmTC_985c8.dir/src.c.o 
/Users/qkdreyer/Library/Android/sdk/ndk/21.3.6528147/toolchains/llvm/prebuilt/darwin-x86_64/bin/clang --target=x86_64-none-linux-android21 --gcc-toolchain=/Users/qkdreyer/Library/Android/sdk/ndk/21.3.6528147/toolchains/llvm/prebuilt/darwin-x86_64 --sysroot=/Users/qkdreyer/Library/Android/sdk/ndk/21.3.6528147/toolchains/llvm/prebuilt/darwin-x86_64/sysroot   -std=c11 -g -DANDROID -fdata-sections -ffunction-sections -funwind-tables -fstack-protector-strong -no-canonical-prefixes -D_FORTIFY_SOURCE=2 -Wformat -Werror=format-security  -DPTHREAD_SETNAME_NP_ONE_PARAM  -D_LARGEFILE_SOURCE -D_LARGE_FILES -pthread -fPIE -o CMakeFiles/cmTC_985c8.dir/src.c.o   -c src.c
src.c:5:34: error: too few arguments to function call, expected 2, have 1
    pthread_setname_np("testname");
    ~~~~~~~~~~~~~~~~~~           ^
/Users/qkdreyer/Library/Android/sdk/ndk/21.3.6528147/toolchains/llvm/prebuilt/darwin-x86_64/sysroot/usr/include/pthread.h:352:1: note: 'pthread_setname_np' declared here
int pthread_setname_np(pthread_t __pthread, const char* __name);
^
1 error generated.
ninja: build stopped: subcommand failed.

Source file was:

#include <pthread.h>
int main()
{
    pthread_setname_np("testname");
    return 0;
}
Performing C SOURCE FILE Test PTHREAD_SETNAME_NP_THREE_PARAMS failed with the following output:
Change Dir: /Users/qkdreyer/Dev/heaps-android/heaps-android-app/heapsapp/.externalNativeBuild/cmake/debug/x86_64/CMakeFiles/CMakeTmp

Run Build Command:"/Users/qkdreyer/Library/Android/sdk/cmake/3.10.2.4988404/bin/ninja" "cmTC_67f00"
[1/2] Building C object CMakeFiles/cmTC_67f00.dir/src.c.o
FAILED: CMakeFiles/cmTC_67f00.dir/src.c.o 
/Users/qkdreyer/Library/Android/sdk/ndk/21.3.6528147/toolchains/llvm/prebuilt/darwin-x86_64/bin/clang --target=x86_64-none-linux-android21 --gcc-toolchain=/Users/qkdreyer/Library/Android/sdk/ndk/21.3.6528147/toolchains/llvm/prebuilt/darwin-x86_64 --sysroot=/Users/qkdreyer/Library/Android/sdk/ndk/21.3.6528147/toolchains/llvm/prebuilt/darwin-x86_64/sysroot   -std=c11 -g -DANDROID -fdata-sections -ffunction-sections -funwind-tables -fstack-protector-strong -no-canonical-prefixes -D_FORTIFY_SOURCE=2 -Wformat -Werror=format-security  -DPTHREAD_SETNAME_NP_THREE_PARAMS  -D_LARGEFILE_SOURCE -D_LARGE_FILES -pthread -fPIE -o CMakeFiles/cmTC_67f00.dir/src.c.o   -c src.c
src.c:5:46: error: too many arguments to function call, expected 2, have 3
    pthread_setname_np(pthread_self(), "%s", "testname");
    ~~~~~~~~~~~~~~~~~~                       ^~~~~~~~~~
/Users/qkdreyer/Library/Android/sdk/ndk/21.3.6528147/toolchains/llvm/prebuilt/darwin-x86_64/sysroot/usr/include/pthread.h:352:1: note: 'pthread_setname_np' declared here
int pthread_setname_np(pthread_t __pthread, const char* __name);
^
1 error generated.
ninja: build stopped: subcommand failed.

Source file was:

#include <pthread.h>
int main()
{
    pthread_setname_np(pthread_self(), "%s", "testname");
    return 0;
}
Determining if the pthread_mutexattr_setkind_np exist failed with the following output:
Change Dir: /Users/qkdreyer/Dev/heaps-android/heaps-android-app/heapsapp/.externalNativeBuild/cmake/debug/x86_64/CMakeFiles/CMakeTmp

Run Build Command:"/Users/qkdreyer/Library/Android/sdk/cmake/3.10.2.4988404/bin/ninja" "cmTC_ea2d9"
[1/2] Building C object CMakeFiles/cmTC_ea2d9.dir/CheckSymbolExists.c.o
FAILED: CMakeFiles/cmTC_ea2d9.dir/CheckSymbolExists.c.o 
/Users/qkdreyer/Library/Android/sdk/ndk/21.3.6528147/toolchains/llvm/prebuilt/darwin-x86_64/bin/clang --target=x86_64-none-linux-android21 --gcc-toolchain=/Users/qkdreyer/Library/Android/sdk/ndk/21.3.6528147/toolchains/llvm/prebuilt/darwin-x86_64 --sysroot=/Users/qkdreyer/Library/Android/sdk/ndk/21.3.6528147/toolchains/llvm/prebuilt/darwin-x86_64/sysroot   -std=c11 -g -DANDROID -fdata-sections -ffunction-sections -funwind-tables -fstack-protector-strong -no-canonical-prefixes -D_FORTIFY_SOURCE=2 -Wformat -Werror=format-security   -D_LARGEFILE_SOURCE -D_LARGE_FILES -pthread -fPIE -o CMakeFiles/cmTC_ea2d9.dir/CheckSymbolExists.c.o   -c CheckSymbolExists.c
CheckSymbolExists.c:8:19: error: use of undeclared identifier 'pthread_mutexattr_setkind_np'
  return ((int*)(&pthread_mutexattr_setkind_np))[argc];
                  ^
1 error generated.
ninja: build stopped: subcommand failed.

File /Users/qkdreyer/Dev/heaps-android/heaps-android-app/heapsapp/.externalNativeBuild/cmake/debug/x86_64/CMakeFiles/CMakeTmp/CheckSymbolExists.c:
/* */
#include <pthread.h>

int main(int argc, char** argv)
{
  (void)argv;
#ifndef pthread_mutexattr_setkind_np
  return ((int*)(&pthread_mutexattr_setkind_np))[argc];
#else
  (void)argc;
  return 0;
#endif
}

Determining if the function clock_gettime exists in the rt failed with the following output:
Change Dir: /Users/qkdreyer/Dev/heaps-android/heaps-android-app/heapsapp/.externalNativeBuild/cmake/debug/x86_64/CMakeFiles/CMakeTmp

Run Build Command:"/Users/qkdreyer/Library/Android/sdk/cmake/3.10.2.4988404/bin/ninja" "cmTC_9e5c1"
[1/2] Building C object CMakeFiles/cmTC_9e5c1.dir/CheckFunctionExists.c.o
[2/2] Linking C executable cmTC_9e5c1
FAILED: cmTC_9e5c1 
: && /Users/qkdreyer/Library/Android/sdk/ndk/21.3.6528147/toolchains/llvm/prebuilt/darwin-x86_64/bin/clang --target=x86_64-none-linux-android21 --gcc-toolchain=/Users/qkdreyer/Library/Android/sdk/ndk/21.3.6528147/toolchains/llvm/prebuilt/darwin-x86_64 --sysroot=/Users/qkdreyer/Library/Android/sdk/ndk/21.3.6528147/toolchains/llvm/prebuilt/darwin-x86_64/sysroot -std=c11 -g -DANDROID -fdata-sections -ffunction-sections -funwind-tables -fstack-protector-strong -no-canonical-prefixes -D_FORTIFY_SOURCE=2 -Wformat -Werror=format-security  -DCHECK_FUNCTION_EXISTS=clock_gettime  -D_LARGEFILE_SOURCE -D_LARGE_FILES -pthread  -Wl,--exclude-libs,libgcc.a -Wl,--exclude-libs,libgcc_real.a -Wl,--exclude-libs,libatomic.a -static-libstdc++ -Wl,--build-id -Wl,--fatal-warnings -Wl,--no-undefined -Qunused-arguments -Wl,--gc-sections CMakeFiles/cmTC_9e5c1.dir/CheckFunctionExists.c.o  -o cmTC_9e5c1  -lrt -latomic -llog -lm -ldl -latomic -lm && :
/Users/qkdreyer/Library/Android/sdk/ndk/21.3.6528147/toolchains/llvm/prebuilt/darwin-x86_64/lib/gcc/x86_64-linux-android/4.9.x/../../../../x86_64-linux-android/bin/ld: error: cannot find -lrt
clang: error: linker command failed with exit code 1 (use -v to see invocation)
ninja: build stopped: subcommand failed.


Determining if the include file arm_neon.h exists failed with the following output:
Change Dir: /Users/qkdreyer/Dev/heaps-android/heaps-android-app/heapsapp/.externalNativeBuild/cmake/debug/x86_64/CMakeFiles/CMakeTmp

Run Build Command:"/Users/qkdreyer/Library/Android/sdk/cmake/3.10.2.4988404/bin/ninja" "cmTC_310d7"
[1/2] Building C object CMakeFiles/cmTC_310d7.dir/CheckIncludeFile.c.o
FAILED: CMakeFiles/cmTC_310d7.dir/CheckIncludeFile.c.o 
/Users/qkdreyer/Library/Android/sdk/ndk/21.3.6528147/toolchains/llvm/prebuilt/darwin-x86_64/bin/clang --target=x86_64-none-linux-android21 --gcc-toolchain=/Users/qkdreyer/Library/Android/sdk/ndk/21.3.6528147/toolchains/llvm/prebuilt/darwin-x86_64 --sysroot=/Users/qkdreyer/Library/Android/sdk/ndk/21.3.6528147/toolchains/llvm/prebuilt/darwin-x86_64/sysroot   -std=c11 -g -DANDROID -fdata-sections -ffunction-sections -funwind-tables -fstack-protector-strong -no-canonical-prefixes -D_FORTIFY_SOURCE=2 -Wformat -Werror=format-security  -mfpu=neon  -D_LARGEFILE_SOURCE -D_LARGE_FILES -pthread -fPIE -o CMakeFiles/cmTC_310d7.dir/CheckIncludeFile.c.o   -c CheckIncludeFile.c
clang: warning: argument unused during compilation: '-mfpu=neon' [-Wunused-command-line-argument]
In file included from CheckIncludeFile.c:1:
/Users/qkdreyer/Library/Android/sdk/ndk/21.3.6528147/toolchains/llvm/prebuilt/darwin-x86_64/lib64/clang/9.0.8/include/arm_neon.h:28:2: error: "NEON support not enabled"
#error "NEON support not enabled"
 ^
/Users/qkdreyer/Library/Android/sdk/ndk/21.3.6528147/toolchains/llvm/prebuilt/darwin-x86_64/lib64/clang/9.0.8/include/arm_neon.h:48:24: error: 'neon_vector_type' attribute is not supported for this target
typedef __attribute__((neon_vector_type(8))) int8_t int8x8_t;
                       ^
/Users/qkdreyer/Library/Android/sdk/ndk/21.3.6528147/toolchains/llvm/prebuilt/darwin-x86_64/lib64/clang/9.0.8/include/arm_neon.h:49:24: error: 'neon_vector_type' attribute is not supported for this target
typedef __attribute__((neon_vector_type(16))) int8_t int8x16_t;
                       ^
/Users/qkdreyer/Library/Android/sdk/ndk/21.3.6528147/toolchains/llvm/prebuilt/darwin-x86_64/lib64/clang/9.0.8/include/arm_neon.h:50:24: error: 'neon_vector_type' attribute is not supported for this target
typedef __attribute__((neon_vector_type(4))) int16_t int16x4_t;
                       ^
/Users/qkdreyer/Library/Android/sdk/ndk/21.3.6528147/toolchains/llvm/prebuilt/darwin-x86_64/lib64/clang/9.0.8/include/arm_neon.h:51:24: error: 'neon_vector_type' attribute is not supported for this target
typedef __attribute__((neon_vector_type(8))) int16_t int16x8_t;
                       ^
/Users/qkdreyer/Library/Android/sdk/ndk/21.3.6528147/toolchains/llvm/prebuilt/darwin-x86_64/lib64/clang/9.0.8/include/arm_neon.h:52:24: error: 'neon_vector_type' attribute is not supported for this target
typedef __attribute__((neon_vector_type(2))) int32_t int32x2_t;
                       ^
/Users/qkdreyer/Library/Android/sdk/ndk/21.3.6528147/toolchains/llvm/prebuilt/darwin-x86_64/lib64/clang/9.0.8/include/arm_neon.h:53:24: error: 'neon_vector_type' attribute is not supported for this target
typedef __attribute__((neon_vector_type(4))) int32_t int32x4_t;
                       ^
/Users/qkdreyer/Library/Android/sdk/ndk/21.3.6528147/toolchains/llvm/prebuilt/darwin-x86_64/lib64/clang/9.0.8/include/arm_neon.h:54:24: error: 'neon_vector_type' attribute is not supported for this target
typedef __attribute__((neon_vector_type(1))) int64_t int64x1_t;
                       ^
/Users/qkdreyer/Library/Android/sdk/ndk/21.3.6528147/toolchains/llvm/prebuilt/darwin-x86_64/lib64/clang/9.0.8/include/arm_neon.h:55:24: error: 'neon_vector_type' attribute is not supported for this target
typedef __attribute__((neon_vector_type(2))) int64_t int64x2_t;
                       ^
/Users/qkdreyer/Library/Android/sdk/ndk/21.3.6528147/toolchains/llvm/prebuilt/darwin-x86_64/lib64/clang/9.0.8/include/arm_neon.h:56:24: error: 'neon_vector_type' attribute is not supported for this target
typedef __attribute__((neon_vector_type(8))) uint8_t uint8x8_t;
                       ^
/Users/qkdreyer/Library/Android/sdk/ndk/21.3.6528147/toolchains/llvm/prebuilt/darwin-x86_64/lib64/clang/9.0.8/include/arm_neon.h:57:24: error: 'neon_vector_type' attribute is not supported for this target
typedef __attribute__((neon_vector_type(16))) uint8_t uint8x16_t;
                       ^
/Users/qkdreyer/Library/Android/sdk/ndk/21.3.6528147/toolchains/llvm/prebuilt/darwin-x86_64/lib64/clang/9.0.8/include/arm_neon.h:58:24: error: 'neon_vector_type' attribute is not supported for this target
typedef __attribute__((neon_vector_type(4))) uint16_t uint16x4_t;
                       ^
/Users/qkdreyer/Library/Android/sdk/ndk/21.3.6528147/toolchains/llvm/prebuilt/darwin-x86_64/lib64/clang/9.0.8/include/arm_neon.h:59:24: error: 'neon_vector_type' attribute is not supported for this target
typedef __attribute__((neon_vector_type(8))) uint16_t uint16x8_t;
                       ^
/Users/qkdreyer/Library/Android/sdk/ndk/21.3.6528147/toolchains/llvm/prebuilt/darwin-x86_64/lib64/clang/9.0.8/include/arm_neon.h:60:24: error: 'neon_vector_type' attribute is not supported for this target
typedef __attribute__((neon_vector_type(2))) uint32_t uint32x2_t;
                       ^
/Users/qkdreyer/Library/Android/sdk/ndk/21.3.6528147/toolchains/llvm/prebuilt/darwin-x86_64/lib64/clang/9.0.8/include/arm_neon.h:61:24: error: 'neon_vector_type' attribute is not supported for this target
typedef __attribute__((neon_vector_type(4))) uint32_t uint32x4_t;
                       ^
/Users/qkdreyer/Library/Android/sdk/ndk/21.3.6528147/toolchains/llvm/prebuilt/darwin-x86_64/lib64/clang/9.0.8/include/arm_neon.h:62:24: error: 'neon_vector_type' attribute is not supported for this target
typedef __attribute__((neon_vector_type(1))) uint64_t uint64x1_t;
                       ^
/Users/qkdreyer/Library/Android/sdk/ndk/21.3.6528147/toolchains/llvm/prebuilt/darwin-x86_64/lib64/clang/9.0.8/include/arm_neon.h:63:24: error: 'neon_vector_type' attribute is not supported for this target
typedef __attribute__((neon_vector_type(2))) uint64_t uint64x2_t;
                       ^
/Users/qkdreyer/Library/Android/sdk/ndk/21.3.6528147/toolchains/llvm/prebuilt/darwin-x86_64/lib64/clang/9.0.8/include/arm_neon.h:64:24: error: 'neon_vector_type' attribute is not supported for this target
typedef __attribute__((neon_vector_type(4))) float16_t float16x4_t;
                       ^
/Users/qkdreyer/Library/Android/sdk/ndk/21.3.6528147/toolchains/llvm/prebuilt/darwin-x86_64/lib64/clang/9.0.8/include/arm_neon.h:65:24: error: 'neon_vector_type' attribute is not supported for this target
typedef __attribute__((neon_vector_type(8))) float16_t float16x8_t;
                       ^
fatal error: too many errors emitted, stopping now [-ferror-limit=]
20 errors generated.
ninja: build stopped: subcommand failed.


