Performing C SOURCE FILE Test HAVE_GCC_PREFERRED_STACK_BOUNDARY failed with the following output:
Change Dir: /Users/qkdreyer/Dev/heaps-android/heaps-android-app/heapsapp/.externalNativeBuild/cmake/debug/x86/CMakeFiles/CMakeTmp

Run Build Command:"/Users/qkdreyer/Library/Android/sdk/cmake/3.10.2.4988404/bin/ninja" "cmTC_e925d"
[1/2] Building C object CMakeFiles/cmTC_e925d.dir/src.c.o
FAILED: CMakeFiles/cmTC_e925d.dir/src.c.o 
/Users/qkdreyer/Library/Android/sdk/ndk/21.3.6528147/toolchains/llvm/prebuilt/darwin-x86_64/bin/clang --target=i686-none-linux-android19 --gcc-toolchain=/Users/qkdreyer/Library/Android/sdk/ndk/21.3.6528147/toolchains/llvm/prebuilt/darwin-x86_64 --sysroot=/Users/qkdreyer/Library/Android/sdk/ndk/21.3.6528147/toolchains/llvm/prebuilt/darwin-x86_64/sysroot   -g -DANDROID -fdata-sections -ffunction-sections -funwind-tables -fstack-protector-strong -no-canonical-prefixes -mstackrealign -D_FORTIFY_SOURCE=2 -Wformat -Werror=format-security  -idirafter /Users/qkdreyer/Dev/heaps-android/sdl2/src/video/khronos -DHAVE_GCC_PREFERRED_STACK_BOUNDARY -mpreferred-stack-boundary=2 -fPIE -o CMakeFiles/cmTC_e925d.dir/src.c.o   -c src.c
clang: error: unknown argument: '-mpreferred-stack-boundary=2'
ninja: build stopped: subcommand failed.

Source file was:
int x = 0; int main(int argc, char **argv) {}
Performing C SOURCE FILE Test HAVE_ALTIVEC_H_HDR failed with the following output:
Change Dir: /Users/qkdreyer/Dev/heaps-android/heaps-android-app/heapsapp/.externalNativeBuild/cmake/debug/x86/CMakeFiles/CMakeTmp

Run Build Command:"/Users/qkdreyer/Library/Android/sdk/cmake/3.10.2.4988404/bin/ninja" "cmTC_a8484"
[1/2] Building C object CMakeFiles/cmTC_a8484.dir/src.c.o
FAILED: CMakeFiles/cmTC_a8484.dir/src.c.o 
/Users/qkdreyer/Library/Android/sdk/ndk/21.3.6528147/toolchains/llvm/prebuilt/darwin-x86_64/bin/clang --target=i686-none-linux-android19 --gcc-toolchain=/Users/qkdreyer/Library/Android/sdk/ndk/21.3.6528147/toolchains/llvm/prebuilt/darwin-x86_64 --sysroot=/Users/qkdreyer/Library/Android/sdk/ndk/21.3.6528147/toolchains/llvm/prebuilt/darwin-x86_64/sysroot   -g -DANDROID -fdata-sections -ffunction-sections -funwind-tables -fstack-protector-strong -no-canonical-prefixes -mstackrealign -D_FORTIFY_SOURCE=2 -Wformat -Werror=format-security  -idirafter /Users/qkdreyer/Dev/heaps-android/sdl2/src/video/khronos -DHAVE_ALTIVEC_H_HDR -maltivec -fPIE -o CMakeFiles/cmTC_a8484.dir/src.c.o   -c src.c
clang: warning: argument unused during compilation: '-maltivec' [-Wunused-command-line-argument]
In file included from src.c:2:
/Users/qkdreyer/Library/Android/sdk/ndk/21.3.6528147/toolchains/llvm/prebuilt/darwin-x86_64/lib64/clang/9.0.8/include/altivec.h:13:2: error: "AltiVec support not enabled"
#error "AltiVec support not enabled"
 ^
/Users/qkdreyer/Library/Android/sdk/ndk/21.3.6528147/toolchains/llvm/prebuilt/darwin-x86_64/lib64/clang/9.0.8/include/altivec.h:48:19: error: unknown type name 'vector'
static __inline__ vector signed char __ATTRS_o_ai vec_perm(
                  ^
/Users/qkdreyer/Library/Android/sdk/ndk/21.3.6528147/toolchains/llvm/prebuilt/darwin-x86_64/lib64/clang/9.0.8/include/altivec.h:49:5: error: unknown type name 'vector'
    vector signed char __a, vector signed char __b, vector unsigned char __c);
    ^
/Users/qkdreyer/Library/Android/sdk/ndk/21.3.6528147/toolchains/llvm/prebuilt/darwin-x86_64/lib64/clang/9.0.8/include/altivec.h:49:29: error: unknown type name 'vector'
    vector signed char __a, vector signed char __b, vector unsigned char __c);
                            ^
/Users/qkdreyer/Library/Android/sdk/ndk/21.3.6528147/toolchains/llvm/prebuilt/darwin-x86_64/lib64/clang/9.0.8/include/altivec.h:49:53: error: unknown type name 'vector'
    vector signed char __a, vector signed char __b, vector unsigned char __c);
                                                    ^
/Users/qkdreyer/Library/Android/sdk/ndk/21.3.6528147/toolchains/llvm/prebuilt/darwin-x86_64/lib64/clang/9.0.8/include/altivec.h:51:19: error: unknown type name 'vector'
static __inline__ vector unsigned char __ATTRS_o_ai
                  ^
/Users/qkdreyer/Library/Android/sdk/ndk/21.3.6528147/toolchains/llvm/prebuilt/darwin-x86_64/lib64/clang/9.0.8/include/altivec.h:52:10: error: unknown type name 'vector'
vec_perm(vector unsigned char __a, vector unsigned char __b,
         ^
/Users/qkdreyer/Library/Android/sdk/ndk/21.3.6528147/toolchains/llvm/prebuilt/darwin-x86_64/lib64/clang/9.0.8/include/altivec.h:52:36: error: unknown type name 'vector'
vec_perm(vector unsigned char __a, vector unsigned char __b,
                                   ^
/Users/qkdreyer/Library/Android/sdk/ndk/21.3.6528147/toolchains/llvm/prebuilt/darwin-x86_64/lib64/clang/9.0.8/include/altivec.h:53:10: error: unknown type name 'vector'
         vector unsigned char __c);
         ^
/Users/qkdreyer/Library/Android/sdk/ndk/21.3.6528147/toolchains/llvm/prebuilt/darwin-x86_64/lib64/clang/9.0.8/include/altivec.h:55:19: error: unknown type name 'vector'
static __inline__ vector bool char __ATTRS_o_ai
                  ^
/Users/qkdreyer/Library/Android/sdk/ndk/21.3.6528147/toolchains/llvm/prebuilt/darwin-x86_64/lib64/clang/9.0.8/include/altivec.h:55:8: error: 'inline' can only appear on functions
static __inline__ vector bool char __ATTRS_o_ai
       ^
/Users/qkdreyer/Library/Android/sdk/ndk/21.3.6528147/toolchains/llvm/prebuilt/darwin-x86_64/lib64/clang/9.0.8/include/altivec.h:55:30: error: expected ';' after top level declarator
static __inline__ vector bool char __ATTRS_o_ai
                             ^
/Users/qkdreyer/Library/Android/sdk/ndk/21.3.6528147/toolchains/llvm/prebuilt/darwin-x86_64/lib64/clang/9.0.8/include/altivec.h:56:10: error: unknown type name 'vector'
vec_perm(vector bool char __a, vector bool char __b, vector unsigned char __c);
         ^
/Users/qkdreyer/Library/Android/sdk/ndk/21.3.6528147/toolchains/llvm/prebuilt/darwin-x86_64/lib64/clang/9.0.8/include/altivec.h:56:22: error: expected ')'
vec_perm(vector bool char __a, vector bool char __b, vector unsigned char __c);
                     ^
/Users/qkdreyer/Library/Android/sdk/ndk/21.3.6528147/toolchains/llvm/prebuilt/darwin-x86_64/lib64/clang/9.0.8/include/altivec.h:56:9: note: to match this '('
vec_perm(vector bool char __a, vector bool char __b, vector unsigned char __c);
        ^
/Users/qkdreyer/Library/Android/sdk/ndk/21.3.6528147/toolchains/llvm/prebuilt/darwin-x86_64/lib64/clang/9.0.8/include/altivec.h:58:19: error: unknown type name 'vector'
static __inline__ vector short __ATTRS_o_ai vec_perm(vector signed short __a,
                  ^
/Users/qkdreyer/Library/Android/sdk/ndk/21.3.6528147/toolchains/llvm/prebuilt/darwin-x86_64/lib64/clang/9.0.8/include/altivec.h:58:54: error: unknown type name 'vector'
static __inline__ vector short __ATTRS_o_ai vec_perm(vector signed short __a,
                                                     ^
/Users/qkdreyer/Library/Android/sdk/ndk/21.3.6528147/toolchains/llvm/prebuilt/darwin-x86_64/lib64/clang/9.0.8/include/altivec.h:59:54: error: unknown type name 'vector'
                                                     vector signed short __b,
                                                     ^
/Users/qkdreyer/Library/Android/sdk/ndk/21.3.6528147/toolchains/llvm/prebuilt/darwin-x86_64/lib64/clang/9.0.8/include/altivec.h:60:54: error: unknown type name 'vector'
                                                     vector unsigned char __c);
                                                     ^
/Users/qkdreyer/Library/Android/sdk/ndk/21.3.6528147/toolchains/llvm/prebuilt/darwin-x86_64/lib64/clang/9.0.8/include/altivec.h:62:19: error: unknown type name 'vector'
static __inline__ vector unsigned short __ATTRS_o_ai
                  ^
fatal error: too many errors emitted, stopping now [-ferror-limit=]
20 errors generated.
ninja: build stopped: subcommand failed.

Source file was:

          #include <altivec.h>
          vector unsigned int vzero() {
              return vec_splat_u32(0);
          }
          int main(int argc, char **argv) { }
Performing C SOURCE FILE Test HAVE_ALTIVEC failed with the following output:
Change Dir: /Users/qkdreyer/Dev/heaps-android/heaps-android-app/heapsapp/.externalNativeBuild/cmake/debug/x86/CMakeFiles/CMakeTmp

Run Build Command:"/Users/qkdreyer/Library/Android/sdk/cmake/3.10.2.4988404/bin/ninja" "cmTC_2b321"
[1/2] Building C object CMakeFiles/cmTC_2b321.dir/src.c.o
FAILED: CMakeFiles/cmTC_2b321.dir/src.c.o 
/Users/qkdreyer/Library/Android/sdk/ndk/21.3.6528147/toolchains/llvm/prebuilt/darwin-x86_64/bin/clang --target=i686-none-linux-android19 --gcc-toolchain=/Users/qkdreyer/Library/Android/sdk/ndk/21.3.6528147/toolchains/llvm/prebuilt/darwin-x86_64 --sysroot=/Users/qkdreyer/Library/Android/sdk/ndk/21.3.6528147/toolchains/llvm/prebuilt/darwin-x86_64/sysroot   -g -DANDROID -fdata-sections -ffunction-sections -funwind-tables -fstack-protector-strong -no-canonical-prefixes -mstackrealign -D_FORTIFY_SOURCE=2 -Wformat -Werror=format-security  -idirafter /Users/qkdreyer/Dev/heaps-android/sdl2/src/video/khronos -DHAVE_ALTIVEC -maltivec -fPIE -o CMakeFiles/cmTC_2b321.dir/src.c.o   -c src.c
clang: warning: argument unused during compilation: '-maltivec' [-Wunused-command-line-argument]
src.c:2:11: error: unknown type name 'vector'
          vector unsigned int vzero() {
          ^
src.c:3:22: warning: implicit declaration of function 'vec_splat_u32' is invalid in C99 [-Wimplicit-function-declaration]
              return vec_splat_u32(0);
                     ^
1 warning and 1 error generated.
ninja: build stopped: subcommand failed.

Source file was:

          vector unsigned int vzero() {
              return vec_splat_u32(0);
          }
          int main(int argc, char **argv) { }
Determining if the include file libunwind.h exists failed with the following output:
Change Dir: /Users/qkdreyer/Dev/heaps-android/heaps-android-app/heapsapp/.externalNativeBuild/cmake/debug/x86/CMakeFiles/CMakeTmp

Run Build Command:"/Users/qkdreyer/Library/Android/sdk/cmake/3.10.2.4988404/bin/ninja" "cmTC_83905"
[1/2] Building C object CMakeFiles/cmTC_83905.dir/CheckIncludeFile.c.o
FAILED: CMakeFiles/cmTC_83905.dir/CheckIncludeFile.c.o 
/Users/qkdreyer/Library/Android/sdk/ndk/21.3.6528147/toolchains/llvm/prebuilt/darwin-x86_64/bin/clang --target=i686-none-linux-android19 --gcc-toolchain=/Users/qkdreyer/Library/Android/sdk/ndk/21.3.6528147/toolchains/llvm/prebuilt/darwin-x86_64 --sysroot=/Users/qkdreyer/Library/Android/sdk/ndk/21.3.6528147/toolchains/llvm/prebuilt/darwin-x86_64/sysroot   -g -DANDROID -fdata-sections -ffunction-sections -funwind-tables -fstack-protector-strong -no-canonical-prefixes -mstackrealign -D_FORTIFY_SOURCE=2 -Wformat -Werror=format-security  -idirafter /Users/qkdreyer/Dev/heaps-android/sdl2/src/video/khronos  -fPIE -o CMakeFiles/cmTC_83905.dir/CheckIncludeFile.c.o   -c CheckIncludeFile.c
CheckIncludeFile.c:1:10: fatal error: 'libunwind.h' file not found
#include <libunwind.h>
         ^~~~~~~~~~~~~
1 error generated.
ninja: build stopped: subcommand failed.


Determining if the function bcopy exists failed with the following output:
Change Dir: /Users/qkdreyer/Dev/heaps-android/heaps-android-app/heapsapp/.externalNativeBuild/cmake/debug/x86/CMakeFiles/CMakeTmp

Run Build Command:"/Users/qkdreyer/Library/Android/sdk/cmake/3.10.2.4988404/bin/ninja" "cmTC_2ab01"
[1/2] Building C object CMakeFiles/cmTC_2ab01.dir/CheckFunctionExists.c.o
[2/2] Linking C executable cmTC_2ab01
FAILED: cmTC_2ab01 
: && /Users/qkdreyer/Library/Android/sdk/ndk/21.3.6528147/toolchains/llvm/prebuilt/darwin-x86_64/bin/clang --target=i686-none-linux-android19 --gcc-toolchain=/Users/qkdreyer/Library/Android/sdk/ndk/21.3.6528147/toolchains/llvm/prebuilt/darwin-x86_64 --sysroot=/Users/qkdreyer/Library/Android/sdk/ndk/21.3.6528147/toolchains/llvm/prebuilt/darwin-x86_64/sysroot -g -DANDROID -fdata-sections -ffunction-sections -funwind-tables -fstack-protector-strong -no-canonical-prefixes -mstackrealign -D_FORTIFY_SOURCE=2 -Wformat -Werror=format-security  -idirafter /Users/qkdreyer/Dev/heaps-android/sdl2/src/video/khronos -DCHECK_FUNCTION_EXISTS=bcopy  -Wl,--exclude-libs,libgcc.a -Wl,--exclude-libs,libgcc_real.a -Wl,--exclude-libs,libatomic.a -static-libstdc++ -Wl,--build-id -Wl,--fatal-warnings -Wl,--no-undefined -Qunused-arguments -Wl,--gc-sections CMakeFiles/cmTC_2ab01.dir/CheckFunctionExists.c.o  -o cmTC_2ab01  -latomic -lm && :
/Users/qkdreyer/Library/Android/sdk/cmake/3.10.2.4988404/share/cmake-3.10/Modules/CheckFunctionExists.c:17: error: undefined reference to 'bcopy'
clang: error: linker command failed with exit code 1 (use -v to see invocation)
ninja: build stopped: subcommand failed.


Determining if the function _strrev exists failed with the following output:
Change Dir: /Users/qkdreyer/Dev/heaps-android/heaps-android-app/heapsapp/.externalNativeBuild/cmake/debug/x86/CMakeFiles/CMakeTmp

Run Build Command:"/Users/qkdreyer/Library/Android/sdk/cmake/3.10.2.4988404/bin/ninja" "cmTC_cac49"
[1/2] Building C object CMakeFiles/cmTC_cac49.dir/CheckFunctionExists.c.o
[2/2] Linking C executable cmTC_cac49
FAILED: cmTC_cac49 
: && /Users/qkdreyer/Library/Android/sdk/ndk/21.3.6528147/toolchains/llvm/prebuilt/darwin-x86_64/bin/clang --target=i686-none-linux-android19 --gcc-toolchain=/Users/qkdreyer/Library/Android/sdk/ndk/21.3.6528147/toolchains/llvm/prebuilt/darwin-x86_64 --sysroot=/Users/qkdreyer/Library/Android/sdk/ndk/21.3.6528147/toolchains/llvm/prebuilt/darwin-x86_64/sysroot -g -DANDROID -fdata-sections -ffunction-sections -funwind-tables -fstack-protector-strong -no-canonical-prefixes -mstackrealign -D_FORTIFY_SOURCE=2 -Wformat -Werror=format-security  -idirafter /Users/qkdreyer/Dev/heaps-android/sdl2/src/video/khronos -DCHECK_FUNCTION_EXISTS=_strrev  -Wl,--exclude-libs,libgcc.a -Wl,--exclude-libs,libgcc_real.a -Wl,--exclude-libs,libatomic.a -static-libstdc++ -Wl,--build-id -Wl,--fatal-warnings -Wl,--no-undefined -Qunused-arguments -Wl,--gc-sections CMakeFiles/cmTC_cac49.dir/CheckFunctionExists.c.o  -o cmTC_cac49  -latomic -lm && :
/Users/qkdreyer/Library/Android/sdk/cmake/3.10.2.4988404/share/cmake-3.10/Modules/CheckFunctionExists.c:17: error: undefined reference to '_strrev'
clang: error: linker command failed with exit code 1 (use -v to see invocation)
ninja: build stopped: subcommand failed.


Determining if the function _strupr exists failed with the following output:
Change Dir: /Users/qkdreyer/Dev/heaps-android/heaps-android-app/heapsapp/.externalNativeBuild/cmake/debug/x86/CMakeFiles/CMakeTmp

Run Build Command:"/Users/qkdreyer/Library/Android/sdk/cmake/3.10.2.4988404/bin/ninja" "cmTC_132eb"
[1/2] Building C object CMakeFiles/cmTC_132eb.dir/CheckFunctionExists.c.o
[2/2] Linking C executable cmTC_132eb
FAILED: cmTC_132eb 
: && /Users/qkdreyer/Library/Android/sdk/ndk/21.3.6528147/toolchains/llvm/prebuilt/darwin-x86_64/bin/clang --target=i686-none-linux-android19 --gcc-toolchain=/Users/qkdreyer/Library/Android/sdk/ndk/21.3.6528147/toolchains/llvm/prebuilt/darwin-x86_64 --sysroot=/Users/qkdreyer/Library/Android/sdk/ndk/21.3.6528147/toolchains/llvm/prebuilt/darwin-x86_64/sysroot -g -DANDROID -fdata-sections -ffunction-sections -funwind-tables -fstack-protector-strong -no-canonical-prefixes -mstackrealign -D_FORTIFY_SOURCE=2 -Wformat -Werror=format-security  -idirafter /Users/qkdreyer/Dev/heaps-android/sdl2/src/video/khronos -DCHECK_FUNCTION_EXISTS=_strupr  -Wl,--exclude-libs,libgcc.a -Wl,--exclude-libs,libgcc_real.a -Wl,--exclude-libs,libatomic.a -static-libstdc++ -Wl,--build-id -Wl,--fatal-warnings -Wl,--no-undefined -Qunused-arguments -Wl,--gc-sections CMakeFiles/cmTC_132eb.dir/CheckFunctionExists.c.o  -o cmTC_132eb  -latomic -lm && :
/Users/qkdreyer/Library/Android/sdk/cmake/3.10.2.4988404/share/cmake-3.10/Modules/CheckFunctionExists.c:17: error: undefined reference to '_strupr'
clang: error: linker command failed with exit code 1 (use -v to see invocation)
ninja: build stopped: subcommand failed.


Determining if the function _strlwr exists failed with the following output:
Change Dir: /Users/qkdreyer/Dev/heaps-android/heaps-android-app/heapsapp/.externalNativeBuild/cmake/debug/x86/CMakeFiles/CMakeTmp

Run Build Command:"/Users/qkdreyer/Library/Android/sdk/cmake/3.10.2.4988404/bin/ninja" "cmTC_32612"
[1/2] Building C object CMakeFiles/cmTC_32612.dir/CheckFunctionExists.c.o
[2/2] Linking C executable cmTC_32612
FAILED: cmTC_32612 
: && /Users/qkdreyer/Library/Android/sdk/ndk/21.3.6528147/toolchains/llvm/prebuilt/darwin-x86_64/bin/clang --target=i686-none-linux-android19 --gcc-toolchain=/Users/qkdreyer/Library/Android/sdk/ndk/21.3.6528147/toolchains/llvm/prebuilt/darwin-x86_64 --sysroot=/Users/qkdreyer/Library/Android/sdk/ndk/21.3.6528147/toolchains/llvm/prebuilt/darwin-x86_64/sysroot -g -DANDROID -fdata-sections -ffunction-sections -funwind-tables -fstack-protector-strong -no-canonical-prefixes -mstackrealign -D_FORTIFY_SOURCE=2 -Wformat -Werror=format-security  -idirafter /Users/qkdreyer/Dev/heaps-android/sdl2/src/video/khronos -DCHECK_FUNCTION_EXISTS=_strlwr  -Wl,--exclude-libs,libgcc.a -Wl,--exclude-libs,libgcc_real.a -Wl,--exclude-libs,libatomic.a -static-libstdc++ -Wl,--build-id -Wl,--fatal-warnings -Wl,--no-undefined -Qunused-arguments -Wl,--gc-sections CMakeFiles/cmTC_32612.dir/CheckFunctionExists.c.o  -o cmTC_32612  -latomic -lm && :
/Users/qkdreyer/Library/Android/sdk/cmake/3.10.2.4988404/share/cmake-3.10/Modules/CheckFunctionExists.c:17: error: undefined reference to '_strlwr'
clang: error: linker command failed with exit code 1 (use -v to see invocation)
ninja: build stopped: subcommand failed.


Determining if the function itoa exists failed with the following output:
Change Dir: /Users/qkdreyer/Dev/heaps-android/heaps-android-app/heapsapp/.externalNativeBuild/cmake/debug/x86/CMakeFiles/CMakeTmp

Run Build Command:"/Users/qkdreyer/Library/Android/sdk/cmake/3.10.2.4988404/bin/ninja" "cmTC_69c4c"
[1/2] Building C object CMakeFiles/cmTC_69c4c.dir/CheckFunctionExists.c.o
[2/2] Linking C executable cmTC_69c4c
FAILED: cmTC_69c4c 
: && /Users/qkdreyer/Library/Android/sdk/ndk/21.3.6528147/toolchains/llvm/prebuilt/darwin-x86_64/bin/clang --target=i686-none-linux-android19 --gcc-toolchain=/Users/qkdreyer/Library/Android/sdk/ndk/21.3.6528147/toolchains/llvm/prebuilt/darwin-x86_64 --sysroot=/Users/qkdreyer/Library/Android/sdk/ndk/21.3.6528147/toolchains/llvm/prebuilt/darwin-x86_64/sysroot -g -DANDROID -fdata-sections -ffunction-sections -funwind-tables -fstack-protector-strong -no-canonical-prefixes -mstackrealign -D_FORTIFY_SOURCE=2 -Wformat -Werror=format-security  -idirafter /Users/qkdreyer/Dev/heaps-android/sdl2/src/video/khronos -DCHECK_FUNCTION_EXISTS=itoa  -Wl,--exclude-libs,libgcc.a -Wl,--exclude-libs,libgcc_real.a -Wl,--exclude-libs,libatomic.a -static-libstdc++ -Wl,--build-id -Wl,--fatal-warnings -Wl,--no-undefined -Qunused-arguments -Wl,--gc-sections CMakeFiles/cmTC_69c4c.dir/CheckFunctionExists.c.o  -o cmTC_69c4c  -latomic -lm && :
/Users/qkdreyer/Library/Android/sdk/cmake/3.10.2.4988404/share/cmake-3.10/Modules/CheckFunctionExists.c:17: error: undefined reference to 'itoa'
clang: error: linker command failed with exit code 1 (use -v to see invocation)
ninja: build stopped: subcommand failed.


Determining if the function _ltoa exists failed with the following output:
Change Dir: /Users/qkdreyer/Dev/heaps-android/heaps-android-app/heapsapp/.externalNativeBuild/cmake/debug/x86/CMakeFiles/CMakeTmp

Run Build Command:"/Users/qkdreyer/Library/Android/sdk/cmake/3.10.2.4988404/bin/ninja" "cmTC_d2cac"
[1/2] Building C object CMakeFiles/cmTC_d2cac.dir/CheckFunctionExists.c.o
[2/2] Linking C executable cmTC_d2cac
FAILED: cmTC_d2cac 
: && /Users/qkdreyer/Library/Android/sdk/ndk/21.3.6528147/toolchains/llvm/prebuilt/darwin-x86_64/bin/clang --target=i686-none-linux-android19 --gcc-toolchain=/Users/qkdreyer/Library/Android/sdk/ndk/21.3.6528147/toolchains/llvm/prebuilt/darwin-x86_64 --sysroot=/Users/qkdreyer/Library/Android/sdk/ndk/21.3.6528147/toolchains/llvm/prebuilt/darwin-x86_64/sysroot -g -DANDROID -fdata-sections -ffunction-sections -funwind-tables -fstack-protector-strong -no-canonical-prefixes -mstackrealign -D_FORTIFY_SOURCE=2 -Wformat -Werror=format-security  -idirafter /Users/qkdreyer/Dev/heaps-android/sdl2/src/video/khronos -DCHECK_FUNCTION_EXISTS=_ltoa  -Wl,--exclude-libs,libgcc.a -Wl,--exclude-libs,libgcc_real.a -Wl,--exclude-libs,libatomic.a -static-libstdc++ -Wl,--build-id -Wl,--fatal-warnings -Wl,--no-undefined -Qunused-arguments -Wl,--gc-sections CMakeFiles/cmTC_d2cac.dir/CheckFunctionExists.c.o  -o cmTC_d2cac  -latomic -lm && :
/Users/qkdreyer/Library/Android/sdk/cmake/3.10.2.4988404/share/cmake-3.10/Modules/CheckFunctionExists.c:17: error: undefined reference to '_ltoa'
clang: error: linker command failed with exit code 1 (use -v to see invocation)
ninja: build stopped: subcommand failed.


Determining if the function _uitoa exists failed with the following output:
Change Dir: /Users/qkdreyer/Dev/heaps-android/heaps-android-app/heapsapp/.externalNativeBuild/cmake/debug/x86/CMakeFiles/CMakeTmp

Run Build Command:"/Users/qkdreyer/Library/Android/sdk/cmake/3.10.2.4988404/bin/ninja" "cmTC_ea1fb"
[1/2] Building C object CMakeFiles/cmTC_ea1fb.dir/CheckFunctionExists.c.o
[2/2] Linking C executable cmTC_ea1fb
FAILED: cmTC_ea1fb 
: && /Users/qkdreyer/Library/Android/sdk/ndk/21.3.6528147/toolchains/llvm/prebuilt/darwin-x86_64/bin/clang --target=i686-none-linux-android19 --gcc-toolchain=/Users/qkdreyer/Library/Android/sdk/ndk/21.3.6528147/toolchains/llvm/prebuilt/darwin-x86_64 --sysroot=/Users/qkdreyer/Library/Android/sdk/ndk/21.3.6528147/toolchains/llvm/prebuilt/darwin-x86_64/sysroot -g -DANDROID -fdata-sections -ffunction-sections -funwind-tables -fstack-protector-strong -no-canonical-prefixes -mstackrealign -D_FORTIFY_SOURCE=2 -Wformat -Werror=format-security  -idirafter /Users/qkdreyer/Dev/heaps-android/sdl2/src/video/khronos -DCHECK_FUNCTION_EXISTS=_uitoa  -Wl,--exclude-libs,libgcc.a -Wl,--exclude-libs,libgcc_real.a -Wl,--exclude-libs,libatomic.a -static-libstdc++ -Wl,--build-id -Wl,--fatal-warnings -Wl,--no-undefined -Qunused-arguments -Wl,--gc-sections CMakeFiles/cmTC_ea1fb.dir/CheckFunctionExists.c.o  -o cmTC_ea1fb  -latomic -lm && :
/Users/qkdreyer/Library/Android/sdk/cmake/3.10.2.4988404/share/cmake-3.10/Modules/CheckFunctionExists.c:17: error: undefined reference to '_uitoa'
clang: error: linker command failed with exit code 1 (use -v to see invocation)
ninja: build stopped: subcommand failed.


Determining if the function _ultoa exists failed with the following output:
Change Dir: /Users/qkdreyer/Dev/heaps-android/heaps-android-app/heapsapp/.externalNativeBuild/cmake/debug/x86/CMakeFiles/CMakeTmp

Run Build Command:"/Users/qkdreyer/Library/Android/sdk/cmake/3.10.2.4988404/bin/ninja" "cmTC_e2c54"
[1/2] Building C object CMakeFiles/cmTC_e2c54.dir/CheckFunctionExists.c.o
[2/2] Linking C executable cmTC_e2c54
FAILED: cmTC_e2c54 
: && /Users/qkdreyer/Library/Android/sdk/ndk/21.3.6528147/toolchains/llvm/prebuilt/darwin-x86_64/bin/clang --target=i686-none-linux-android19 --gcc-toolchain=/Users/qkdreyer/Library/Android/sdk/ndk/21.3.6528147/toolchains/llvm/prebuilt/darwin-x86_64 --sysroot=/Users/qkdreyer/Library/Android/sdk/ndk/21.3.6528147/toolchains/llvm/prebuilt/darwin-x86_64/sysroot -g -DANDROID -fdata-sections -ffunction-sections -funwind-tables -fstack-protector-strong -no-canonical-prefixes -mstackrealign -D_FORTIFY_SOURCE=2 -Wformat -Werror=format-security  -idirafter /Users/qkdreyer/Dev/heaps-android/sdl2/src/video/khronos -DCHECK_FUNCTION_EXISTS=_ultoa  -Wl,--exclude-libs,libgcc.a -Wl,--exclude-libs,libgcc_real.a -Wl,--exclude-libs,libatomic.a -static-libstdc++ -Wl,--build-id -Wl,--fatal-warnings -Wl,--no-undefined -Qunused-arguments -Wl,--gc-sections CMakeFiles/cmTC_e2c54.dir/CheckFunctionExists.c.o  -o cmTC_e2c54  -latomic -lm && :
/Users/qkdreyer/Library/Android/sdk/cmake/3.10.2.4988404/share/cmake-3.10/Modules/CheckFunctionExists.c:17: error: undefined reference to '_ultoa'
clang: error: linker command failed with exit code 1 (use -v to see invocation)
ninja: build stopped: subcommand failed.


Determining if the function _i64toa exists failed with the following output:
Change Dir: /Users/qkdreyer/Dev/heaps-android/heaps-android-app/heapsapp/.externalNativeBuild/cmake/debug/x86/CMakeFiles/CMakeTmp

Run Build Command:"/Users/qkdreyer/Library/Android/sdk/cmake/3.10.2.4988404/bin/ninja" "cmTC_07103"
[1/2] Building C object CMakeFiles/cmTC_07103.dir/CheckFunctionExists.c.o
[2/2] Linking C executable cmTC_07103
FAILED: cmTC_07103 
: && /Users/qkdreyer/Library/Android/sdk/ndk/21.3.6528147/toolchains/llvm/prebuilt/darwin-x86_64/bin/clang --target=i686-none-linux-android19 --gcc-toolchain=/Users/qkdreyer/Library/Android/sdk/ndk/21.3.6528147/toolchains/llvm/prebuilt/darwin-x86_64 --sysroot=/Users/qkdreyer/Library/Android/sdk/ndk/21.3.6528147/toolchains/llvm/prebuilt/darwin-x86_64/sysroot -g -DANDROID -fdata-sections -ffunction-sections -funwind-tables -fstack-protector-strong -no-canonical-prefixes -mstackrealign -D_FORTIFY_SOURCE=2 -Wformat -Werror=format-security  -idirafter /Users/qkdreyer/Dev/heaps-android/sdl2/src/video/khronos -DCHECK_FUNCTION_EXISTS=_i64toa  -Wl,--exclude-libs,libgcc.a -Wl,--exclude-libs,libgcc_real.a -Wl,--exclude-libs,libatomic.a -static-libstdc++ -Wl,--build-id -Wl,--fatal-warnings -Wl,--no-undefined -Qunused-arguments -Wl,--gc-sections CMakeFiles/cmTC_07103.dir/CheckFunctionExists.c.o  -o cmTC_07103  -latomic -lm && :
/Users/qkdreyer/Library/Android/sdk/cmake/3.10.2.4988404/share/cmake-3.10/Modules/CheckFunctionExists.c:17: error: undefined reference to '_i64toa'
clang: error: linker command failed with exit code 1 (use -v to see invocation)
ninja: build stopped: subcommand failed.


Determining if the function _ui64toa exists failed with the following output:
Change Dir: /Users/qkdreyer/Dev/heaps-android/heaps-android-app/heapsapp/.externalNativeBuild/cmake/debug/x86/CMakeFiles/CMakeTmp

Run Build Command:"/Users/qkdreyer/Library/Android/sdk/cmake/3.10.2.4988404/bin/ninja" "cmTC_761e7"
[1/2] Building C object CMakeFiles/cmTC_761e7.dir/CheckFunctionExists.c.o
[2/2] Linking C executable cmTC_761e7
FAILED: cmTC_761e7 
: && /Users/qkdreyer/Library/Android/sdk/ndk/21.3.6528147/toolchains/llvm/prebuilt/darwin-x86_64/bin/clang --target=i686-none-linux-android19 --gcc-toolchain=/Users/qkdreyer/Library/Android/sdk/ndk/21.3.6528147/toolchains/llvm/prebuilt/darwin-x86_64 --sysroot=/Users/qkdreyer/Library/Android/sdk/ndk/21.3.6528147/toolchains/llvm/prebuilt/darwin-x86_64/sysroot -g -DANDROID -fdata-sections -ffunction-sections -funwind-tables -fstack-protector-strong -no-canonical-prefixes -mstackrealign -D_FORTIFY_SOURCE=2 -Wformat -Werror=format-security  -idirafter /Users/qkdreyer/Dev/heaps-android/sdl2/src/video/khronos -DCHECK_FUNCTION_EXISTS=_ui64toa  -Wl,--exclude-libs,libgcc.a -Wl,--exclude-libs,libgcc_real.a -Wl,--exclude-libs,libatomic.a -static-libstdc++ -Wl,--build-id -Wl,--fatal-warnings -Wl,--no-undefined -Qunused-arguments -Wl,--gc-sections CMakeFiles/cmTC_761e7.dir/CheckFunctionExists.c.o  -o cmTC_761e7  -latomic -lm && :
/Users/qkdreyer/Library/Android/sdk/cmake/3.10.2.4988404/share/cmake-3.10/Modules/CheckFunctionExists.c:17: error: undefined reference to '_ui64toa'
clang: error: linker command failed with exit code 1 (use -v to see invocation)
ninja: build stopped: subcommand failed.


Determining if the function atof exists failed with the following output:
Change Dir: /Users/qkdreyer/Dev/heaps-android/heaps-android-app/heapsapp/.externalNativeBuild/cmake/debug/x86/CMakeFiles/CMakeTmp

Run Build Command:"/Users/qkdreyer/Library/Android/sdk/cmake/3.10.2.4988404/bin/ninja" "cmTC_866af"
[1/2] Building C object CMakeFiles/cmTC_866af.dir/CheckFunctionExists.c.o
[2/2] Linking C executable cmTC_866af
FAILED: cmTC_866af 
: && /Users/qkdreyer/Library/Android/sdk/ndk/21.3.6528147/toolchains/llvm/prebuilt/darwin-x86_64/bin/clang --target=i686-none-linux-android19 --gcc-toolchain=/Users/qkdreyer/Library/Android/sdk/ndk/21.3.6528147/toolchains/llvm/prebuilt/darwin-x86_64 --sysroot=/Users/qkdreyer/Library/Android/sdk/ndk/21.3.6528147/toolchains/llvm/prebuilt/darwin-x86_64/sysroot -g -DANDROID -fdata-sections -ffunction-sections -funwind-tables -fstack-protector-strong -no-canonical-prefixes -mstackrealign -D_FORTIFY_SOURCE=2 -Wformat -Werror=format-security  -idirafter /Users/qkdreyer/Dev/heaps-android/sdl2/src/video/khronos -DCHECK_FUNCTION_EXISTS=atof  -Wl,--exclude-libs,libgcc.a -Wl,--exclude-libs,libgcc_real.a -Wl,--exclude-libs,libatomic.a -static-libstdc++ -Wl,--build-id -Wl,--fatal-warnings -Wl,--no-undefined -Qunused-arguments -Wl,--gc-sections CMakeFiles/cmTC_866af.dir/CheckFunctionExists.c.o  -o cmTC_866af  -latomic -lm && :
/Users/qkdreyer/Library/Android/sdk/cmake/3.10.2.4988404/share/cmake-3.10/Modules/CheckFunctionExists.c:17: error: undefined reference to 'atof'
clang: error: linker command failed with exit code 1 (use -v to see invocation)
ninja: build stopped: subcommand failed.


Determining if the function _stricmp exists failed with the following output:
Change Dir: /Users/qkdreyer/Dev/heaps-android/heaps-android-app/heapsapp/.externalNativeBuild/cmake/debug/x86/CMakeFiles/CMakeTmp

Run Build Command:"/Users/qkdreyer/Library/Android/sdk/cmake/3.10.2.4988404/bin/ninja" "cmTC_1de1c"
[1/2] Building C object CMakeFiles/cmTC_1de1c.dir/CheckFunctionExists.c.o
[2/2] Linking C executable cmTC_1de1c
FAILED: cmTC_1de1c 
: && /Users/qkdreyer/Library/Android/sdk/ndk/21.3.6528147/toolchains/llvm/prebuilt/darwin-x86_64/bin/clang --target=i686-none-linux-android19 --gcc-toolchain=/Users/qkdreyer/Library/Android/sdk/ndk/21.3.6528147/toolchains/llvm/prebuilt/darwin-x86_64 --sysroot=/Users/qkdreyer/Library/Android/sdk/ndk/21.3.6528147/toolchains/llvm/prebuilt/darwin-x86_64/sysroot -g -DANDROID -fdata-sections -ffunction-sections -funwind-tables -fstack-protector-strong -no-canonical-prefixes -mstackrealign -D_FORTIFY_SOURCE=2 -Wformat -Werror=format-security  -idirafter /Users/qkdreyer/Dev/heaps-android/sdl2/src/video/khronos -DCHECK_FUNCTION_EXISTS=_stricmp  -Wl,--exclude-libs,libgcc.a -Wl,--exclude-libs,libgcc_real.a -Wl,--exclude-libs,libatomic.a -static-libstdc++ -Wl,--build-id -Wl,--fatal-warnings -Wl,--no-undefined -Qunused-arguments -Wl,--gc-sections CMakeFiles/cmTC_1de1c.dir/CheckFunctionExists.c.o  -o cmTC_1de1c  -latomic -lm && :
/Users/qkdreyer/Library/Android/sdk/cmake/3.10.2.4988404/share/cmake-3.10/Modules/CheckFunctionExists.c:17: error: undefined reference to '_stricmp'
clang: error: linker command failed with exit code 1 (use -v to see invocation)
ninja: build stopped: subcommand failed.


Determining if the function _strnicmp exists failed with the following output:
Change Dir: /Users/qkdreyer/Dev/heaps-android/heaps-android-app/heapsapp/.externalNativeBuild/cmake/debug/x86/CMakeFiles/CMakeTmp

Run Build Command:"/Users/qkdreyer/Library/Android/sdk/cmake/3.10.2.4988404/bin/ninja" "cmTC_dff73"
[1/2] Building C object CMakeFiles/cmTC_dff73.dir/CheckFunctionExists.c.o
[2/2] Linking C executable cmTC_dff73
FAILED: cmTC_dff73 
: && /Users/qkdreyer/Library/Android/sdk/ndk/21.3.6528147/toolchains/llvm/prebuilt/darwin-x86_64/bin/clang --target=i686-none-linux-android19 --gcc-toolchain=/Users/qkdreyer/Library/Android/sdk/ndk/21.3.6528147/toolchains/llvm/prebuilt/darwin-x86_64 --sysroot=/Users/qkdreyer/Library/Android/sdk/ndk/21.3.6528147/toolchains/llvm/prebuilt/darwin-x86_64/sysroot -g -DANDROID -fdata-sections -ffunction-sections -funwind-tables -fstack-protector-strong -no-canonical-prefixes -mstackrealign -D_FORTIFY_SOURCE=2 -Wformat -Werror=format-security  -idirafter /Users/qkdreyer/Dev/heaps-android/sdl2/src/video/khronos -DCHECK_FUNCTION_EXISTS=_strnicmp  -Wl,--exclude-libs,libgcc.a -Wl,--exclude-libs,libgcc_real.a -Wl,--exclude-libs,libatomic.a -static-libstdc++ -Wl,--build-id -Wl,--fatal-warnings -Wl,--no-undefined -Qunused-arguments -Wl,--gc-sections CMakeFiles/cmTC_dff73.dir/CheckFunctionExists.c.o  -o cmTC_dff73  -latomic -lm && :
/Users/qkdreyer/Library/Android/sdk/cmake/3.10.2.4988404/share/cmake-3.10/Modules/CheckFunctionExists.c:17: error: undefined reference to '_strnicmp'
clang: error: linker command failed with exit code 1 (use -v to see invocation)
ninja: build stopped: subcommand failed.


Determining if the function fopen64 exists failed with the following output:
Change Dir: /Users/qkdreyer/Dev/heaps-android/heaps-android-app/heapsapp/.externalNativeBuild/cmake/debug/x86/CMakeFiles/CMakeTmp

Run Build Command:"/Users/qkdreyer/Library/Android/sdk/cmake/3.10.2.4988404/bin/ninja" "cmTC_96d14"
[1/2] Building C object CMakeFiles/cmTC_96d14.dir/CheckFunctionExists.c.o
[2/2] Linking C executable cmTC_96d14
FAILED: cmTC_96d14 
: && /Users/qkdreyer/Library/Android/sdk/ndk/21.3.6528147/toolchains/llvm/prebuilt/darwin-x86_64/bin/clang --target=i686-none-linux-android19 --gcc-toolchain=/Users/qkdreyer/Library/Android/sdk/ndk/21.3.6528147/toolchains/llvm/prebuilt/darwin-x86_64 --sysroot=/Users/qkdreyer/Library/Android/sdk/ndk/21.3.6528147/toolchains/llvm/prebuilt/darwin-x86_64/sysroot -g -DANDROID -fdata-sections -ffunction-sections -funwind-tables -fstack-protector-strong -no-canonical-prefixes -mstackrealign -D_FORTIFY_SOURCE=2 -Wformat -Werror=format-security  -idirafter /Users/qkdreyer/Dev/heaps-android/sdl2/src/video/khronos -DCHECK_FUNCTION_EXISTS=fopen64  -Wl,--exclude-libs,libgcc.a -Wl,--exclude-libs,libgcc_real.a -Wl,--exclude-libs,libatomic.a -static-libstdc++ -Wl,--build-id -Wl,--fatal-warnings -Wl,--no-undefined -Qunused-arguments -Wl,--gc-sections CMakeFiles/cmTC_96d14.dir/CheckFunctionExists.c.o  -o cmTC_96d14  -latomic -lm && :
/Users/qkdreyer/Library/Android/sdk/cmake/3.10.2.4988404/share/cmake-3.10/Modules/CheckFunctionExists.c:17: error: undefined reference to 'fopen64'
clang: error: linker command failed with exit code 1 (use -v to see invocation)
ninja: build stopped: subcommand failed.


Determining if the function fseeko64 exists failed with the following output:
Change Dir: /Users/qkdreyer/Dev/heaps-android/heaps-android-app/heapsapp/.externalNativeBuild/cmake/debug/x86/CMakeFiles/CMakeTmp

Run Build Command:"/Users/qkdreyer/Library/Android/sdk/cmake/3.10.2.4988404/bin/ninja" "cmTC_8c873"
[1/2] Building C object CMakeFiles/cmTC_8c873.dir/CheckFunctionExists.c.o
[2/2] Linking C executable cmTC_8c873
FAILED: cmTC_8c873 
: && /Users/qkdreyer/Library/Android/sdk/ndk/21.3.6528147/toolchains/llvm/prebuilt/darwin-x86_64/bin/clang --target=i686-none-linux-android19 --gcc-toolchain=/Users/qkdreyer/Library/Android/sdk/ndk/21.3.6528147/toolchains/llvm/prebuilt/darwin-x86_64 --sysroot=/Users/qkdreyer/Library/Android/sdk/ndk/21.3.6528147/toolchains/llvm/prebuilt/darwin-x86_64/sysroot -g -DANDROID -fdata-sections -ffunction-sections -funwind-tables -fstack-protector-strong -no-canonical-prefixes -mstackrealign -D_FORTIFY_SOURCE=2 -Wformat -Werror=format-security  -idirafter /Users/qkdreyer/Dev/heaps-android/sdl2/src/video/khronos -DCHECK_FUNCTION_EXISTS=fseeko64  -Wl,--exclude-libs,libgcc.a -Wl,--exclude-libs,libgcc_real.a -Wl,--exclude-libs,libatomic.a -static-libstdc++ -Wl,--build-id -Wl,--fatal-warnings -Wl,--no-undefined -Qunused-arguments -Wl,--gc-sections CMakeFiles/cmTC_8c873.dir/CheckFunctionExists.c.o  -o cmTC_8c873  -latomic -lm && :
/Users/qkdreyer/Library/Android/sdk/cmake/3.10.2.4988404/share/cmake-3.10/Modules/CheckFunctionExists.c:17: error: undefined reference to 'fseeko64'
clang: error: linker command failed with exit code 1 (use -v to see invocation)
ninja: build stopped: subcommand failed.


Determining if the function sysctlbyname exists failed with the following output:
Change Dir: /Users/qkdreyer/Dev/heaps-android/heaps-android-app/heapsapp/.externalNativeBuild/cmake/debug/x86/CMakeFiles/CMakeTmp

Run Build Command:"/Users/qkdreyer/Library/Android/sdk/cmake/3.10.2.4988404/bin/ninja" "cmTC_d253b"
[1/2] Building C object CMakeFiles/cmTC_d253b.dir/CheckFunctionExists.c.o
[2/2] Linking C executable cmTC_d253b
FAILED: cmTC_d253b 
: && /Users/qkdreyer/Library/Android/sdk/ndk/21.3.6528147/toolchains/llvm/prebuilt/darwin-x86_64/bin/clang --target=i686-none-linux-android19 --gcc-toolchain=/Users/qkdreyer/Library/Android/sdk/ndk/21.3.6528147/toolchains/llvm/prebuilt/darwin-x86_64 --sysroot=/Users/qkdreyer/Library/Android/sdk/ndk/21.3.6528147/toolchains/llvm/prebuilt/darwin-x86_64/sysroot -g -DANDROID -fdata-sections -ffunction-sections -funwind-tables -fstack-protector-strong -no-canonical-prefixes -mstackrealign -D_FORTIFY_SOURCE=2 -Wformat -Werror=format-security  -idirafter /Users/qkdreyer/Dev/heaps-android/sdl2/src/video/khronos -DCHECK_FUNCTION_EXISTS=sysctlbyname  -Wl,--exclude-libs,libgcc.a -Wl,--exclude-libs,libgcc_real.a -Wl,--exclude-libs,libatomic.a -static-libstdc++ -Wl,--build-id -Wl,--fatal-warnings -Wl,--no-undefined -Qunused-arguments -Wl,--gc-sections CMakeFiles/cmTC_d253b.dir/CheckFunctionExists.c.o  -o cmTC_d253b  -latomic -lm && :
/Users/qkdreyer/Library/Android/sdk/cmake/3.10.2.4988404/share/cmake-3.10/Modules/CheckFunctionExists.c:17: error: undefined reference to 'sysctlbyname'
clang: error: linker command failed with exit code 1 (use -v to see invocation)
ninja: build stopped: subcommand failed.


Determining if the function iconv_open exists in the iconv failed with the following output:
Change Dir: /Users/qkdreyer/Dev/heaps-android/heaps-android-app/heapsapp/.externalNativeBuild/cmake/debug/x86/CMakeFiles/CMakeTmp

Run Build Command:"/Users/qkdreyer/Library/Android/sdk/cmake/3.10.2.4988404/bin/ninja" "cmTC_33d5e"
[1/2] Building C object CMakeFiles/cmTC_33d5e.dir/CheckFunctionExists.c.o
[2/2] Linking C executable cmTC_33d5e
FAILED: cmTC_33d5e 
: && /Users/qkdreyer/Library/Android/sdk/ndk/21.3.6528147/toolchains/llvm/prebuilt/darwin-x86_64/bin/clang --target=i686-none-linux-android19 --gcc-toolchain=/Users/qkdreyer/Library/Android/sdk/ndk/21.3.6528147/toolchains/llvm/prebuilt/darwin-x86_64 --sysroot=/Users/qkdreyer/Library/Android/sdk/ndk/21.3.6528147/toolchains/llvm/prebuilt/darwin-x86_64/sysroot -g -DANDROID -fdata-sections -ffunction-sections -funwind-tables -fstack-protector-strong -no-canonical-prefixes -mstackrealign -D_FORTIFY_SOURCE=2 -Wformat -Werror=format-security  -idirafter /Users/qkdreyer/Dev/heaps-android/sdl2/src/video/khronos -DCHECK_FUNCTION_EXISTS=iconv_open  -Wl,--exclude-libs,libgcc.a -Wl,--exclude-libs,libgcc_real.a -Wl,--exclude-libs,libatomic.a -static-libstdc++ -Wl,--build-id -Wl,--fatal-warnings -Wl,--no-undefined -Qunused-arguments -Wl,--gc-sections CMakeFiles/cmTC_33d5e.dir/CheckFunctionExists.c.o  -o cmTC_33d5e  -liconv -latomic -lm && :
/Users/qkdreyer/Library/Android/sdk/ndk/21.3.6528147/toolchains/llvm/prebuilt/darwin-x86_64/lib/gcc/i686-linux-android/4.9.x/../../../../i686-linux-android/bin/ld: error: cannot find -liconv
/Users/qkdreyer/Library/Android/sdk/cmake/3.10.2.4988404/share/cmake-3.10/Modules/CheckFunctionExists.c:17: error: undefined reference to 'iconv_open'
clang: error: linker command failed with exit code 1 (use -v to see invocation)
ninja: build stopped: subcommand failed.


Determining if the function alloca exists failed with the following output:
Change Dir: /Users/qkdreyer/Dev/heaps-android/heaps-android-app/heapsapp/.externalNativeBuild/cmake/debug/x86/CMakeFiles/CMakeTmp

Run Build Command:"/Users/qkdreyer/Library/Android/sdk/cmake/3.10.2.4988404/bin/ninja" "cmTC_a9828"
[1/2] Building C object CMakeFiles/cmTC_a9828.dir/CheckFunctionExists.c.o
/Users/qkdreyer/Library/Android/sdk/cmake/3.10.2.4988404/share/cmake-3.10/Modules/CheckFunctionExists.c:7:3: warning: incompatible redeclaration of library function 'alloca' [-Wincompatible-library-redeclaration]
  CHECK_FUNCTION_EXISTS(void);
  ^
<command line>:3:31: note: expanded from here
#define CHECK_FUNCTION_EXISTS alloca
                              ^
/Users/qkdreyer/Library/Android/sdk/cmake/3.10.2.4988404/share/cmake-3.10/Modules/CheckFunctionExists.c:7:3: note: 'alloca' is a builtin with type 'void *(unsigned int)'
<command line>:3:31: note: expanded from here
#define CHECK_FUNCTION_EXISTS alloca
                              ^
1 warning generated.
[2/2] Linking C executable cmTC_a9828
FAILED: cmTC_a9828 
: && /Users/qkdreyer/Library/Android/sdk/ndk/21.3.6528147/toolchains/llvm/prebuilt/darwin-x86_64/bin/clang --target=i686-none-linux-android19 --gcc-toolchain=/Users/qkdreyer/Library/Android/sdk/ndk/21.3.6528147/toolchains/llvm/prebuilt/darwin-x86_64 --sysroot=/Users/qkdreyer/Library/Android/sdk/ndk/21.3.6528147/toolchains/llvm/prebuilt/darwin-x86_64/sysroot -g -DANDROID -fdata-sections -ffunction-sections -funwind-tables -fstack-protector-strong -no-canonical-prefixes -mstackrealign -D_FORTIFY_SOURCE=2 -Wformat -Werror=format-security  -idirafter /Users/qkdreyer/Dev/heaps-android/sdl2/src/video/khronos -DCHECK_FUNCTION_EXISTS=alloca  -Wl,--exclude-libs,libgcc.a -Wl,--exclude-libs,libgcc_real.a -Wl,--exclude-libs,libatomic.a -static-libstdc++ -Wl,--build-id -Wl,--fatal-warnings -Wl,--no-undefined -Qunused-arguments -Wl,--gc-sections CMakeFiles/cmTC_a9828.dir/CheckFunctionExists.c.o  -o cmTC_a9828  -latomic -lm && :
/Users/qkdreyer/Library/Android/sdk/cmake/3.10.2.4988404/share/cmake-3.10/Modules/CheckFunctionExists.c:17: error: undefined reference to 'alloca'
clang: error: linker command failed with exit code 1 (use -v to see invocation)
ninja: build stopped: subcommand failed.


Performing C SOURCE FILE Test HAVE_PTHREAD_NP_H failed with the following output:
Change Dir: /Users/qkdreyer/Dev/heaps-android/heaps-android-app/heapsapp/.externalNativeBuild/cmake/debug/x86/CMakeFiles/CMakeTmp

Run Build Command:"/Users/qkdreyer/Library/Android/sdk/cmake/3.10.2.4988404/bin/ninja" "cmTC_27adc"
[1/2] Building C object CMakeFiles/cmTC_27adc.dir/src.c.o
FAILED: CMakeFiles/cmTC_27adc.dir/src.c.o 
/Users/qkdreyer/Library/Android/sdk/ndk/21.3.6528147/toolchains/llvm/prebuilt/darwin-x86_64/bin/clang --target=i686-none-linux-android19 --gcc-toolchain=/Users/qkdreyer/Library/Android/sdk/ndk/21.3.6528147/toolchains/llvm/prebuilt/darwin-x86_64 --sysroot=/Users/qkdreyer/Library/Android/sdk/ndk/21.3.6528147/toolchains/llvm/prebuilt/darwin-x86_64/sysroot   -g -DANDROID -fdata-sections -ffunction-sections -funwind-tables -fstack-protector-strong -no-canonical-prefixes -mstackrealign -D_FORTIFY_SOURCE=2 -Wformat -Werror=format-security  -idirafter /Users/qkdreyer/Dev/heaps-android/sdl2/src/video/khronos -DHAVE_PTHREAD_NP_H -fPIE -o CMakeFiles/cmTC_27adc.dir/src.c.o   -c src.c
src.c:3:20: fatal error: 'pthread_np.h' file not found
          #include <pthread_np.h>
                   ^~~~~~~~~~~~~~
1 error generated.
ninja: build stopped: subcommand failed.

Source file was:

          #include <pthread.h>
          #include <pthread_np.h>
          int main(int argc, char** argv) { return 0; }
Determining if the function pthread_set_name_np exists failed with the following output:
Change Dir: /Users/qkdreyer/Dev/heaps-android/heaps-android-app/heapsapp/.externalNativeBuild/cmake/debug/x86/CMakeFiles/CMakeTmp

Run Build Command:"/Users/qkdreyer/Library/Android/sdk/cmake/3.10.2.4988404/bin/ninja" "cmTC_bc70b"
[1/2] Building C object CMakeFiles/cmTC_bc70b.dir/CheckFunctionExists.c.o
[2/2] Linking C executable cmTC_bc70b
FAILED: cmTC_bc70b 
: && /Users/qkdreyer/Library/Android/sdk/ndk/21.3.6528147/toolchains/llvm/prebuilt/darwin-x86_64/bin/clang --target=i686-none-linux-android19 --gcc-toolchain=/Users/qkdreyer/Library/Android/sdk/ndk/21.3.6528147/toolchains/llvm/prebuilt/darwin-x86_64 --sysroot=/Users/qkdreyer/Library/Android/sdk/ndk/21.3.6528147/toolchains/llvm/prebuilt/darwin-x86_64/sysroot -g -DANDROID -fdata-sections -ffunction-sections -funwind-tables -fstack-protector-strong -no-canonical-prefixes -mstackrealign -D_FORTIFY_SOURCE=2 -Wformat -Werror=format-security  -idirafter /Users/qkdreyer/Dev/heaps-android/sdl2/src/video/khronos -DCHECK_FUNCTION_EXISTS=pthread_set_name_np  -Wl,--exclude-libs,libgcc.a -Wl,--exclude-libs,libgcc_real.a -Wl,--exclude-libs,libatomic.a -static-libstdc++ -Wl,--build-id -Wl,--fatal-warnings -Wl,--no-undefined -Qunused-arguments -Wl,--gc-sections CMakeFiles/cmTC_bc70b.dir/CheckFunctionExists.c.o  -o cmTC_bc70b  -latomic -lm && :
/Users/qkdreyer/Library/Android/sdk/cmake/3.10.2.4988404/share/cmake-3.10/Modules/CheckFunctionExists.c:17: error: undefined reference to 'pthread_set_name_np'
clang: error: linker command failed with exit code 1 (use -v to see invocation)
ninja: build stopped: subcommand failed.


Determining if the include file intrin.h exists failed with the following output:
Change Dir: /Users/qkdreyer/Dev/heaps-android/heaps-android-app/heapsapp/.externalNativeBuild/cmake/debug/x86/CMakeFiles/CMakeTmp

Run Build Command:"/Users/qkdreyer/Library/Android/sdk/cmake/3.10.2.4988404/bin/ninja" "cmTC_710f0"
[1/2] Building C object CMakeFiles/cmTC_710f0.dir/CheckIncludeFile.c.o
FAILED: CMakeFiles/cmTC_710f0.dir/CheckIncludeFile.c.o 
/Users/qkdreyer/Library/Android/sdk/ndk/21.3.6528147/toolchains/llvm/prebuilt/darwin-x86_64/bin/clang --target=i686-none-linux-android19 --gcc-toolchain=/Users/qkdreyer/Library/Android/sdk/ndk/21.3.6528147/toolchains/llvm/prebuilt/darwin-x86_64 --sysroot=/Users/qkdreyer/Library/Android/sdk/ndk/21.3.6528147/toolchains/llvm/prebuilt/darwin-x86_64/sysroot   -std=c11 -g -DANDROID -fdata-sections -ffunction-sections -funwind-tables -fstack-protector-strong -no-canonical-prefixes -mstackrealign -D_FORTIFY_SOURCE=2 -Wformat -Werror=format-security   -D_FILE_OFFSET_BITS=64 -D_LARGEFILE_SOURCE -D_LARGE_FILES -fPIE -o CMakeFiles/cmTC_710f0.dir/CheckIncludeFile.c.o   -c CheckIncludeFile.c
In file included from CheckIncludeFile.c:1:
/Users/qkdreyer/Library/Android/sdk/ndk/21.3.6528147/toolchains/llvm/prebuilt/darwin-x86_64/lib64/clang/9.0.8/include/intrin.h:12:15: fatal error: 'intrin.h' file not found
#include_next <intrin.h>
              ^~~~~~~~~~
1 error generated.
ninja: build stopped: subcommand failed.


Determining if the include file ieeefp.h exists failed with the following output:
Change Dir: /Users/qkdreyer/Dev/heaps-android/heaps-android-app/heapsapp/.externalNativeBuild/cmake/debug/x86/CMakeFiles/CMakeTmp

Run Build Command:"/Users/qkdreyer/Library/Android/sdk/cmake/3.10.2.4988404/bin/ninja" "cmTC_07ee3"
[1/2] Building C object CMakeFiles/cmTC_07ee3.dir/CheckIncludeFile.c.o
FAILED: CMakeFiles/cmTC_07ee3.dir/CheckIncludeFile.c.o 
/Users/qkdreyer/Library/Android/sdk/ndk/21.3.6528147/toolchains/llvm/prebuilt/darwin-x86_64/bin/clang --target=i686-none-linux-android19 --gcc-toolchain=/Users/qkdreyer/Library/Android/sdk/ndk/21.3.6528147/toolchains/llvm/prebuilt/darwin-x86_64 --sysroot=/Users/qkdreyer/Library/Android/sdk/ndk/21.3.6528147/toolchains/llvm/prebuilt/darwin-x86_64/sysroot   -std=c11 -g -DANDROID -fdata-sections -ffunction-sections -funwind-tables -fstack-protector-strong -no-canonical-prefixes -mstackrealign -D_FORTIFY_SOURCE=2 -Wformat -Werror=format-security   -D_FILE_OFFSET_BITS=64 -D_LARGEFILE_SOURCE -D_LARGE_FILES -fPIE -o CMakeFiles/cmTC_07ee3.dir/CheckIncludeFile.c.o   -c CheckIncludeFile.c
CheckIncludeFile.c:1:10: fatal error: 'ieeefp.h' file not found
#include <ieeefp.h>
         ^~~~~~~~~~
1 error generated.
ninja: build stopped: subcommand failed.


Determining if the include file guiddef.h exists failed with the following output:
Change Dir: /Users/qkdreyer/Dev/heaps-android/heaps-android-app/heapsapp/.externalNativeBuild/cmake/debug/x86/CMakeFiles/CMakeTmp

Run Build Command:"/Users/qkdreyer/Library/Android/sdk/cmake/3.10.2.4988404/bin/ninja" "cmTC_3f0cc"
[1/2] Building C object CMakeFiles/cmTC_3f0cc.dir/CheckIncludeFile.c.o
FAILED: CMakeFiles/cmTC_3f0cc.dir/CheckIncludeFile.c.o 
/Users/qkdreyer/Library/Android/sdk/ndk/21.3.6528147/toolchains/llvm/prebuilt/darwin-x86_64/bin/clang --target=i686-none-linux-android19 --gcc-toolchain=/Users/qkdreyer/Library/Android/sdk/ndk/21.3.6528147/toolchains/llvm/prebuilt/darwin-x86_64 --sysroot=/Users/qkdreyer/Library/Android/sdk/ndk/21.3.6528147/toolchains/llvm/prebuilt/darwin-x86_64/sysroot   -std=c11 -g -DANDROID -fdata-sections -ffunction-sections -funwind-tables -fstack-protector-strong -no-canonical-prefixes -mstackrealign -D_FORTIFY_SOURCE=2 -Wformat -Werror=format-security   -D_FILE_OFFSET_BITS=64 -D_LARGEFILE_SOURCE -D_LARGE_FILES -fPIE -o CMakeFiles/cmTC_3f0cc.dir/CheckIncludeFile.c.o   -c CheckIncludeFile.c
CheckIncludeFile.c:1:10: fatal error: 'guiddef.h' file not found
#include <guiddef.h>
         ^~~~~~~~~~~
1 error generated.
ninja: build stopped: subcommand failed.


Determining if the include file initguid.h exists failed with the following output:
Change Dir: /Users/qkdreyer/Dev/heaps-android/heaps-android-app/heapsapp/.externalNativeBuild/cmake/debug/x86/CMakeFiles/CMakeTmp

Run Build Command:"/Users/qkdreyer/Library/Android/sdk/cmake/3.10.2.4988404/bin/ninja" "cmTC_02a1b"
[1/2] Building C object CMakeFiles/cmTC_02a1b.dir/CheckIncludeFile.c.o
FAILED: CMakeFiles/cmTC_02a1b.dir/CheckIncludeFile.c.o 
/Users/qkdreyer/Library/Android/sdk/ndk/21.3.6528147/toolchains/llvm/prebuilt/darwin-x86_64/bin/clang --target=i686-none-linux-android19 --gcc-toolchain=/Users/qkdreyer/Library/Android/sdk/ndk/21.3.6528147/toolchains/llvm/prebuilt/darwin-x86_64 --sysroot=/Users/qkdreyer/Library/Android/sdk/ndk/21.3.6528147/toolchains/llvm/prebuilt/darwin-x86_64/sysroot   -std=c11 -g -DANDROID -fdata-sections -ffunction-sections -funwind-tables -fstack-protector-strong -no-canonical-prefixes -mstackrealign -D_FORTIFY_SOURCE=2 -Wformat -Werror=format-security   -D_FILE_OFFSET_BITS=64 -D_LARGEFILE_SOURCE -D_LARGE_FILES -fPIE -o CMakeFiles/cmTC_02a1b.dir/CheckIncludeFile.c.o   -c CheckIncludeFile.c
CheckIncludeFile.c:1:10: fatal error: 'initguid.h' file not found
#include <initguid.h>
         ^~~~~~~~~~~~
1 error generated.
ninja: build stopped: subcommand failed.


Determining if the aligned_alloc exist failed with the following output:
Change Dir: /Users/qkdreyer/Dev/heaps-android/heaps-android-app/heapsapp/.externalNativeBuild/cmake/debug/x86/CMakeFiles/CMakeTmp

Run Build Command:"/Users/qkdreyer/Library/Android/sdk/cmake/3.10.2.4988404/bin/ninja" "cmTC_f276d"
[1/2] Building C object CMakeFiles/cmTC_f276d.dir/CheckSymbolExists.c.o
FAILED: CMakeFiles/cmTC_f276d.dir/CheckSymbolExists.c.o 
/Users/qkdreyer/Library/Android/sdk/ndk/21.3.6528147/toolchains/llvm/prebuilt/darwin-x86_64/bin/clang --target=i686-none-linux-android19 --gcc-toolchain=/Users/qkdreyer/Library/Android/sdk/ndk/21.3.6528147/toolchains/llvm/prebuilt/darwin-x86_64 --sysroot=/Users/qkdreyer/Library/Android/sdk/ndk/21.3.6528147/toolchains/llvm/prebuilt/darwin-x86_64/sysroot   -std=c11 -g -DANDROID -fdata-sections -ffunction-sections -funwind-tables -fstack-protector-strong -no-canonical-prefixes -mstackrealign -D_FORTIFY_SOURCE=2 -Wformat -Werror=format-security   -D_FILE_OFFSET_BITS=64 -D_LARGEFILE_SOURCE -D_LARGE_FILES -fPIE -o CMakeFiles/cmTC_f276d.dir/CheckSymbolExists.c.o   -c CheckSymbolExists.c
CheckSymbolExists.c:8:19: error: use of undeclared identifier 'aligned_alloc'
  return ((int*)(&aligned_alloc))[argc];
                  ^
1 error generated.
ninja: build stopped: subcommand failed.

File /Users/qkdreyer/Dev/heaps-android/heaps-android-app/heapsapp/.externalNativeBuild/cmake/debug/x86/CMakeFiles/CMakeTmp/CheckSymbolExists.c:
/* */
#include <stdlib.h>

int main(int argc, char** argv)
{
  (void)argv;
#ifndef aligned_alloc
  return ((int*)(&aligned_alloc))[argc];
#else
  (void)argc;
  return 0;
#endif
}

Determining if the _aligned_malloc exist failed with the following output:
Change Dir: /Users/qkdreyer/Dev/heaps-android/heaps-android-app/heapsapp/.externalNativeBuild/cmake/debug/x86/CMakeFiles/CMakeTmp

Run Build Command:"/Users/qkdreyer/Library/Android/sdk/cmake/3.10.2.4988404/bin/ninja" "cmTC_00581"
[1/2] Building C object CMakeFiles/cmTC_00581.dir/CheckSymbolExists.c.o
FAILED: CMakeFiles/cmTC_00581.dir/CheckSymbolExists.c.o 
/Users/qkdreyer/Library/Android/sdk/ndk/21.3.6528147/toolchains/llvm/prebuilt/darwin-x86_64/bin/clang --target=i686-none-linux-android19 --gcc-toolchain=/Users/qkdreyer/Library/Android/sdk/ndk/21.3.6528147/toolchains/llvm/prebuilt/darwin-x86_64 --sysroot=/Users/qkdreyer/Library/Android/sdk/ndk/21.3.6528147/toolchains/llvm/prebuilt/darwin-x86_64/sysroot   -std=c11 -g -DANDROID -fdata-sections -ffunction-sections -funwind-tables -fstack-protector-strong -no-canonical-prefixes -mstackrealign -D_FORTIFY_SOURCE=2 -Wformat -Werror=format-security   -D_FILE_OFFSET_BITS=64 -D_LARGEFILE_SOURCE -D_LARGE_FILES -fPIE -o CMakeFiles/cmTC_00581.dir/CheckSymbolExists.c.o   -c CheckSymbolExists.c
CheckSymbolExists.c:8:19: error: use of undeclared identifier '_aligned_malloc'
  return ((int*)(&_aligned_malloc))[argc];
                  ^
1 error generated.
ninja: build stopped: subcommand failed.

File /Users/qkdreyer/Dev/heaps-android/heaps-android-app/heapsapp/.externalNativeBuild/cmake/debug/x86/CMakeFiles/CMakeTmp/CheckSymbolExists.c:
/* */
#include <malloc.h>

int main(int argc, char** argv)
{
  (void)argv;
#ifndef _aligned_malloc
  return ((int*)(&_aligned_malloc))[argc];
#else
  (void)argc;
  return 0;
#endif
}

Determining if the proc_pidpath exist failed with the following output:
Change Dir: /Users/qkdreyer/Dev/heaps-android/heaps-android-app/heapsapp/.externalNativeBuild/cmake/debug/x86/CMakeFiles/CMakeTmp

Run Build Command:"/Users/qkdreyer/Library/Android/sdk/cmake/3.10.2.4988404/bin/ninja" "cmTC_0934f"
[1/2] Building C object CMakeFiles/cmTC_0934f.dir/CheckSymbolExists.c.o
FAILED: CMakeFiles/cmTC_0934f.dir/CheckSymbolExists.c.o 
/Users/qkdreyer/Library/Android/sdk/ndk/21.3.6528147/toolchains/llvm/prebuilt/darwin-x86_64/bin/clang --target=i686-none-linux-android19 --gcc-toolchain=/Users/qkdreyer/Library/Android/sdk/ndk/21.3.6528147/toolchains/llvm/prebuilt/darwin-x86_64 --sysroot=/Users/qkdreyer/Library/Android/sdk/ndk/21.3.6528147/toolchains/llvm/prebuilt/darwin-x86_64/sysroot   -std=c11 -g -DANDROID -fdata-sections -ffunction-sections -funwind-tables -fstack-protector-strong -no-canonical-prefixes -mstackrealign -D_FORTIFY_SOURCE=2 -Wformat -Werror=format-security   -D_FILE_OFFSET_BITS=64 -D_LARGEFILE_SOURCE -D_LARGE_FILES -fPIE -o CMakeFiles/cmTC_0934f.dir/CheckSymbolExists.c.o   -c CheckSymbolExists.c
CheckSymbolExists.c:2:10: fatal error: 'libproc.h' file not found
#include <libproc.h>
         ^~~~~~~~~~~
1 error generated.
ninja: build stopped: subcommand failed.

File /Users/qkdreyer/Dev/heaps-android/heaps-android-app/heapsapp/.externalNativeBuild/cmake/debug/x86/CMakeFiles/CMakeTmp/CheckSymbolExists.c:
/* */
#include <libproc.h>

int main(int argc, char** argv)
{
  (void)argv;
#ifndef proc_pidpath
  return ((int*)(&proc_pidpath))[argc];
#else
  (void)argc;
  return 0;
#endif
}

Determining if the _controlfp exist failed with the following output:
Change Dir: /Users/qkdreyer/Dev/heaps-android/heaps-android-app/heapsapp/.externalNativeBuild/cmake/debug/x86/CMakeFiles/CMakeTmp

Run Build Command:"/Users/qkdreyer/Library/Android/sdk/cmake/3.10.2.4988404/bin/ninja" "cmTC_2e671"
[1/2] Building C object CMakeFiles/cmTC_2e671.dir/CheckSymbolExists.c.o
FAILED: CMakeFiles/cmTC_2e671.dir/CheckSymbolExists.c.o 
/Users/qkdreyer/Library/Android/sdk/ndk/21.3.6528147/toolchains/llvm/prebuilt/darwin-x86_64/bin/clang --target=i686-none-linux-android19 --gcc-toolchain=/Users/qkdreyer/Library/Android/sdk/ndk/21.3.6528147/toolchains/llvm/prebuilt/darwin-x86_64 --sysroot=/Users/qkdreyer/Library/Android/sdk/ndk/21.3.6528147/toolchains/llvm/prebuilt/darwin-x86_64/sysroot   -std=c11 -g -DANDROID -fdata-sections -ffunction-sections -funwind-tables -fstack-protector-strong -no-canonical-prefixes -mstackrealign -D_FORTIFY_SOURCE=2 -Wformat -Werror=format-security   -D_FILE_OFFSET_BITS=64 -D_LARGEFILE_SOURCE -D_LARGE_FILES -fPIE -o CMakeFiles/cmTC_2e671.dir/CheckSymbolExists.c.o   -c CheckSymbolExists.c
CheckSymbolExists.c:8:19: error: use of undeclared identifier '_controlfp'
  return ((int*)(&_controlfp))[argc];
                  ^
1 error generated.
ninja: build stopped: subcommand failed.

File /Users/qkdreyer/Dev/heaps-android/heaps-android-app/heapsapp/.externalNativeBuild/cmake/debug/x86/CMakeFiles/CMakeTmp/CheckSymbolExists.c:
/* */
#include <float.h>

int main(int argc, char** argv)
{
  (void)argv;
#ifndef _controlfp
  return ((int*)(&_controlfp))[argc];
#else
  (void)argc;
  return 0;
#endif
}

Determining if the __control87_2 exist failed with the following output:
Change Dir: /Users/qkdreyer/Dev/heaps-android/heaps-android-app/heapsapp/.externalNativeBuild/cmake/debug/x86/CMakeFiles/CMakeTmp

Run Build Command:"/Users/qkdreyer/Library/Android/sdk/cmake/3.10.2.4988404/bin/ninja" "cmTC_be374"
[1/2] Building C object CMakeFiles/cmTC_be374.dir/CheckSymbolExists.c.o
FAILED: CMakeFiles/cmTC_be374.dir/CheckSymbolExists.c.o 
/Users/qkdreyer/Library/Android/sdk/ndk/21.3.6528147/toolchains/llvm/prebuilt/darwin-x86_64/bin/clang --target=i686-none-linux-android19 --gcc-toolchain=/Users/qkdreyer/Library/Android/sdk/ndk/21.3.6528147/toolchains/llvm/prebuilt/darwin-x86_64 --sysroot=/Users/qkdreyer/Library/Android/sdk/ndk/21.3.6528147/toolchains/llvm/prebuilt/darwin-x86_64/sysroot   -std=c11 -g -DANDROID -fdata-sections -ffunction-sections -funwind-tables -fstack-protector-strong -no-canonical-prefixes -mstackrealign -D_FORTIFY_SOURCE=2 -Wformat -Werror=format-security   -D_FILE_OFFSET_BITS=64 -D_LARGEFILE_SOURCE -D_LARGE_FILES -fPIE -o CMakeFiles/cmTC_be374.dir/CheckSymbolExists.c.o   -c CheckSymbolExists.c
CheckSymbolExists.c:8:19: error: use of undeclared identifier '__control87_2'
  return ((int*)(&__control87_2))[argc];
                  ^
1 error generated.
ninja: build stopped: subcommand failed.

File /Users/qkdreyer/Dev/heaps-android/heaps-android-app/heapsapp/.externalNativeBuild/cmake/debug/x86/CMakeFiles/CMakeTmp/CheckSymbolExists.c:
/* */
#include <float.h>

int main(int argc, char** argv)
{
  (void)argv;
#ifndef __control87_2
  return ((int*)(&__control87_2))[argc];
#else
  (void)argc;
  return 0;
#endif
}

Determining if the function strtof exists failed with the following output:
Change Dir: /Users/qkdreyer/Dev/heaps-android/heaps-android-app/heapsapp/.externalNativeBuild/cmake/debug/x86/CMakeFiles/CMakeTmp

Run Build Command:"/Users/qkdreyer/Library/Android/sdk/cmake/3.10.2.4988404/bin/ninja" "cmTC_a1bb9"
[1/2] Building C object CMakeFiles/cmTC_a1bb9.dir/CheckFunctionExists.c.o
/Users/qkdreyer/Library/Android/sdk/cmake/3.10.2.4988404/share/cmake-3.10/Modules/CheckFunctionExists.c:7:3: warning: incompatible redeclaration of library function 'strtof' [-Wincompatible-library-redeclaration]
  CHECK_FUNCTION_EXISTS(void);
  ^
<command line>:3:31: note: expanded from here
#define CHECK_FUNCTION_EXISTS strtof
                              ^
/Users/qkdreyer/Library/Android/sdk/cmake/3.10.2.4988404/share/cmake-3.10/Modules/CheckFunctionExists.c:7:3: note: 'strtof' is a builtin with type 'float (const char *, char **)'
<command line>:3:31: note: expanded from here
#define CHECK_FUNCTION_EXISTS strtof
                              ^
1 warning generated.
[2/2] Linking C executable cmTC_a1bb9
FAILED: cmTC_a1bb9 
: && /Users/qkdreyer/Library/Android/sdk/ndk/21.3.6528147/toolchains/llvm/prebuilt/darwin-x86_64/bin/clang --target=i686-none-linux-android19 --gcc-toolchain=/Users/qkdreyer/Library/Android/sdk/ndk/21.3.6528147/toolchains/llvm/prebuilt/darwin-x86_64 --sysroot=/Users/qkdreyer/Library/Android/sdk/ndk/21.3.6528147/toolchains/llvm/prebuilt/darwin-x86_64/sysroot -std=c11 -g -DANDROID -fdata-sections -ffunction-sections -funwind-tables -fstack-protector-strong -no-canonical-prefixes -mstackrealign -D_FORTIFY_SOURCE=2 -Wformat -Werror=format-security  -DCHECK_FUNCTION_EXISTS=strtof  -D_FILE_OFFSET_BITS=64 -D_LARGEFILE_SOURCE -D_LARGE_FILES  -Wl,--exclude-libs,libgcc.a -Wl,--exclude-libs,libgcc_real.a -Wl,--exclude-libs,libatomic.a -static-libstdc++ -Wl,--build-id -Wl,--fatal-warnings -Wl,--no-undefined -Qunused-arguments -Wl,--gc-sections CMakeFiles/cmTC_a1bb9.dir/CheckFunctionExists.c.o  -o cmTC_a1bb9  -latomic -llog -lm -ldl -latomic -lm && :
/Users/qkdreyer/Library/Android/sdk/cmake/3.10.2.4988404/share/cmake-3.10/Modules/CheckFunctionExists.c:17: error: undefined reference to 'strtof'
clang: error: linker command failed with exit code 1 (use -v to see invocation)
ninja: build stopped: subcommand failed.


Determining if the include file windows.h exists failed with the following output:
Change Dir: /Users/qkdreyer/Dev/heaps-android/heaps-android-app/heapsapp/.externalNativeBuild/cmake/debug/x86/CMakeFiles/CMakeTmp

Run Build Command:"/Users/qkdreyer/Library/Android/sdk/cmake/3.10.2.4988404/bin/ninja" "cmTC_f39ae"
[1/2] Building C object CMakeFiles/cmTC_f39ae.dir/CheckIncludeFile.c.o
FAILED: CMakeFiles/cmTC_f39ae.dir/CheckIncludeFile.c.o 
/Users/qkdreyer/Library/Android/sdk/ndk/21.3.6528147/toolchains/llvm/prebuilt/darwin-x86_64/bin/clang --target=i686-none-linux-android19 --gcc-toolchain=/Users/qkdreyer/Library/Android/sdk/ndk/21.3.6528147/toolchains/llvm/prebuilt/darwin-x86_64 --sysroot=/Users/qkdreyer/Library/Android/sdk/ndk/21.3.6528147/toolchains/llvm/prebuilt/darwin-x86_64/sysroot -D_WIN32_WINNT=0x0502  -std=c11 -g -DANDROID -fdata-sections -ffunction-sections -funwind-tables -fstack-protector-strong -no-canonical-prefixes -mstackrealign -D_FORTIFY_SOURCE=2 -Wformat -Werror=format-security   -D_FILE_OFFSET_BITS=64 -D_LARGEFILE_SOURCE -D_LARGE_FILES -fPIE -o CMakeFiles/cmTC_f39ae.dir/CheckIncludeFile.c.o   -c CheckIncludeFile.c
CheckIncludeFile.c:1:10: fatal error: 'windows.h' file not found
#include <windows.h>
         ^~~~~~~~~~~
1 error generated.
ninja: build stopped: subcommand failed.


Determining if the function pthread_create exists in the pthread failed with the following output:
Change Dir: /Users/qkdreyer/Dev/heaps-android/heaps-android-app/heapsapp/.externalNativeBuild/cmake/debug/x86/CMakeFiles/CMakeTmp

Run Build Command:"/Users/qkdreyer/Library/Android/sdk/cmake/3.10.2.4988404/bin/ninja" "cmTC_627ed"
[1/2] Building C object CMakeFiles/cmTC_627ed.dir/CheckFunctionExists.c.o
[2/2] Linking C executable cmTC_627ed
FAILED: cmTC_627ed 
: && /Users/qkdreyer/Library/Android/sdk/ndk/21.3.6528147/toolchains/llvm/prebuilt/darwin-x86_64/bin/clang --target=i686-none-linux-android19 --gcc-toolchain=/Users/qkdreyer/Library/Android/sdk/ndk/21.3.6528147/toolchains/llvm/prebuilt/darwin-x86_64 --sysroot=/Users/qkdreyer/Library/Android/sdk/ndk/21.3.6528147/toolchains/llvm/prebuilt/darwin-x86_64/sysroot -std=c11 -g -DANDROID -fdata-sections -ffunction-sections -funwind-tables -fstack-protector-strong -no-canonical-prefixes -mstackrealign -D_FORTIFY_SOURCE=2 -Wformat -Werror=format-security  -DCHECK_FUNCTION_EXISTS=pthread_create  -D_FILE_OFFSET_BITS=64 -D_LARGEFILE_SOURCE -D_LARGE_FILES -pthread  -Wl,--exclude-libs,libgcc.a -Wl,--exclude-libs,libgcc_real.a -Wl,--exclude-libs,libatomic.a -static-libstdc++ -Wl,--build-id -Wl,--fatal-warnings -Wl,--no-undefined -Qunused-arguments -Wl,--gc-sections CMakeFiles/cmTC_627ed.dir/CheckFunctionExists.c.o  -o cmTC_627ed  -lpthread -latomic -llog -lm -ldl -latomic -lm && :
/Users/qkdreyer/Library/Android/sdk/ndk/21.3.6528147/toolchains/llvm/prebuilt/darwin-x86_64/lib/gcc/i686-linux-android/4.9.x/../../../../i686-linux-android/bin/ld: error: cannot find -lpthread
clang: error: linker command failed with exit code 1 (use -v to see invocation)
ninja: build stopped: subcommand failed.


Performing C SOURCE FILE Test PTHREAD_SETNAME_NP_ONE_PARAM failed with the following output:
Change Dir: /Users/qkdreyer/Dev/heaps-android/heaps-android-app/heapsapp/.externalNativeBuild/cmake/debug/x86/CMakeFiles/CMakeTmp

Run Build Command:"/Users/qkdreyer/Library/Android/sdk/cmake/3.10.2.4988404/bin/ninja" "cmTC_33cd6"
[1/2] Building C object CMakeFiles/cmTC_33cd6.dir/src.c.o
FAILED: CMakeFiles/cmTC_33cd6.dir/src.c.o 
/Users/qkdreyer/Library/Android/sdk/ndk/21.3.6528147/toolchains/llvm/prebuilt/darwin-x86_64/bin/clang --target=i686-none-linux-android19 --gcc-toolchain=/Users/qkdreyer/Library/Android/sdk/ndk/21.3.6528147/toolchains/llvm/prebuilt/darwin-x86_64 --sysroot=/Users/qkdreyer/Library/Android/sdk/ndk/21.3.6528147/toolchains/llvm/prebuilt/darwin-x86_64/sysroot   -std=c11 -g -DANDROID -fdata-sections -ffunction-sections -funwind-tables -fstack-protector-strong -no-canonical-prefixes -mstackrealign -D_FORTIFY_SOURCE=2 -Wformat -Werror=format-security  -DPTHREAD_SETNAME_NP_ONE_PARAM  -D_FILE_OFFSET_BITS=64 -D_LARGEFILE_SOURCE -D_LARGE_FILES -pthread -fPIE -o CMakeFiles/cmTC_33cd6.dir/src.c.o   -c src.c
src.c:5:34: error: too few arguments to function call, expected 2, have 1
    pthread_setname_np("testname");
    ~~~~~~~~~~~~~~~~~~           ^
/Users/qkdreyer/Library/Android/sdk/ndk/21.3.6528147/toolchains/llvm/prebuilt/darwin-x86_64/sysroot/usr/include/pthread.h:352:1: note: 'pthread_setname_np' declared here
int pthread_setname_np(pthread_t __pthread, const char* __name);
^
1 error generated.
ninja: build stopped: subcommand failed.

Source file was:

#include <pthread.h>
int main()
{
    pthread_setname_np("testname");
    return 0;
}
Performing C SOURCE FILE Test PTHREAD_SETNAME_NP_THREE_PARAMS failed with the following output:
Change Dir: /Users/qkdreyer/Dev/heaps-android/heaps-android-app/heapsapp/.externalNativeBuild/cmake/debug/x86/CMakeFiles/CMakeTmp

Run Build Command:"/Users/qkdreyer/Library/Android/sdk/cmake/3.10.2.4988404/bin/ninja" "cmTC_66148"
[1/2] Building C object CMakeFiles/cmTC_66148.dir/src.c.o
FAILED: CMakeFiles/cmTC_66148.dir/src.c.o 
/Users/qkdreyer/Library/Android/sdk/ndk/21.3.6528147/toolchains/llvm/prebuilt/darwin-x86_64/bin/clang --target=i686-none-linux-android19 --gcc-toolchain=/Users/qkdreyer/Library/Android/sdk/ndk/21.3.6528147/toolchains/llvm/prebuilt/darwin-x86_64 --sysroot=/Users/qkdreyer/Library/Android/sdk/ndk/21.3.6528147/toolchains/llvm/prebuilt/darwin-x86_64/sysroot   -std=c11 -g -DANDROID -fdata-sections -ffunction-sections -funwind-tables -fstack-protector-strong -no-canonical-prefixes -mstackrealign -D_FORTIFY_SOURCE=2 -Wformat -Werror=format-security  -DPTHREAD_SETNAME_NP_THREE_PARAMS  -D_FILE_OFFSET_BITS=64 -D_LARGEFILE_SOURCE -D_LARGE_FILES -pthread -fPIE -o CMakeFiles/cmTC_66148.dir/src.c.o   -c src.c
src.c:5:46: error: too many arguments to function call, expected 2, have 3
    pthread_setname_np(pthread_self(), "%s", "testname");
    ~~~~~~~~~~~~~~~~~~                       ^~~~~~~~~~
/Users/qkdreyer/Library/Android/sdk/ndk/21.3.6528147/toolchains/llvm/prebuilt/darwin-x86_64/sysroot/usr/include/pthread.h:352:1: note: 'pthread_setname_np' declared here
int pthread_setname_np(pthread_t __pthread, const char* __name);
^
1 error generated.
ninja: build stopped: subcommand failed.

Source file was:

#include <pthread.h>
int main()
{
    pthread_setname_np(pthread_self(), "%s", "testname");
    return 0;
}
Determining if the pthread_mutexattr_setkind_np exist failed with the following output:
Change Dir: /Users/qkdreyer/Dev/heaps-android/heaps-android-app/heapsapp/.externalNativeBuild/cmake/debug/x86/CMakeFiles/CMakeTmp

Run Build Command:"/Users/qkdreyer/Library/Android/sdk/cmake/3.10.2.4988404/bin/ninja" "cmTC_d31a6"
[1/2] Building C object CMakeFiles/cmTC_d31a6.dir/CheckSymbolExists.c.o
FAILED: CMakeFiles/cmTC_d31a6.dir/CheckSymbolExists.c.o 
/Users/qkdreyer/Library/Android/sdk/ndk/21.3.6528147/toolchains/llvm/prebuilt/darwin-x86_64/bin/clang --target=i686-none-linux-android19 --gcc-toolchain=/Users/qkdreyer/Library/Android/sdk/ndk/21.3.6528147/toolchains/llvm/prebuilt/darwin-x86_64 --sysroot=/Users/qkdreyer/Library/Android/sdk/ndk/21.3.6528147/toolchains/llvm/prebuilt/darwin-x86_64/sysroot   -std=c11 -g -DANDROID -fdata-sections -ffunction-sections -funwind-tables -fstack-protector-strong -no-canonical-prefixes -mstackrealign -D_FORTIFY_SOURCE=2 -Wformat -Werror=format-security   -D_FILE_OFFSET_BITS=64 -D_LARGEFILE_SOURCE -D_LARGE_FILES -pthread -fPIE -o CMakeFiles/cmTC_d31a6.dir/CheckSymbolExists.c.o   -c CheckSymbolExists.c
CheckSymbolExists.c:8:19: error: use of undeclared identifier 'pthread_mutexattr_setkind_np'
  return ((int*)(&pthread_mutexattr_setkind_np))[argc];
                  ^
1 error generated.
ninja: build stopped: subcommand failed.

File /Users/qkdreyer/Dev/heaps-android/heaps-android-app/heapsapp/.externalNativeBuild/cmake/debug/x86/CMakeFiles/CMakeTmp/CheckSymbolExists.c:
/* */
#include <pthread.h>

int main(int argc, char** argv)
{
  (void)argv;
#ifndef pthread_mutexattr_setkind_np
  return ((int*)(&pthread_mutexattr_setkind_np))[argc];
#else
  (void)argc;
  return 0;
#endif
}

Determining if the pthread_mutex_timedlock exist failed with the following output:
Change Dir: /Users/qkdreyer/Dev/heaps-android/heaps-android-app/heapsapp/.externalNativeBuild/cmake/debug/x86/CMakeFiles/CMakeTmp

Run Build Command:"/Users/qkdreyer/Library/Android/sdk/cmake/3.10.2.4988404/bin/ninja" "cmTC_63e83"
[1/2] Building C object CMakeFiles/cmTC_63e83.dir/CheckSymbolExists.c.o
FAILED: CMakeFiles/cmTC_63e83.dir/CheckSymbolExists.c.o 
/Users/qkdreyer/Library/Android/sdk/ndk/21.3.6528147/toolchains/llvm/prebuilt/darwin-x86_64/bin/clang --target=i686-none-linux-android19 --gcc-toolchain=/Users/qkdreyer/Library/Android/sdk/ndk/21.3.6528147/toolchains/llvm/prebuilt/darwin-x86_64 --sysroot=/Users/qkdreyer/Library/Android/sdk/ndk/21.3.6528147/toolchains/llvm/prebuilt/darwin-x86_64/sysroot   -std=c11 -g -DANDROID -fdata-sections -ffunction-sections -funwind-tables -fstack-protector-strong -no-canonical-prefixes -mstackrealign -D_FORTIFY_SOURCE=2 -Wformat -Werror=format-security   -D_FILE_OFFSET_BITS=64 -D_LARGEFILE_SOURCE -D_LARGE_FILES -pthread -fPIE -o CMakeFiles/cmTC_63e83.dir/CheckSymbolExists.c.o   -c CheckSymbolExists.c
CheckSymbolExists.c:8:19: error: use of undeclared identifier 'pthread_mutex_timedlock'; did you mean 'pthread_mutex_trylock'?
  return ((int*)(&pthread_mutex_timedlock))[argc];
                  ^~~~~~~~~~~~~~~~~~~~~~~
                  pthread_mutex_trylock
/Users/qkdreyer/Library/Android/sdk/ndk/21.3.6528147/toolchains/llvm/prebuilt/darwin-x86_64/sysroot/usr/include/pthread.h:255:5: note: 'pthread_mutex_trylock' declared here
int pthread_mutex_trylock(pthread_mutex_t* __mutex);
    ^
1 error generated.
ninja: build stopped: subcommand failed.

File /Users/qkdreyer/Dev/heaps-android/heaps-android-app/heapsapp/.externalNativeBuild/cmake/debug/x86/CMakeFiles/CMakeTmp/CheckSymbolExists.c:
/* */
#include <pthread.h>

int main(int argc, char** argv)
{
  (void)argv;
#ifndef pthread_mutex_timedlock
  return ((int*)(&pthread_mutex_timedlock))[argc];
#else
  (void)argc;
  return 0;
#endif
}

Determining if the function clock_gettime exists in the rt failed with the following output:
Change Dir: /Users/qkdreyer/Dev/heaps-android/heaps-android-app/heapsapp/.externalNativeBuild/cmake/debug/x86/CMakeFiles/CMakeTmp

Run Build Command:"/Users/qkdreyer/Library/Android/sdk/cmake/3.10.2.4988404/bin/ninja" "cmTC_b598b"
[1/2] Building C object CMakeFiles/cmTC_b598b.dir/CheckFunctionExists.c.o
[2/2] Linking C executable cmTC_b598b
FAILED: cmTC_b598b 
: && /Users/qkdreyer/Library/Android/sdk/ndk/21.3.6528147/toolchains/llvm/prebuilt/darwin-x86_64/bin/clang --target=i686-none-linux-android19 --gcc-toolchain=/Users/qkdreyer/Library/Android/sdk/ndk/21.3.6528147/toolchains/llvm/prebuilt/darwin-x86_64 --sysroot=/Users/qkdreyer/Library/Android/sdk/ndk/21.3.6528147/toolchains/llvm/prebuilt/darwin-x86_64/sysroot -std=c11 -g -DANDROID -fdata-sections -ffunction-sections -funwind-tables -fstack-protector-strong -no-canonical-prefixes -mstackrealign -D_FORTIFY_SOURCE=2 -Wformat -Werror=format-security  -DCHECK_FUNCTION_EXISTS=clock_gettime  -D_FILE_OFFSET_BITS=64 -D_LARGEFILE_SOURCE -D_LARGE_FILES -pthread  -Wl,--exclude-libs,libgcc.a -Wl,--exclude-libs,libgcc_real.a -Wl,--exclude-libs,libatomic.a -static-libstdc++ -Wl,--build-id -Wl,--fatal-warnings -Wl,--no-undefined -Qunused-arguments -Wl,--gc-sections CMakeFiles/cmTC_b598b.dir/CheckFunctionExists.c.o  -o cmTC_b598b  -lrt -latomic -llog -lm -ldl -latomic -lm && :
/Users/qkdreyer/Library/Android/sdk/ndk/21.3.6528147/toolchains/llvm/prebuilt/darwin-x86_64/lib/gcc/i686-linux-android/4.9.x/../../../../i686-linux-android/bin/ld: error: cannot find -lrt
clang: error: linker command failed with exit code 1 (use -v to see invocation)
ninja: build stopped: subcommand failed.


Determining if the include file arm_neon.h exists failed with the following output:
Change Dir: /Users/qkdreyer/Dev/heaps-android/heaps-android-app/heapsapp/.externalNativeBuild/cmake/debug/x86/CMakeFiles/CMakeTmp

Run Build Command:"/Users/qkdreyer/Library/Android/sdk/cmake/3.10.2.4988404/bin/ninja" "cmTC_ee3f1"
[1/2] Building C object CMakeFiles/cmTC_ee3f1.dir/CheckIncludeFile.c.o
FAILED: CMakeFiles/cmTC_ee3f1.dir/CheckIncludeFile.c.o 
/Users/qkdreyer/Library/Android/sdk/ndk/21.3.6528147/toolchains/llvm/prebuilt/darwin-x86_64/bin/clang --target=i686-none-linux-android19 --gcc-toolchain=/Users/qkdreyer/Library/Android/sdk/ndk/21.3.6528147/toolchains/llvm/prebuilt/darwin-x86_64 --sysroot=/Users/qkdreyer/Library/Android/sdk/ndk/21.3.6528147/toolchains/llvm/prebuilt/darwin-x86_64/sysroot   -std=c11 -g -DANDROID -fdata-sections -ffunction-sections -funwind-tables -fstack-protector-strong -no-canonical-prefixes -mstackrealign -D_FORTIFY_SOURCE=2 -Wformat -Werror=format-security  -mfpu=neon  -D_FILE_OFFSET_BITS=64 -D_LARGEFILE_SOURCE -D_LARGE_FILES -pthread -fPIE -o CMakeFiles/cmTC_ee3f1.dir/CheckIncludeFile.c.o   -c CheckIncludeFile.c
clang: warning: argument unused during compilation: '-mfpu=neon' [-Wunused-command-line-argument]
In file included from CheckIncludeFile.c:1:
/Users/qkdreyer/Library/Android/sdk/ndk/21.3.6528147/toolchains/llvm/prebuilt/darwin-x86_64/lib64/clang/9.0.8/include/arm_neon.h:28:2: error: "NEON support not enabled"
#error "NEON support not enabled"
 ^
/Users/qkdreyer/Library/Android/sdk/ndk/21.3.6528147/toolchains/llvm/prebuilt/darwin-x86_64/lib64/clang/9.0.8/include/arm_neon.h:48:24: error: 'neon_vector_type' attribute is not supported for this target
typedef __attribute__((neon_vector_type(8))) int8_t int8x8_t;
                       ^
/Users/qkdreyer/Library/Android/sdk/ndk/21.3.6528147/toolchains/llvm/prebuilt/darwin-x86_64/lib64/clang/9.0.8/include/arm_neon.h:49:24: error: 'neon_vector_type' attribute is not supported for this target
typedef __attribute__((neon_vector_type(16))) int8_t int8x16_t;
                       ^
/Users/qkdreyer/Library/Android/sdk/ndk/21.3.6528147/toolchains/llvm/prebuilt/darwin-x86_64/lib64/clang/9.0.8/include/arm_neon.h:50:24: error: 'neon_vector_type' attribute is not supported for this target
typedef __attribute__((neon_vector_type(4))) int16_t int16x4_t;
                       ^
/Users/qkdreyer/Library/Android/sdk/ndk/21.3.6528147/toolchains/llvm/prebuilt/darwin-x86_64/lib64/clang/9.0.8/include/arm_neon.h:51:24: error: 'neon_vector_type' attribute is not supported for this target
typedef __attribute__((neon_vector_type(8))) int16_t int16x8_t;
                       ^
/Users/qkdreyer/Library/Android/sdk/ndk/21.3.6528147/toolchains/llvm/prebuilt/darwin-x86_64/lib64/clang/9.0.8/include/arm_neon.h:52:24: error: 'neon_vector_type' attribute is not supported for this target
typedef __attribute__((neon_vector_type(2))) int32_t int32x2_t;
                       ^
/Users/qkdreyer/Library/Android/sdk/ndk/21.3.6528147/toolchains/llvm/prebuilt/darwin-x86_64/lib64/clang/9.0.8/include/arm_neon.h:53:24: error: 'neon_vector_type' attribute is not supported for this target
typedef __attribute__((neon_vector_type(4))) int32_t int32x4_t;
                       ^
/Users/qkdreyer/Library/Android/sdk/ndk/21.3.6528147/toolchains/llvm/prebuilt/darwin-x86_64/lib64/clang/9.0.8/include/arm_neon.h:54:24: error: 'neon_vector_type' attribute is not supported for this target
typedef __attribute__((neon_vector_type(1))) int64_t int64x1_t;
                       ^
/Users/qkdreyer/Library/Android/sdk/ndk/21.3.6528147/toolchains/llvm/prebuilt/darwin-x86_64/lib64/clang/9.0.8/include/arm_neon.h:55:24: error: 'neon_vector_type' attribute is not supported for this target
typedef __attribute__((neon_vector_type(2))) int64_t int64x2_t;
                       ^
/Users/qkdreyer/Library/Android/sdk/ndk/21.3.6528147/toolchains/llvm/prebuilt/darwin-x86_64/lib64/clang/9.0.8/include/arm_neon.h:56:24: error: 'neon_vector_type' attribute is not supported for this target
typedef __attribute__((neon_vector_type(8))) uint8_t uint8x8_t;
                       ^
/Users/qkdreyer/Library/Android/sdk/ndk/21.3.6528147/toolchains/llvm/prebuilt/darwin-x86_64/lib64/clang/9.0.8/include/arm_neon.h:57:24: error: 'neon_vector_type' attribute is not supported for this target
typedef __attribute__((neon_vector_type(16))) uint8_t uint8x16_t;
                       ^
/Users/qkdreyer/Library/Android/sdk/ndk/21.3.6528147/toolchains/llvm/prebuilt/darwin-x86_64/lib64/clang/9.0.8/include/arm_neon.h:58:24: error: 'neon_vector_type' attribute is not supported for this target
typedef __attribute__((neon_vector_type(4))) uint16_t uint16x4_t;
                       ^
/Users/qkdreyer/Library/Android/sdk/ndk/21.3.6528147/toolchains/llvm/prebuilt/darwin-x86_64/lib64/clang/9.0.8/include/arm_neon.h:59:24: error: 'neon_vector_type' attribute is not supported for this target
typedef __attribute__((neon_vector_type(8))) uint16_t uint16x8_t;
                       ^
/Users/qkdreyer/Library/Android/sdk/ndk/21.3.6528147/toolchains/llvm/prebuilt/darwin-x86_64/lib64/clang/9.0.8/include/arm_neon.h:60:24: error: 'neon_vector_type' attribute is not supported for this target
typedef __attribute__((neon_vector_type(2))) uint32_t uint32x2_t;
                       ^
/Users/qkdreyer/Library/Android/sdk/ndk/21.3.6528147/toolchains/llvm/prebuilt/darwin-x86_64/lib64/clang/9.0.8/include/arm_neon.h:61:24: error: 'neon_vector_type' attribute is not supported for this target
typedef __attribute__((neon_vector_type(4))) uint32_t uint32x4_t;
                       ^
/Users/qkdreyer/Library/Android/sdk/ndk/21.3.6528147/toolchains/llvm/prebuilt/darwin-x86_64/lib64/clang/9.0.8/include/arm_neon.h:62:24: error: 'neon_vector_type' attribute is not supported for this target
typedef __attribute__((neon_vector_type(1))) uint64_t uint64x1_t;
                       ^
/Users/qkdreyer/Library/Android/sdk/ndk/21.3.6528147/toolchains/llvm/prebuilt/darwin-x86_64/lib64/clang/9.0.8/include/arm_neon.h:63:24: error: 'neon_vector_type' attribute is not supported for this target
typedef __attribute__((neon_vector_type(2))) uint64_t uint64x2_t;
                       ^
/Users/qkdreyer/Library/Android/sdk/ndk/21.3.6528147/toolchains/llvm/prebuilt/darwin-x86_64/lib64/clang/9.0.8/include/arm_neon.h:64:24: error: 'neon_vector_type' attribute is not supported for this target
typedef __attribute__((neon_vector_type(4))) float16_t float16x4_t;
                       ^
/Users/qkdreyer/Library/Android/sdk/ndk/21.3.6528147/toolchains/llvm/prebuilt/darwin-x86_64/lib64/clang/9.0.8/include/arm_neon.h:65:24: error: 'neon_vector_type' attribute is not supported for this target
typedef __attribute__((neon_vector_type(8))) float16_t float16x8_t;
                       ^
fatal error: too many errors emitted, stopping now [-ferror-limit=]
20 errors generated.
ninja: build stopped: subcommand failed.


